#
# There is insufficient memory for the Java Runtime Environment to continue.
# Native memory allocation (malloc) failed to allocate 32744 bytes for ChunkPool::allocate
# Possible reasons:
#   The system is out of physical RAM or swap space
#   The process is running with CompressedOops enabled, and the Java Heap may be blocking the growth of the native heap
# Possible solutions:
#   Reduce memory load on the system
#   Increase physical memory or swap space
#   Check if swap backing store is full
#   Decrease Java heap size (-Xmx/-Xms)
#   Decrease number of Java threads
#   Decrease Java thread stack sizes (-Xss)
#   Set larger code cache with -XX:ReservedCodeCacheSize=
#   JVM is running with Unscaled Compressed Oops mode in which the Java heap is
#     placed in the first 4GB address space. The Java Heap base address is the
#     maximum limit for the native heap growth. Please use -XX:HeapBaseMinAddress
#     to set the Java Heap base and to place the Java Heap above 4GB virtual address.
# This output file may be truncated or incomplete.
#
#  Out of Memory Error (./src/hotspot/share/memory/arena.cpp:81), pid=1560, tid=6660
#
# JRE version: OpenJDK Runtime Environment (11.0.12+7) (build 11.0.12+7-b1504.28-7817840)
# Java VM: OpenJDK 64-Bit Server VM (11.0.12+7-b1504.28-7817840, mixed mode, tiered, compressed oops, g1 gc, windows-amd64)
# No core dump will be written. Minidumps are not enabled by default on client versions of Windows
#

---------------  S U M M A R Y ------------

Command Line: --add-opens=java.base/java.util=ALL-UNNAMED --add-opens=java.base/java.lang=ALL-UNNAMED --add-opens=java.base/java.lang.invoke=ALL-UNNAMED --add-opens=java.base/java.util=ALL-UNNAMED --add-opens=java.prefs/java.util.prefs=ALL-UNNAMED --add-opens=java.prefs/java.util.prefs=ALL-UNNAMED --add-opens=java.base/java.nio.charset=ALL-UNNAMED --add-opens=java.base/java.net=ALL-UNNAMED --add-opens=java.base/java.util.concurrent.atomic=ALL-UNNAMED -Xmx1536m -Dfile.encoding=windows-1251 -Duser.country=RU -Duser.language=ru -Duser.variant org.gradle.launcher.daemon.bootstrap.GradleDaemon 7.3.3

Host: Intel(R) Core(TM) i3-7020U CPU @ 2.30GHz, 4 cores, 7G,  Windows 10 , 64 bit Build 19041 (10.0.19041.1889)
Time: Wed Oct  5 22:02:27 2022 Центральная Азия (зима) elapsed time: 35.395086 seconds (0d 0h 0m 35s)

---------------  T H R E A D  ---------------

Current thread (0x00000257aea9e800):  JavaThread "C2 CompilerThread0" daemon [_thread_in_native, id=6660, stack(0x000000b64d800000,0x000000b64d900000)]


Current CompileTask:
C2:  35395 15896 %     4       com.android.tools.r8.internal.xa::a @ 3091 (4216 bytes)

Stack: [0x000000b64d800000,0x000000b64d900000]
Native frames: (J=compiled Java code, j=interpreted, Vv=VM code, C=native code)
V  [jvm.dll+0x5fbcea]
V  [jvm.dll+0x731905]
V  [jvm.dll+0x732f1d]
V  [jvm.dll+0x7335d3]
V  [jvm.dll+0x247bf8]
V  [jvm.dll+0xc041b]
V  [jvm.dll+0xc06cc]
V  [jvm.dll+0xc02cc]
V  [jvm.dll+0x6282e0]
V  [jvm.dll+0x5db1fe]
V  [jvm.dll+0x65112a]
V  [jvm.dll+0x65061c]
V  [jvm.dll+0x19cfb0]
V  [jvm.dll+0x20070e]
V  [jvm.dll+0x1ff794]
V  [jvm.dll+0x18868c]
V  [jvm.dll+0x20e0d7]
V  [jvm.dll+0x20c901]
V  [jvm.dll+0x6f9b7f]
V  [jvm.dll+0x6f26a5]
V  [jvm.dll+0x5fabf6]
C  [ucrtbase.dll+0x21bb2]
C  [KERNEL32.DLL+0x17034]
C  [ntdll.dll+0x526a1]


---------------  P R O C E S S  ---------------

Threads class SMR info:
_java_thread_list=0x00000257b87ed1b0, length=87, elements={
0x0000025795a59000, 0x00000257aea76000, 0x00000257aea79800, 0x00000257aea96800,
0x00000257aea98800, 0x00000257aea99800, 0x00000257aea9e800, 0x00000257aeaa2800,
0x00000257af444000, 0x00000257af598800, 0x00000257af59d800, 0x00000257af59b000,
0x00000257af597800, 0x00000257af59e800, 0x00000257af59a000, 0x00000257af599800,
0x00000257af59c000, 0x00000257af59c800, 0x00000257b2479000, 0x00000257b247a000,
0x00000257b247c800, 0x00000257b247a800, 0x00000257b247d000, 0x00000257b1cc0800,
0x00000257b247b800, 0x00000257b247e000, 0x00000257b2478800, 0x00000257b2481800,
0x00000257b2483000, 0x00000257b2482000, 0x00000257b2480800, 0x00000257b247f000,
0x00000257b2485800, 0x00000257b247f800, 0x00000257b2e82000, 0x00000257b2e7f800,
0x00000257b2e83800, 0x00000257b2e84800, 0x00000257b2e82800, 0x00000257b2e85000,
0x00000257b2e86000, 0x00000257b2e80800, 0x00000257b2e88800, 0x00000257b2e8b800,
0x00000257b2e87000, 0x00000257b2e8c800, 0x00000257b2e8d800, 0x00000257b2e87800,
0x00000257b2e8e000, 0x00000257b2e89800, 0x00000257b2e8a000, 0x00000257b2e8b000,
0x00000257b4578800, 0x00000257b4573800, 0x00000257b4574800, 0x00000257b4573000,
0x00000257b457b000, 0x00000257b4579800, 0x00000257b4575800, 0x00000257b4577000,
0x00000257b4578000, 0x00000257b457a000, 0x00000257b457c000, 0x00000257b4576000,
0x00000257b457d800, 0x00000257b4580000, 0x00000257b4581000, 0x00000257b457c800,
0x00000257b4581800, 0x00000257b457e800, 0x00000257b457f000, 0x00000257b4896800,
0x00000257b489d000, 0x00000257b4897800, 0x00000257b489c000, 0x00000257b4899000,
0x00000257b489e000, 0x00000257b489b800, 0x00000257b4898000, 0x00000257b489e800,
0x00000257b489f800, 0x00000257b489a800, 0x00000257b489a000, 0x00000257b48a4800,
0x00000257b48a2800, 0x00000257b48a1000, 0x00000257b48a0800
}

Java Threads: ( => current thread )
  0x0000025795a59000 JavaThread "main" [_thread_blocked, id=10700, stack(0x000000b64cc00000,0x000000b64cd00000)]
  0x00000257aea76000 JavaThread "Reference Handler" daemon [_thread_blocked, id=10296, stack(0x000000b64d300000,0x000000b64d400000)]
  0x00000257aea79800 JavaThread "Finalizer" daemon [_thread_blocked, id=6028, stack(0x000000b64d400000,0x000000b64d500000)]
  0x00000257aea96800 JavaThread "Signal Dispatcher" daemon [_thread_blocked, id=12020, stack(0x000000b64d500000,0x000000b64d600000)]
  0x00000257aea98800 JavaThread "Attach Listener" daemon [_thread_blocked, id=10256, stack(0x000000b64d600000,0x000000b64d700000)]
  0x00000257aea99800 JavaThread "Service Thread" daemon [_thread_blocked, id=8008, stack(0x000000b64d700000,0x000000b64d800000)]
=>0x00000257aea9e800 JavaThread "C2 CompilerThread0" daemon [_thread_in_native, id=6660, stack(0x000000b64d800000,0x000000b64d900000)]
  0x00000257aeaa2800 JavaThread "C1 CompilerThread0" daemon [_thread_in_native, id=2092, stack(0x000000b64d900000,0x000000b64da00000)]
  0x00000257af444000 JavaThread "Sweeper thread" daemon [_thread_blocked, id=2228, stack(0x000000b64da00000,0x000000b64db00000)]
  0x00000257af598800 JavaThread "Common-Cleaner" daemon [_thread_blocked, id=7504, stack(0x000000b64db00000,0x000000b64dc00000)]
  0x00000257af59d800 JavaThread "Daemon health stats" [_thread_blocked, id=7676, stack(0x000000b64e000000,0x000000b64e100000)]
  0x00000257af59b000 JavaThread "Incoming local TCP Connector on port 64960" [_thread_in_native, id=1076, stack(0x000000b64dd00000,0x000000b64de00000)]
  0x00000257af597800 JavaThread "Daemon periodic checks" [_thread_blocked, id=1740, stack(0x000000b64e100000,0x000000b64e200000)]
  0x00000257af59e800 JavaThread "Daemon" [_thread_blocked, id=6080, stack(0x000000b64e200000,0x000000b64e300000)]
  0x00000257af59a000 JavaThread "Handler for socket connection from /127.0.0.1:64960 to /127.0.0.1:64961" [_thread_in_native, id=2728, stack(0x000000b64e300000,0x000000b64e400000)]
  0x00000257af599800 JavaThread "Cancel handler" [_thread_blocked, id=10356, stack(0x000000b64e400000,0x000000b64e500000)]
  0x00000257af59c000 JavaThread "Daemon worker" [_thread_blocked, id=3344, stack(0x000000b64e500000,0x000000b64e600000)]
  0x00000257af59c800 JavaThread "Asynchronous log dispatcher for DefaultDaemonConnection: socket connection from /127.0.0.1:64960 to /127.0.0.1:64961" [_thread_blocked, id=8080, stack(0x000000b64e600000,0x000000b64e700000)]
  0x00000257b2479000 JavaThread "Stdin handler" [_thread_blocked, id=5488, stack(0x000000b64e700000,0x000000b64e800000)]
  0x00000257b247a000 JavaThread "Daemon client event forwarder" [_thread_blocked, id=4336, stack(0x000000b64e800000,0x000000b64e900000)]
  0x00000257b247c800 JavaThread "Cache worker for journal cache (C:\Users\Sultan\.gradle\caches\journal-1)" [_thread_blocked, id=12200, stack(0x000000b64ea00000,0x000000b64eb00000)]
  0x00000257b247a800 JavaThread "File lock request listener" [_thread_in_native, id=788, stack(0x000000b64eb00000,0x000000b64ec00000)]
  0x00000257b247d000 JavaThread "Cache worker for file hash cache (C:\Users\Sultan\.gradle\caches\7.3.3\fileHashes)" [_thread_blocked, id=5928, stack(0x000000b64ec00000,0x000000b64ed00000)]
  0x00000257b1cc0800 JavaThread "C2 CompilerThread1" daemon [_thread_in_native, id=11716, stack(0x000000b64ed00000,0x000000b64ee00000)]
  0x00000257b247b800 JavaThread "Cache worker for file hash cache (F:\NeobisProjects\andfun-kotlin-android-trivia\.gradle\7.3.3\fileHashes)" [_thread_blocked, id=1444, stack(0x000000b64ee00000,0x000000b64ef00000)]
  0x00000257b247e000 JavaThread "File watcher server" daemon [_thread_in_native, id=5312, stack(0x000000b64ef00000,0x000000b64f000000)]
  0x00000257b2478800 JavaThread "File watcher consumer" daemon [_thread_blocked, id=8412, stack(0x000000b64f000000,0x000000b64f100000)]
  0x00000257b2481800 JavaThread "Cache worker for checksums cache (F:\NeobisProjects\andfun-kotlin-android-trivia\.gradle\7.3.3\checksums)" [_thread_blocked, id=10756, stack(0x000000b64f100000,0x000000b64f200000)]
  0x00000257b2483000 JavaThread "Cache worker for cache directory md-supplier (C:\Users\Sultan\.gradle\caches\7.3.3\md-supplier)" [_thread_blocked, id=7244, stack(0x000000b64f200000,0x000000b64f300000)]
  0x00000257b2482000 JavaThread "Cache worker for cache directory md-rule (C:\Users\Sultan\.gradle\caches\7.3.3\md-rule)" [_thread_blocked, id=9268, stack(0x000000b64f300000,0x000000b64f400000)]
  0x00000257b2480800 JavaThread "Cache worker for execution history cache (C:\Users\Sultan\.gradle\caches\7.3.3\executionHistory)" [_thread_blocked, id=10104, stack(0x000000b64f400000,0x000000b64f500000)]
  0x00000257b247f000 JavaThread "jar transforms" [_thread_blocked, id=6188, stack(0x000000b64f500000,0x000000b64f600000)]
  0x00000257b2485800 JavaThread "jar transforms Thread 2" [_thread_blocked, id=260, stack(0x000000b64f600000,0x000000b64f700000)]
  0x00000257b247f800 JavaThread "Cache worker for file content cache (C:\Users\Sultan\.gradle\caches\7.3.3\fileContent)" [_thread_blocked, id=11188, stack(0x000000b64f700000,0x000000b64f800000)]
  0x00000257b2e82000 JavaThread "Cache worker for dependencies-accessors (F:\NeobisProjects\andfun-kotlin-android-trivia\.gradle\7.3.3\dependencies-accessors)" [_thread_blocked, id=3984, stack(0x000000b64f800000,0x000000b64f900000)]
  0x00000257b2e7f800 JavaThread "jar transforms Thread 3" [_thread_blocked, id=10404, stack(0x000000b64f900000,0x000000b64fa00000)]
  0x00000257b2e83800 JavaThread "Cache worker for Build Output Cleanup Cache (F:\NeobisProjects\andfun-kotlin-android-trivia\.gradle\buildOutputCleanup)" [_thread_blocked, id=8796, stack(0x000000b64fa00000,0x000000b64fb00000)]
  0x00000257b2e84800 JavaThread "Unconstrained build operations" [_thread_blocked, id=2248, stack(0x000000b64fb00000,0x000000b64fc00000)]
  0x00000257b2e82800 JavaThread "Unconstrained build operations Thread 2" [_thread_blocked, id=6588, stack(0x000000b64fc00000,0x000000b64fd00000)]
  0x00000257b2e85000 JavaThread "Unconstrained build operations Thread 3" [_thread_blocked, id=2356, stack(0x000000b64fd00000,0x000000b64fe00000)]
  0x00000257b2e86000 JavaThread "Unconstrained build operations Thread 4" [_thread_blocked, id=10348, stack(0x000000b64fe00000,0x000000b64ff00000)]
  0x00000257b2e80800 JavaThread "Unconstrained build operations Thread 5" [_thread_blocked, id=10176, stack(0x000000b64ff00000,0x000000b650000000)]
  0x00000257b2e88800 JavaThread "Unconstrained build operations Thread 6" [_thread_blocked, id=3536, stack(0x000000b650000000,0x000000b650100000)]
  0x00000257b2e8b800 JavaThread "Unconstrained build operations Thread 7" [_thread_blocked, id=12272, stack(0x000000b650100000,0x000000b650200000)]
  0x00000257b2e87000 JavaThread "Unconstrained build operations Thread 8" [_thread_blocked, id=1536, stack(0x000000b650200000,0x000000b650300000)]
  0x00000257b2e8c800 JavaThread "Unconstrained build operations Thread 9" [_thread_blocked, id=576, stack(0x000000b650300000,0x000000b650400000)]
  0x00000257b2e8d800 JavaThread "Unconstrained build operations Thread 10" [_thread_blocked, id=2324, stack(0x000000b650400000,0x000000b650500000)]
  0x00000257b2e87800 JavaThread "Unconstrained build operations Thread 11" [_thread_blocked, id=11236, stack(0x000000b650500000,0x000000b650600000)]
  0x00000257b2e8e000 JavaThread "Unconstrained build operations Thread 12" [_thread_blocked, id=568, stack(0x000000b650600000,0x000000b650700000)]
  0x00000257b2e89800 JavaThread "Unconstrained build operations Thread 13" [_thread_blocked, id=9940, stack(0x000000b650700000,0x000000b650800000)]
  0x00000257b2e8a000 JavaThread "Unconstrained build operations Thread 14" [_thread_blocked, id=5752, stack(0x000000b650800000,0x000000b650900000)]
  0x00000257b2e8b000 JavaThread "Unconstrained build operations Thread 15" [_thread_blocked, id=3684, stack(0x000000b650900000,0x000000b650a00000)]
  0x00000257b4578800 JavaThread "Unconstrained build operations Thread 16" [_thread_blocked, id=10228, stack(0x000000b650a00000,0x000000b650b00000)]
  0x00000257b4573800 JavaThread "Unconstrained build operations Thread 17" [_thread_blocked, id=7444, stack(0x000000b650b00000,0x000000b650c00000)]
  0x00000257b4574800 JavaThread "Unconstrained build operations Thread 18" [_thread_blocked, id=10692, stack(0x000000b650c00000,0x000000b650d00000)]
  0x00000257b4573000 JavaThread "Unconstrained build operations Thread 19" [_thread_blocked, id=8460, stack(0x000000b650d00000,0x000000b650e00000)]
  0x00000257b457b000 JavaThread "Unconstrained build operations Thread 20" [_thread_blocked, id=11324, stack(0x000000b650e00000,0x000000b650f00000)]
  0x00000257b4579800 JavaThread "Unconstrained build operations Thread 21" [_thread_blocked, id=5584, stack(0x000000b650f00000,0x000000b651000000)]
  0x00000257b4575800 JavaThread "Unconstrained build operations Thread 22" [_thread_blocked, id=2308, stack(0x000000b651000000,0x000000b651100000)]
  0x00000257b4577000 JavaThread "Unconstrained build operations Thread 23" [_thread_blocked, id=1836, stack(0x000000b651100000,0x000000b651200000)]
  0x00000257b4578000 JavaThread "Unconstrained build operations Thread 24" [_thread_blocked, id=664, stack(0x000000b651200000,0x000000b651300000)]
  0x00000257b457a000 JavaThread "Unconstrained build operations Thread 25" [_thread_blocked, id=8092, stack(0x000000b651300000,0x000000b651400000)]
  0x00000257b457c000 JavaThread "Unconstrained build operations Thread 26" [_thread_blocked, id=8716, stack(0x000000b651400000,0x000000b651500000)]
  0x00000257b4576000 JavaThread "Unconstrained build operations Thread 27" [_thread_blocked, id=4208, stack(0x000000b651500000,0x000000b651600000)]
  0x00000257b457d800 JavaThread "Unconstrained build operations Thread 28" [_thread_blocked, id=3188, stack(0x000000b651600000,0x000000b651700000)]
  0x00000257b4580000 JavaThread "Unconstrained build operations Thread 29" [_thread_blocked, id=3768, stack(0x000000b651700000,0x000000b651800000)]
  0x00000257b4581000 JavaThread "Unconstrained build operations Thread 30" [_thread_blocked, id=5808, stack(0x000000b651800000,0x000000b651900000)]
  0x00000257b457c800 JavaThread "Unconstrained build operations Thread 31" [_thread_blocked, id=7484, stack(0x000000b651900000,0x000000b651a00000)]
  0x00000257b4581800 JavaThread "Unconstrained build operations Thread 32" [_thread_blocked, id=11184, stack(0x000000b651a00000,0x000000b651b00000)]
  0x00000257b457e800 JavaThread "Unconstrained build operations Thread 33" [_thread_blocked, id=8708, stack(0x000000b651b00000,0x000000b651c00000)]
  0x00000257b457f000 JavaThread "Unconstrained build operations Thread 34" [_thread_blocked, id=8508, stack(0x000000b651c00000,0x000000b651d00000)]
  0x00000257b4896800 JavaThread "Unconstrained build operations Thread 35" [_thread_blocked, id=1672, stack(0x000000b651d00000,0x000000b651e00000)]
  0x00000257b489d000 JavaThread "Unconstrained build operations Thread 36" [_thread_blocked, id=836, stack(0x000000b651e00000,0x000000b651f00000)]
  0x00000257b4897800 JavaThread "Unconstrained build operations Thread 37" [_thread_blocked, id=11800, stack(0x000000b651f00000,0x000000b652000000)]
  0x00000257b489c000 JavaThread "Unconstrained build operations Thread 38" [_thread_blocked, id=1540, stack(0x000000b652000000,0x000000b652100000)]
  0x00000257b4899000 JavaThread "Unconstrained build operations Thread 39" [_thread_blocked, id=2236, stack(0x000000b652100000,0x000000b652200000)]
  0x00000257b489e000 JavaThread "Unconstrained build operations Thread 40" [_thread_blocked, id=3220, stack(0x000000b652200000,0x000000b652300000)]
  0x00000257b489b800 JavaThread "jar transforms Thread 4" [_thread_blocked, id=8272, stack(0x000000b652300000,0x000000b652400000)]
  0x00000257b4898000 JavaThread "Memory manager" [_thread_blocked, id=1200, stack(0x000000b652400000,0x000000b652500000)]
  0x00000257b489e800 JavaThread "build event listener" [_thread_blocked, id=10676, stack(0x000000b652500000,0x000000b652600000)]
  0x00000257b489f800 JavaThread "build event listener" [_thread_blocked, id=604, stack(0x000000b652600000,0x000000b652700000)]
  0x00000257b489a800 JavaThread "pool-3-thread-1" [_thread_blocked, id=928, stack(0x000000b652700000,0x000000b652800000)]
  0x00000257b489a000 JavaThread "build event listener" [_thread_blocked, id=6104, stack(0x000000b652800000,0x000000b652900000)]
  0x00000257b48a4800 JavaThread "Execution worker for ':'" [_thread_blocked, id=2956, stack(0x000000b652900000,0x000000b652a00000)]
  0x00000257b48a2800 JavaThread "Execution worker for ':' Thread 2" [_thread_blocked, id=8928, stack(0x000000b652a00000,0x000000b652b00000)]
  0x00000257b48a1000 JavaThread "Execution worker for ':' Thread 3" [_thread_blocked, id=7520, stack(0x000000b652b00000,0x000000b652c00000)]
  0x00000257b48a0800 JavaThread "Cache worker for execution history cache (F:\NeobisProjects\andfun-kotlin-android-trivia\.gradle\7.3.3\executionHistory)" [_thread_blocked, id=4968, stack(0x000000b652c00000,0x000000b652d00000)]

Other Threads:
  0x00000257aea53800 VMThread "VM Thread" [stack: 0x000000b64d200000,0x000000b64d300000] [id=4068]
  0x00000257af5aa800 WatcherThread [stack: 0x000000b64dc00000,0x000000b64dd00000] [id=1204]
  0x0000025795a73000 GCTaskThread "GC Thread#0" [stack: 0x000000b64cd00000,0x000000b64ce00000] [id=6848]
  0x00000257b00d0800 GCTaskThread "GC Thread#1" [stack: 0x000000b64de00000,0x000000b64df00000] [id=1008]
  0x00000257b017a000 GCTaskThread "GC Thread#2" [stack: 0x000000b64df00000,0x000000b64e000000] [id=8940]
  0x00000257b163e000 GCTaskThread "GC Thread#3" [stack: 0x000000b64e900000,0x000000b64ea00000] [id=3108]
  0x0000025795a9d800 ConcurrentGCThread "G1 Main Marker" [stack: 0x000000b64ce00000,0x000000b64cf00000] [id=8976]
  0x0000025795a9e800 ConcurrentGCThread "G1 Conc#0" [stack: 0x000000b64cf00000,0x000000b64d000000] [id=11308]
  0x0000025795b29800 ConcurrentGCThread "G1 Refine#0" [stack: 0x000000b64d000000,0x000000b64d100000] [id=3452]
  0x0000025795b2a800 ConcurrentGCThread "G1 Young RemSet Sampling" [stack: 0x000000b64d100000,0x000000b64d200000] [id=9060]

Threads with active compile tasks:
C2 CompilerThread0  35510 15896 %     4       com.android.tools.r8.internal.xa::a @ 3091 (4216 bytes)
C1 CompilerThread0  35510 16115 %     3       java.util.IdentityHashMap::closeDeletion @ 15 (107 bytes)
C2 CompilerThread1  35510 15895       4       com.android.tools.r8.ir.regalloc.b::c (3963 bytes)

VM state:at safepoint (normal execution)

VM Mutex/Monitor currently owned by a thread:  ([mutex/lock_event])
[0x0000025795a58870] Threads_lock - owner thread: 0x00000257aea53800
[0x0000025795a56bc0] Heap_lock - owner thread: 0x00000257b489c000

Heap address: 0x00000000a0000000, size: 1536 MB, Compressed Oops mode: 32-bit
Narrow klass base: 0x0000000000000000, Narrow klass shift: 3
Compressed class space size: 1073741824 Address: 0x0000000100000000

Heap:
 garbage-first heap   total 344064K, used 296795K [0x00000000a0000000, 0x0000000100000000)
  region size 1024K, 145 young (148480K), 13 survivors (13312K)
 Metaspace       used 105848K, capacity 108627K, committed 108876K, reserved 1142784K
  class space    used 13509K, capacity 14594K, committed 14720K, reserved 1048576K
Heap Regions: E=young(eden), S=young(survivor), O=old, HS=humongous(starts), HC=humongous(continues), CS=collection set, F=free, A=archive, TAMS=top-at-mark-start (previous, next)
|   0|0x00000000a0000000, 0x00000000a0100000, 0x00000000a0100000|100%| O|  |TAMS 0x00000000a0100000, 0x00000000a0000000| Untracked 
|   1|0x00000000a0100000, 0x00000000a0200000, 0x00000000a0200000|100%| O|  |TAMS 0x00000000a0200000, 0x00000000a0100000| Untracked 
|   2|0x00000000a0200000, 0x00000000a0300000, 0x00000000a0300000|100%| O|  |TAMS 0x00000000a0300000, 0x00000000a0200000| Untracked 
|   3|0x00000000a0300000, 0x00000000a0400000, 0x00000000a0400000|100%|HS|  |TAMS 0x00000000a0400000, 0x00000000a0300000| Complete 
|   4|0x00000000a0400000, 0x00000000a0500000, 0x00000000a0500000|100%|HC|  |TAMS 0x00000000a0500000, 0x00000000a0400000| Complete 
|   5|0x00000000a0500000, 0x00000000a0600000, 0x00000000a0600000|100%|HC|  |TAMS 0x00000000a0600000, 0x00000000a0500000| Complete 
|   6|0x00000000a0600000, 0x00000000a0700000, 0x00000000a0700000|100%| O|  |TAMS 0x00000000a0700000, 0x00000000a0600000| Untracked 
|   7|0x00000000a0700000, 0x00000000a0800000, 0x00000000a0800000|100%| O|  |TAMS 0x00000000a0800000, 0x00000000a0700000| Untracked 
|   8|0x00000000a0800000, 0x00000000a0900000, 0x00000000a0900000|100%| O|  |TAMS 0x00000000a0900000, 0x00000000a0800000| Untracked 
|   9|0x00000000a0900000, 0x00000000a0a00000, 0x00000000a0a00000|100%| O|  |TAMS 0x00000000a0a00000, 0x00000000a0900000| Untracked 
|  10|0x00000000a0a00000, 0x00000000a0b00000, 0x00000000a0b00000|100%| O|  |TAMS 0x00000000a0b00000, 0x00000000a0a00000| Untracked 
|  11|0x00000000a0b00000, 0x00000000a0c00000, 0x00000000a0c00000|100%| O|  |TAMS 0x00000000a0c00000, 0x00000000a0b00000| Untracked 
|  12|0x00000000a0c00000, 0x00000000a0d00000, 0x00000000a0d00000|100%| O|  |TAMS 0x00000000a0d00000, 0x00000000a0c00000| Untracked 
|  13|0x00000000a0d00000, 0x00000000a0e00000, 0x00000000a0e00000|100%| O|  |TAMS 0x00000000a0e00000, 0x00000000a0d00000| Untracked 
|  14|0x00000000a0e00000, 0x00000000a0f00000, 0x00000000a0f00000|100%| O|  |TAMS 0x00000000a0f00000, 0x00000000a0e00000| Untracked 
|  15|0x00000000a0f00000, 0x00000000a1000000, 0x00000000a1000000|100%| O|  |TAMS 0x00000000a1000000, 0x00000000a0f00000| Untracked 
|  16|0x00000000a1000000, 0x00000000a1100000, 0x00000000a1100000|100%| O|  |TAMS 0x00000000a1100000, 0x00000000a1000000| Untracked 
|  17|0x00000000a1100000, 0x00000000a1200000, 0x00000000a1200000|100%| O|  |TAMS 0x00000000a1200000, 0x00000000a1100000| Untracked 
|  18|0x00000000a1200000, 0x00000000a1300000, 0x00000000a1300000|100%| O|  |TAMS 0x00000000a1300000, 0x00000000a1200000| Untracked 
|  19|0x00000000a1300000, 0x00000000a1400000, 0x00000000a1400000|100%| O|  |TAMS 0x00000000a1400000, 0x00000000a1300000| Untracked 
|  20|0x00000000a1400000, 0x00000000a1500000, 0x00000000a1500000|100%| O|  |TAMS 0x00000000a1500000, 0x00000000a1400000| Untracked 
|  21|0x00000000a1500000, 0x00000000a1600000, 0x00000000a1600000|100%| O|  |TAMS 0x00000000a1600000, 0x00000000a1500000| Untracked 
|  22|0x00000000a1600000, 0x00000000a1700000, 0x00000000a1700000|100%|HS|  |TAMS 0x00000000a1700000, 0x00000000a1600000| Complete 
|  23|0x00000000a1700000, 0x00000000a1800000, 0x00000000a1800000|100%|HS|  |TAMS 0x00000000a1800000, 0x00000000a1700000| Complete 
|  24|0x00000000a1800000, 0x00000000a1900000, 0x00000000a1900000|100%|HS|  |TAMS 0x00000000a1900000, 0x00000000a1800000| Complete 
|  25|0x00000000a1900000, 0x00000000a1a00000, 0x00000000a1a00000|100%|HS|  |TAMS 0x00000000a1a00000, 0x00000000a1900000| Complete 
|  26|0x00000000a1a00000, 0x00000000a1b00000, 0x00000000a1b00000|100%|HC|  |TAMS 0x00000000a1b00000, 0x00000000a1a00000| Complete 
|  27|0x00000000a1b00000, 0x00000000a1c00000, 0x00000000a1c00000|100%|HC|  |TAMS 0x00000000a1c00000, 0x00000000a1b00000| Complete 
|  28|0x00000000a1c00000, 0x00000000a1d00000, 0x00000000a1d00000|100%|HS|  |TAMS 0x00000000a1d00000, 0x00000000a1c00000| Complete 
|  29|0x00000000a1d00000, 0x00000000a1e00000, 0x00000000a1e00000|100%|HC|  |TAMS 0x00000000a1e00000, 0x00000000a1d00000| Complete 
|  30|0x00000000a1e00000, 0x00000000a1f00000, 0x00000000a1f00000|100%| O|  |TAMS 0x00000000a1f00000, 0x00000000a1e00000| Untracked 
|  31|0x00000000a1f00000, 0x00000000a2000000, 0x00000000a2000000|100%| O|  |TAMS 0x00000000a2000000, 0x00000000a1f00000| Untracked 
|  32|0x00000000a2000000, 0x00000000a2100000, 0x00000000a2100000|100%| O|  |TAMS 0x00000000a2100000, 0x00000000a2000000| Untracked 
|  33|0x00000000a2100000, 0x00000000a2200000, 0x00000000a2200000|100%| O|  |TAMS 0x00000000a2200000, 0x00000000a2100000| Untracked 
|  34|0x00000000a2200000, 0x00000000a2300000, 0x00000000a2300000|100%| O|  |TAMS 0x00000000a2300000, 0x00000000a2200000| Untracked 
|  35|0x00000000a2300000, 0x00000000a2400000, 0x00000000a2400000|100%| O|  |TAMS 0x00000000a2400000, 0x00000000a2300000| Untracked 
|  36|0x00000000a2400000, 0x00000000a2500000, 0x00000000a2500000|100%| O|  |TAMS 0x00000000a2500000, 0x00000000a2400000| Untracked 
|  37|0x00000000a2500000, 0x00000000a2600000, 0x00000000a2600000|100%| O|  |TAMS 0x00000000a2600000, 0x00000000a2500000| Untracked 
|  38|0x00000000a2600000, 0x00000000a2700000, 0x00000000a2700000|100%| O|  |TAMS 0x00000000a2700000, 0x00000000a2600000| Untracked 
|  39|0x00000000a2700000, 0x00000000a2800000, 0x00000000a2800000|100%| O|  |TAMS 0x00000000a2800000, 0x00000000a2700000| Untracked 
|  40|0x00000000a2800000, 0x00000000a2900000, 0x00000000a2900000|100%| O|  |TAMS 0x00000000a2900000, 0x00000000a2800000| Untracked 
|  41|0x00000000a2900000, 0x00000000a2a00000, 0x00000000a2a00000|100%| O|  |TAMS 0x00000000a2a00000, 0x00000000a2900000| Untracked 
|  42|0x00000000a2a00000, 0x00000000a2b00000, 0x00000000a2b00000|100%| O|  |TAMS 0x00000000a2b00000, 0x00000000a2a00000| Untracked 
|  43|0x00000000a2b00000, 0x00000000a2c00000, 0x00000000a2c00000|100%| O|  |TAMS 0x00000000a2c00000, 0x00000000a2b00000| Untracked 
|  44|0x00000000a2c00000, 0x00000000a2d00000, 0x00000000a2d00000|100%| O|  |TAMS 0x00000000a2d00000, 0x00000000a2c00000| Untracked 
|  45|0x00000000a2d00000, 0x00000000a2e00000, 0x00000000a2e00000|100%| O|  |TAMS 0x00000000a2e00000, 0x00000000a2d00000| Untracked 
|  46|0x00000000a2e00000, 0x00000000a2f00000, 0x00000000a2f00000|100%| O|  |TAMS 0x00000000a2f00000, 0x00000000a2e00000| Untracked 
|  47|0x00000000a2f00000, 0x00000000a3000000, 0x00000000a3000000|100%| O|  |TAMS 0x00000000a3000000, 0x00000000a2f00000| Untracked 
|  48|0x00000000a3000000, 0x00000000a3100000, 0x00000000a3100000|100%| O|  |TAMS 0x00000000a3100000, 0x00000000a3000000| Untracked 
|  49|0x00000000a3100000, 0x00000000a3200000, 0x00000000a3200000|100%| O|  |TAMS 0x00000000a3200000, 0x00000000a3100000| Untracked 
|  50|0x00000000a3200000, 0x00000000a3300000, 0x00000000a3300000|100%| O|  |TAMS 0x00000000a3300000, 0x00000000a3200000| Untracked 
|  51|0x00000000a3300000, 0x00000000a3400000, 0x00000000a3400000|100%| O|  |TAMS 0x00000000a3400000, 0x00000000a3300000| Untracked 
|  52|0x00000000a3400000, 0x00000000a3500000, 0x00000000a3500000|100%| O|  |TAMS 0x00000000a3500000, 0x00000000a3400000| Untracked 
|  53|0x00000000a3500000, 0x00000000a3600000, 0x00000000a3600000|100%| O|  |TAMS 0x00000000a3600000, 0x00000000a3500000| Untracked 
|  54|0x00000000a3600000, 0x00000000a3700000, 0x00000000a3700000|100%| O|  |TAMS 0x00000000a3700000, 0x00000000a3600000| Untracked 
|  55|0x00000000a3700000, 0x00000000a3800000, 0x00000000a3800000|100%| O|  |TAMS 0x00000000a3800000, 0x00000000a3700000| Untracked 
|  56|0x00000000a3800000, 0x00000000a3900000, 0x00000000a3900000|100%| O|  |TAMS 0x00000000a3900000, 0x00000000a3800000| Untracked 
|  57|0x00000000a3900000, 0x00000000a3a00000, 0x00000000a3a00000|100%| O|  |TAMS 0x00000000a3a00000, 0x00000000a3900000| Untracked 
|  58|0x00000000a3a00000, 0x00000000a3b00000, 0x00000000a3b00000|100%| O|  |TAMS 0x00000000a3b00000, 0x00000000a3a00000| Untracked 
|  59|0x00000000a3b00000, 0x00000000a3c00000, 0x00000000a3c00000|100%| O|  |TAMS 0x00000000a3c00000, 0x00000000a3b00000| Untracked 
|  60|0x00000000a3c00000, 0x00000000a3d00000, 0x00000000a3d00000|100%| O|  |TAMS 0x00000000a3d00000, 0x00000000a3c00000| Untracked 
|  61|0x00000000a3d00000, 0x00000000a3e00000, 0x00000000a3e00000|100%| O|  |TAMS 0x00000000a3e00000, 0x00000000a3d00000| Untracked 
|  62|0x00000000a3e00000, 0x00000000a3f00000, 0x00000000a3f00000|100%| O|  |TAMS 0x00000000a3f00000, 0x00000000a3e00000| Untracked 
|  63|0x00000000a3f00000, 0x00000000a4000000, 0x00000000a4000000|100%| O|  |TAMS 0x00000000a4000000, 0x00000000a3f00000| Untracked 
|  64|0x00000000a4000000, 0x00000000a4100000, 0x00000000a4100000|100%| O|  |TAMS 0x00000000a4100000, 0x00000000a4000000| Untracked 
|  65|0x00000000a4100000, 0x00000000a4200000, 0x00000000a4200000|100%| O|  |TAMS 0x00000000a4200000, 0x00000000a4100000| Untracked 
|  66|0x00000000a4200000, 0x00000000a4300000, 0x00000000a4300000|100%| O|  |TAMS 0x00000000a4300000, 0x00000000a4200000| Untracked 
|  67|0x00000000a4300000, 0x00000000a4400000, 0x00000000a4400000|100%| O|  |TAMS 0x00000000a4400000, 0x00000000a4300000| Untracked 
|  68|0x00000000a4400000, 0x00000000a4500000, 0x00000000a4500000|100%| O|  |TAMS 0x00000000a4500000, 0x00000000a4400000| Untracked 
|  69|0x00000000a4500000, 0x00000000a4600000, 0x00000000a4600000|100%| O|  |TAMS 0x00000000a4600000, 0x00000000a4500000| Untracked 
|  70|0x00000000a4600000, 0x00000000a4700000, 0x00000000a4700000|100%| O|  |TAMS 0x00000000a4700000, 0x00000000a4600000| Untracked 
|  71|0x00000000a4700000, 0x00000000a4800000, 0x00000000a4800000|100%| O|  |TAMS 0x00000000a4800000, 0x00000000a4700000| Untracked 
|  72|0x00000000a4800000, 0x00000000a4900000, 0x00000000a4900000|100%| O|  |TAMS 0x00000000a4900000, 0x00000000a4800000| Untracked 
|  73|0x00000000a4900000, 0x00000000a4a00000, 0x00000000a4a00000|100%| O|  |TAMS 0x00000000a4a00000, 0x00000000a4900000| Untracked 
|  74|0x00000000a4a00000, 0x00000000a4b00000, 0x00000000a4b00000|100%| O|  |TAMS 0x00000000a4b00000, 0x00000000a4a00000| Untracked 
|  75|0x00000000a4b00000, 0x00000000a4c00000, 0x00000000a4c00000|100%| O|  |TAMS 0x00000000a4c00000, 0x00000000a4b00000| Untracked 
|  76|0x00000000a4c00000, 0x00000000a4d00000, 0x00000000a4d00000|100%| O|  |TAMS 0x00000000a4d00000, 0x00000000a4c00000| Untracked 
|  77|0x00000000a4d00000, 0x00000000a4e00000, 0x00000000a4e00000|100%| O|  |TAMS 0x00000000a4e00000, 0x00000000a4d00000| Untracked 
|  78|0x00000000a4e00000, 0x00000000a4f00000, 0x00000000a4f00000|100%| O|  |TAMS 0x00000000a4f00000, 0x00000000a4e00000| Untracked 
|  79|0x00000000a4f00000, 0x00000000a5000000, 0x00000000a5000000|100%| O|  |TAMS 0x00000000a5000000, 0x00000000a4f00000| Untracked 
|  80|0x00000000a5000000, 0x00000000a5100000, 0x00000000a5100000|100%| O|  |TAMS 0x00000000a5100000, 0x00000000a5000000| Untracked 
|  81|0x00000000a5100000, 0x00000000a5200000, 0x00000000a5200000|100%| O|  |TAMS 0x00000000a5200000, 0x00000000a5100000| Untracked 
|  82|0x00000000a5200000, 0x00000000a5300000, 0x00000000a5300000|100%| O|  |TAMS 0x00000000a5300000, 0x00000000a5200000| Untracked 
|  83|0x00000000a5300000, 0x00000000a5400000, 0x00000000a5400000|100%| O|  |TAMS 0x00000000a5400000, 0x00000000a5300000| Untracked 
|  84|0x00000000a5400000, 0x00000000a5500000, 0x00000000a5500000|100%| O|  |TAMS 0x00000000a5500000, 0x00000000a5400000| Untracked 
|  85|0x00000000a5500000, 0x00000000a5600000, 0x00000000a5600000|100%| O|  |TAMS 0x00000000a5600000, 0x00000000a5500000| Untracked 
|  86|0x00000000a5600000, 0x00000000a5700000, 0x00000000a5700000|100%| O|  |TAMS 0x00000000a5700000, 0x00000000a5600000| Untracked 
|  87|0x00000000a5700000, 0x00000000a5800000, 0x00000000a5800000|100%| O|  |TAMS 0x00000000a5800000, 0x00000000a5700000| Untracked 
|  88|0x00000000a5800000, 0x00000000a5900000, 0x00000000a5900000|100%| O|  |TAMS 0x00000000a5900000, 0x00000000a5800000| Untracked 
|  89|0x00000000a5900000, 0x00000000a5a00000, 0x00000000a5a00000|100%| O|  |TAMS 0x00000000a5a00000, 0x00000000a5900000| Untracked 
|  90|0x00000000a5a00000, 0x00000000a5b00000, 0x00000000a5b00000|100%| O|  |TAMS 0x00000000a5b00000, 0x00000000a5a00000| Untracked 
|  91|0x00000000a5b00000, 0x00000000a5c00000, 0x00000000a5c00000|100%| O|  |TAMS 0x00000000a5c00000, 0x00000000a5b00000| Untracked 
|  92|0x00000000a5c00000, 0x00000000a5d00000, 0x00000000a5d00000|100%| O|  |TAMS 0x00000000a5d00000, 0x00000000a5c00000| Untracked 
|  93|0x00000000a5d00000, 0x00000000a5e00000, 0x00000000a5e00000|100%| O|  |TAMS 0x00000000a5e00000, 0x00000000a5d00000| Untracked 
|  94|0x00000000a5e00000, 0x00000000a5f00000, 0x00000000a5f00000|100%| O|  |TAMS 0x00000000a5f00000, 0x00000000a5e00000| Untracked 
|  95|0x00000000a5f00000, 0x00000000a6000000, 0x00000000a6000000|100%| O|  |TAMS 0x00000000a6000000, 0x00000000a5f00000| Untracked 
|  96|0x00000000a6000000, 0x00000000a6100000, 0x00000000a6100000|100%| O|  |TAMS 0x00000000a6100000, 0x00000000a6000000| Untracked 
|  97|0x00000000a6100000, 0x00000000a6200000, 0x00000000a6200000|100%| O|  |TAMS 0x00000000a6200000, 0x00000000a6100000| Untracked 
|  98|0x00000000a6200000, 0x00000000a6300000, 0x00000000a6300000|100%| O|  |TAMS 0x00000000a6300000, 0x00000000a6200000| Untracked 
|  99|0x00000000a6300000, 0x00000000a6400000, 0x00000000a6400000|100%| O|  |TAMS 0x00000000a6400000, 0x00000000a6300000| Untracked 
| 100|0x00000000a6400000, 0x00000000a6500000, 0x00000000a6500000|100%| O|  |TAMS 0x00000000a6500000, 0x00000000a6400000| Untracked 
| 101|0x00000000a6500000, 0x00000000a6600000, 0x00000000a6600000|100%| O|  |TAMS 0x00000000a6600000, 0x00000000a6500000| Untracked 
| 102|0x00000000a6600000, 0x00000000a6700000, 0x00000000a6700000|100%| O|  |TAMS 0x00000000a6700000, 0x00000000a6600000| Untracked 
| 103|0x00000000a6700000, 0x00000000a6800000, 0x00000000a6800000|100%| O|  |TAMS 0x00000000a6800000, 0x00000000a6700000| Untracked 
| 104|0x00000000a6800000, 0x00000000a6900000, 0x00000000a6900000|100%| O|  |TAMS 0x00000000a6900000, 0x00000000a6800000| Untracked 
| 105|0x00000000a6900000, 0x00000000a6a00000, 0x00000000a6a00000|100%| O|  |TAMS 0x00000000a6a00000, 0x00000000a6900000| Untracked 
| 106|0x00000000a6a00000, 0x00000000a6b00000, 0x00000000a6b00000|100%| O|  |TAMS 0x00000000a6b00000, 0x00000000a6a00000| Untracked 
| 107|0x00000000a6b00000, 0x00000000a6c00000, 0x00000000a6c00000|100%| O|  |TAMS 0x00000000a6c00000, 0x00000000a6b00000| Untracked 
| 108|0x00000000a6c00000, 0x00000000a6d00000, 0x00000000a6d00000|100%|HS|  |TAMS 0x00000000a6d00000, 0x00000000a6c00000| Complete 
| 109|0x00000000a6d00000, 0x00000000a6e00000, 0x00000000a6e00000|100%| O|  |TAMS 0x00000000a6e00000, 0x00000000a6d00000| Untracked 
| 110|0x00000000a6e00000, 0x00000000a6f00000, 0x00000000a6f00000|100%| O|  |TAMS 0x00000000a6f00000, 0x00000000a6e00000| Untracked 
| 111|0x00000000a6f00000, 0x00000000a7000000, 0x00000000a7000000|100%| O|  |TAMS 0x00000000a7000000, 0x00000000a6f00000| Untracked 
| 112|0x00000000a7000000, 0x00000000a7100000, 0x00000000a7100000|100%| O|  |TAMS 0x00000000a7100000, 0x00000000a7000000| Untracked 
| 113|0x00000000a7100000, 0x00000000a7200000, 0x00000000a7200000|100%| O|  |TAMS 0x00000000a7200000, 0x00000000a7100000| Untracked 
| 114|0x00000000a7200000, 0x00000000a7300000, 0x00000000a7300000|100%| O|  |TAMS 0x00000000a7300000, 0x00000000a7200000| Untracked 
| 115|0x00000000a7300000, 0x00000000a7400000, 0x00000000a7400000|100%| O|  |TAMS 0x00000000a7400000, 0x00000000a7300000| Untracked 
| 116|0x00000000a7400000, 0x00000000a7500000, 0x00000000a7500000|100%| O|  |TAMS 0x00000000a7500000, 0x00000000a7400000| Untracked 
| 117|0x00000000a7500000, 0x00000000a7600000, 0x00000000a7600000|100%| O|  |TAMS 0x00000000a7600000, 0x00000000a7500000| Untracked 
| 118|0x00000000a7600000, 0x00000000a7700000, 0x00000000a7700000|100%| O|  |TAMS 0x00000000a7700000, 0x00000000a7600000| Untracked 
| 119|0x00000000a7700000, 0x00000000a7800000, 0x00000000a7800000|100%| O|  |TAMS 0x00000000a7800000, 0x00000000a7700000| Untracked 
| 120|0x00000000a7800000, 0x00000000a7900000, 0x00000000a7900000|100%| O|  |TAMS 0x00000000a7900000, 0x00000000a7800000| Untracked 
| 121|0x00000000a7900000, 0x00000000a7a00000, 0x00000000a7a00000|100%| O|  |TAMS 0x00000000a7a00000, 0x00000000a7900000| Untracked 
| 122|0x00000000a7a00000, 0x00000000a7b00000, 0x00000000a7b00000|100%| O|  |TAMS 0x00000000a7b00000, 0x00000000a7a00000| Untracked 
| 123|0x00000000a7b00000, 0x00000000a7c00000, 0x00000000a7c00000|100%| O|  |TAMS 0x00000000a7c00000, 0x00000000a7b00000| Untracked 
| 124|0x00000000a7c00000, 0x00000000a7d00000, 0x00000000a7d00000|100%| O|  |TAMS 0x00000000a7d00000, 0x00000000a7c00000| Untracked 
| 125|0x00000000a7d00000, 0x00000000a7e00000, 0x00000000a7e00000|100%| O|  |TAMS 0x00000000a7e00000, 0x00000000a7d00000| Untracked 
| 126|0x00000000a7e00000, 0x00000000a7f00000, 0x00000000a7f00000|100%| O|  |TAMS 0x00000000a7f00000, 0x00000000a7e00000| Untracked 
| 127|0x00000000a7f00000, 0x00000000a8000000, 0x00000000a8000000|100%| O|  |TAMS 0x00000000a8000000, 0x00000000a7f00000| Untracked 
| 128|0x00000000a8000000, 0x00000000a8100000, 0x00000000a8100000|100%| O|  |TAMS 0x00000000a8100000, 0x00000000a8000000| Untracked 
| 129|0x00000000a8100000, 0x00000000a8200000, 0x00000000a8200000|100%| O|  |TAMS 0x00000000a8200000, 0x00000000a8100000| Untracked 
| 130|0x00000000a8200000, 0x00000000a8300000, 0x00000000a8300000|100%| O|  |TAMS 0x00000000a8300000, 0x00000000a8200000| Untracked 
| 131|0x00000000a8300000, 0x00000000a8400000, 0x00000000a8400000|100%| O|  |TAMS 0x00000000a8400000, 0x00000000a8300000| Untracked 
| 132|0x00000000a8400000, 0x00000000a8500000, 0x00000000a8500000|100%| O|  |TAMS 0x00000000a8500000, 0x00000000a8400000| Untracked 
| 133|0x00000000a8500000, 0x00000000a8600000, 0x00000000a8600000|100%| O|  |TAMS 0x00000000a8600000, 0x00000000a8500000| Untracked 
| 134|0x00000000a8600000, 0x00000000a8700000, 0x00000000a8700000|100%| O|  |TAMS 0x00000000a8700000, 0x00000000a8600000| Untracked 
| 135|0x00000000a8700000, 0x00000000a8800000, 0x00000000a8800000|100%| O|  |TAMS 0x00000000a8800000, 0x00000000a8700000| Untracked 
| 136|0x00000000a8800000, 0x00000000a8900000, 0x00000000a8900000|100%| O|  |TAMS 0x00000000a8900000, 0x00000000a8800000| Untracked 
| 137|0x00000000a8900000, 0x00000000a8a00000, 0x00000000a8a00000|100%| O|  |TAMS 0x00000000a8a00000, 0x00000000a8900000| Untracked 
| 138|0x00000000a8a00000, 0x00000000a8b00000, 0x00000000a8b00000|100%| O|  |TAMS 0x00000000a8b00000, 0x00000000a8a00000| Untracked 
| 139|0x00000000a8b00000, 0x00000000a8c00000, 0x00000000a8c00000|100%| O|  |TAMS 0x00000000a8c00000, 0x00000000a8b00000| Untracked 
| 140|0x00000000a8c00000, 0x00000000a8d00000, 0x00000000a8d00000|100%| O|  |TAMS 0x00000000a8d00000, 0x00000000a8c00000| Untracked 
| 141|0x00000000a8d00000, 0x00000000a8e00000, 0x00000000a8e00000|100%| O|  |TAMS 0x00000000a8e00000, 0x00000000a8d00000| Untracked 
| 142|0x00000000a8e00000, 0x00000000a8f00000, 0x00000000a8f00000|100%| O|  |TAMS 0x00000000a8f00000, 0x00000000a8e00000| Untracked 
| 143|0x00000000a8f00000, 0x00000000a9000000, 0x00000000a9000000|100%| O|  |TAMS 0x00000000a9000000, 0x00000000a8f00000| Untracked 
| 144|0x00000000a9000000, 0x00000000a9100000, 0x00000000a9100000|100%| O|  |TAMS 0x00000000a9100000, 0x00000000a9000000| Untracked 
| 145|0x00000000a9100000, 0x00000000a9200000, 0x00000000a9200000|100%| O|  |TAMS 0x00000000a9200000, 0x00000000a9100000| Untracked 
| 146|0x00000000a9200000, 0x00000000a9300000, 0x00000000a9300000|100%| O|  |TAMS 0x00000000a9262600, 0x00000000a9200000| Untracked 
| 147|0x00000000a9300000, 0x00000000a9400000, 0x00000000a9400000|100%| O|  |TAMS 0x00000000a9300000, 0x00000000a9300000| Untracked 
| 148|0x00000000a9400000, 0x00000000a94d6e00, 0x00000000a9500000| 83%| O|  |TAMS 0x00000000a9400000, 0x00000000a9400000| Untracked 
| 149|0x00000000a9500000, 0x00000000a9500000, 0x00000000a9600000|  0%| F|  |TAMS 0x00000000a9500000, 0x00000000a9500000| Untracked 
| 150|0x00000000a9600000, 0x00000000a9600000, 0x00000000a9700000|  0%| F|  |TAMS 0x00000000a9600000, 0x00000000a9600000| Untracked 
| 151|0x00000000a9700000, 0x00000000a9700000, 0x00000000a9800000|  0%| F|  |TAMS 0x00000000a9700000, 0x00000000a9700000| Untracked 
| 152|0x00000000a9800000, 0x00000000a9800000, 0x00000000a9900000|  0%| F|  |TAMS 0x00000000a9800000, 0x00000000a9800000| Untracked 
| 153|0x00000000a9900000, 0x00000000a9900000, 0x00000000a9a00000|  0%| F|  |TAMS 0x00000000a9900000, 0x00000000a9900000| Untracked 
| 154|0x00000000a9a00000, 0x00000000a9a00000, 0x00000000a9b00000|  0%| F|  |TAMS 0x00000000a9a00000, 0x00000000a9a00000| Untracked 
| 155|0x00000000a9b00000, 0x00000000a9b00000, 0x00000000a9c00000|  0%| F|  |TAMS 0x00000000a9b00000, 0x00000000a9b00000| Untracked 
| 156|0x00000000a9c00000, 0x00000000a9c00000, 0x00000000a9d00000|  0%| F|  |TAMS 0x00000000a9c00000, 0x00000000a9c00000| Untracked 
| 157|0x00000000a9d00000, 0x00000000a9d00000, 0x00000000a9e00000|  0%| F|  |TAMS 0x00000000a9d00000, 0x00000000a9d00000| Untracked 
| 158|0x00000000a9e00000, 0x00000000a9e00000, 0x00000000a9f00000|  0%| F|  |TAMS 0x00000000a9e00000, 0x00000000a9e00000| Untracked 
| 159|0x00000000a9f00000, 0x00000000a9f00000, 0x00000000aa000000|  0%| F|  |TAMS 0x00000000a9f00000, 0x00000000a9f00000| Untracked 
| 160|0x00000000aa000000, 0x00000000aa000000, 0x00000000aa100000|  0%| F|  |TAMS 0x00000000aa000000, 0x00000000aa000000| Untracked 
| 161|0x00000000aa100000, 0x00000000aa100000, 0x00000000aa200000|  0%| F|  |TAMS 0x00000000aa100000, 0x00000000aa100000| Untracked 
| 162|0x00000000aa200000, 0x00000000aa200000, 0x00000000aa300000|  0%| F|  |TAMS 0x00000000aa200000, 0x00000000aa200000| Untracked 
| 163|0x00000000aa300000, 0x00000000aa300000, 0x00000000aa400000|  0%| F|  |TAMS 0x00000000aa300000, 0x00000000aa300000| Untracked 
| 164|0x00000000aa400000, 0x00000000aa400000, 0x00000000aa500000|  0%| F|  |TAMS 0x00000000aa400000, 0x00000000aa400000| Untracked 
| 165|0x00000000aa500000, 0x00000000aa500000, 0x00000000aa600000|  0%| F|  |TAMS 0x00000000aa500000, 0x00000000aa500000| Untracked 
| 166|0x00000000aa600000, 0x00000000aa600000, 0x00000000aa700000|  0%| F|  |TAMS 0x00000000aa600000, 0x00000000aa600000| Untracked 
| 167|0x00000000aa700000, 0x00000000aa700000, 0x00000000aa800000|  0%| F|  |TAMS 0x00000000aa700000, 0x00000000aa700000| Untracked 
| 168|0x00000000aa800000, 0x00000000aa800000, 0x00000000aa900000|  0%| F|  |TAMS 0x00000000aa800000, 0x00000000aa800000| Untracked 
| 169|0x00000000aa900000, 0x00000000aa900000, 0x00000000aaa00000|  0%| F|  |TAMS 0x00000000aa900000, 0x00000000aa900000| Untracked 
| 170|0x00000000aaa00000, 0x00000000aaa00000, 0x00000000aab00000|  0%| F|  |TAMS 0x00000000aaa00000, 0x00000000aaa00000| Untracked 
| 171|0x00000000aab00000, 0x00000000aab00000, 0x00000000aac00000|  0%| F|  |TAMS 0x00000000aab00000, 0x00000000aab00000| Untracked 
| 172|0x00000000aac00000, 0x00000000aac00000, 0x00000000aad00000|  0%| F|  |TAMS 0x00000000aac00000, 0x00000000aac00000| Untracked 
| 173|0x00000000aad00000, 0x00000000aad00000, 0x00000000aae00000|  0%| F|  |TAMS 0x00000000aad00000, 0x00000000aad00000| Untracked 
| 174|0x00000000aae00000, 0x00000000aae00000, 0x00000000aaf00000|  0%| F|  |TAMS 0x00000000aae00000, 0x00000000aae00000| Untracked 
| 175|0x00000000aaf00000, 0x00000000aaf00000, 0x00000000ab000000|  0%| F|  |TAMS 0x00000000aaf00000, 0x00000000aaf00000| Untracked 
| 176|0x00000000ab000000, 0x00000000ab000000, 0x00000000ab100000|  0%| F|  |TAMS 0x00000000ab000000, 0x00000000ab000000| Untracked 
| 177|0x00000000ab100000, 0x00000000ab100000, 0x00000000ab200000|  0%| F|  |TAMS 0x00000000ab100000, 0x00000000ab100000| Untracked 
| 178|0x00000000ab200000, 0x00000000ab200000, 0x00000000ab300000|  0%| F|  |TAMS 0x00000000ab200000, 0x00000000ab200000| Untracked 
| 179|0x00000000ab300000, 0x00000000ab300000, 0x00000000ab400000|  0%| F|  |TAMS 0x00000000ab300000, 0x00000000ab300000| Untracked 
| 180|0x00000000ab400000, 0x00000000ab400000, 0x00000000ab500000|  0%| F|  |TAMS 0x00000000ab400000, 0x00000000ab400000| Untracked 
| 181|0x00000000ab500000, 0x00000000ab500000, 0x00000000ab600000|  0%| F|  |TAMS 0x00000000ab500000, 0x00000000ab500000| Untracked 
| 182|0x00000000ab600000, 0x00000000ab700000, 0x00000000ab700000|100%| S|  |TAMS 0x00000000ab600000, 0x00000000ab600000| Complete 
| 183|0x00000000ab700000, 0x00000000ab800000, 0x00000000ab800000|100%| S|  |TAMS 0x00000000ab700000, 0x00000000ab700000| Complete 
| 184|0x00000000ab800000, 0x00000000ab900000, 0x00000000ab900000|100%| S|  |TAMS 0x00000000ab800000, 0x00000000ab800000| Complete 
| 185|0x00000000ab900000, 0x00000000aba00000, 0x00000000aba00000|100%| S|  |TAMS 0x00000000ab900000, 0x00000000ab900000| Complete 
| 186|0x00000000aba00000, 0x00000000abb00000, 0x00000000abb00000|100%| S|  |TAMS 0x00000000aba00000, 0x00000000aba00000| Complete 
| 187|0x00000000abb00000, 0x00000000abc00000, 0x00000000abc00000|100%| E|CS|TAMS 0x00000000abb00000, 0x00000000abb00000| Complete 
| 188|0x00000000abc00000, 0x00000000abd00000, 0x00000000abd00000|100%| E|CS|TAMS 0x00000000abc00000, 0x00000000abc00000| Complete 
| 189|0x00000000abd00000, 0x00000000abe00000, 0x00000000abe00000|100%| E|CS|TAMS 0x00000000abd00000, 0x00000000abd00000| Complete 
| 190|0x00000000abe00000, 0x00000000abf00000, 0x00000000abf00000|100%| E|CS|TAMS 0x00000000abe00000, 0x00000000abe00000| Complete 
| 191|0x00000000abf00000, 0x00000000ac000000, 0x00000000ac000000|100%| E|CS|TAMS 0x00000000abf00000, 0x00000000abf00000| Complete 
| 192|0x00000000ac000000, 0x00000000ac100000, 0x00000000ac100000|100%| E|CS|TAMS 0x00000000ac000000, 0x00000000ac000000| Complete 
| 193|0x00000000ac100000, 0x00000000ac200000, 0x00000000ac200000|100%| S|  |TAMS 0x00000000ac100000, 0x00000000ac100000| Complete 
| 194|0x00000000ac200000, 0x00000000ac300000, 0x00000000ac300000|100%| S|  |TAMS 0x00000000ac200000, 0x00000000ac200000| Complete 
| 195|0x00000000ac300000, 0x00000000ac400000, 0x00000000ac400000|100%| E|CS|TAMS 0x00000000ac300000, 0x00000000ac300000| Complete 
| 196|0x00000000ac400000, 0x00000000ac500000, 0x00000000ac500000|100%| E|CS|TAMS 0x00000000ac400000, 0x00000000ac400000| Complete 
| 197|0x00000000ac500000, 0x00000000ac600000, 0x00000000ac600000|100%| E|CS|TAMS 0x00000000ac500000, 0x00000000ac500000| Complete 
| 198|0x00000000ac600000, 0x00000000ac700000, 0x00000000ac700000|100%| S|  |TAMS 0x00000000ac600000, 0x00000000ac600000| Complete 
| 199|0x00000000ac700000, 0x00000000ac800000, 0x00000000ac800000|100%| S|  |TAMS 0x00000000ac700000, 0x00000000ac700000| Complete 
| 200|0x00000000ac800000, 0x00000000ac900000, 0x00000000ac900000|100%| S|  |TAMS 0x00000000ac800000, 0x00000000ac800000| Complete 
| 201|0x00000000ac900000, 0x00000000aca00000, 0x00000000aca00000|100%| S|  |TAMS 0x00000000ac900000, 0x00000000ac900000| Complete 
| 202|0x00000000aca00000, 0x00000000acb00000, 0x00000000acb00000|100%| S|  |TAMS 0x00000000aca00000, 0x00000000aca00000| Complete 
| 203|0x00000000acb00000, 0x00000000acc00000, 0x00000000acc00000|100%| S|  |TAMS 0x00000000acb00000, 0x00000000acb00000| Complete 
| 204|0x00000000acc00000, 0x00000000acd00000, 0x00000000acd00000|100%| E|CS|TAMS 0x00000000acc00000, 0x00000000acc00000| Complete 
| 205|0x00000000acd00000, 0x00000000ace00000, 0x00000000ace00000|100%| E|CS|TAMS 0x00000000acd00000, 0x00000000acd00000| Complete 
| 206|0x00000000ace00000, 0x00000000acf00000, 0x00000000acf00000|100%| E|CS|TAMS 0x00000000ace00000, 0x00000000ace00000| Complete 
| 207|0x00000000acf00000, 0x00000000ad000000, 0x00000000ad000000|100%| E|CS|TAMS 0x00000000acf00000, 0x00000000acf00000| Complete 
| 208|0x00000000ad000000, 0x00000000ad100000, 0x00000000ad100000|100%| E|CS|TAMS 0x00000000ad000000, 0x00000000ad000000| Complete 
| 209|0x00000000ad100000, 0x00000000ad200000, 0x00000000ad200000|100%| E|CS|TAMS 0x00000000ad100000, 0x00000000ad100000| Complete 
| 210|0x00000000ad200000, 0x00000000ad300000, 0x00000000ad300000|100%| E|CS|TAMS 0x00000000ad200000, 0x00000000ad200000| Complete 
| 211|0x00000000ad300000, 0x00000000ad400000, 0x00000000ad400000|100%| E|CS|TAMS 0x00000000ad300000, 0x00000000ad300000| Complete 
| 212|0x00000000ad400000, 0x00000000ad500000, 0x00000000ad500000|100%| E|CS|TAMS 0x00000000ad400000, 0x00000000ad400000| Complete 
| 213|0x00000000ad500000, 0x00000000ad600000, 0x00000000ad600000|100%| E|CS|TAMS 0x00000000ad500000, 0x00000000ad500000| Complete 
| 214|0x00000000ad600000, 0x00000000ad700000, 0x00000000ad700000|100%| E|CS|TAMS 0x00000000ad600000, 0x00000000ad600000| Complete 
| 215|0x00000000ad700000, 0x00000000ad800000, 0x00000000ad800000|100%| E|CS|TAMS 0x00000000ad700000, 0x00000000ad700000| Complete 
| 216|0x00000000ad800000, 0x00000000ad900000, 0x00000000ad900000|100%| E|CS|TAMS 0x00000000ad800000, 0x00000000ad800000| Complete 
| 217|0x00000000ad900000, 0x00000000ada00000, 0x00000000ada00000|100%| E|CS|TAMS 0x00000000ad900000, 0x00000000ad900000| Complete 
| 218|0x00000000ada00000, 0x00000000adb00000, 0x00000000adb00000|100%| E|CS|TAMS 0x00000000ada00000, 0x00000000ada00000| Complete 
| 219|0x00000000adb00000, 0x00000000adc00000, 0x00000000adc00000|100%| E|CS|TAMS 0x00000000adb00000, 0x00000000adb00000| Complete 
| 220|0x00000000adc00000, 0x00000000add00000, 0x00000000add00000|100%| E|CS|TAMS 0x00000000adc00000, 0x00000000adc00000| Complete 
| 221|0x00000000add00000, 0x00000000ade00000, 0x00000000ade00000|100%| E|CS|TAMS 0x00000000add00000, 0x00000000add00000| Complete 
| 222|0x00000000ade00000, 0x00000000adf00000, 0x00000000adf00000|100%| E|CS|TAMS 0x00000000ade00000, 0x00000000ade00000| Complete 
| 223|0x00000000adf00000, 0x00000000ae000000, 0x00000000ae000000|100%| E|CS|TAMS 0x00000000adf00000, 0x00000000adf00000| Complete 
| 224|0x00000000ae000000, 0x00000000ae100000, 0x00000000ae100000|100%| E|CS|TAMS 0x00000000ae000000, 0x00000000ae000000| Complete 
| 225|0x00000000ae100000, 0x00000000ae200000, 0x00000000ae200000|100%| E|CS|TAMS 0x00000000ae100000, 0x00000000ae100000| Complete 
| 226|0x00000000ae200000, 0x00000000ae300000, 0x00000000ae300000|100%| E|CS|TAMS 0x00000000ae200000, 0x00000000ae200000| Complete 
| 227|0x00000000ae300000, 0x00000000ae400000, 0x00000000ae400000|100%| E|CS|TAMS 0x00000000ae300000, 0x00000000ae300000| Complete 
| 228|0x00000000ae400000, 0x00000000ae500000, 0x00000000ae500000|100%| E|CS|TAMS 0x00000000ae400000, 0x00000000ae400000| Complete 
| 229|0x00000000ae500000, 0x00000000ae600000, 0x00000000ae600000|100%| E|CS|TAMS 0x00000000ae500000, 0x00000000ae500000| Complete 
| 230|0x00000000ae600000, 0x00000000ae700000, 0x00000000ae700000|100%| E|CS|TAMS 0x00000000ae600000, 0x00000000ae600000| Complete 
| 231|0x00000000ae700000, 0x00000000ae800000, 0x00000000ae800000|100%| E|CS|TAMS 0x00000000ae700000, 0x00000000ae700000| Complete 
| 232|0x00000000ae800000, 0x00000000ae900000, 0x00000000ae900000|100%| E|CS|TAMS 0x00000000ae800000, 0x00000000ae800000| Complete 
| 233|0x00000000ae900000, 0x00000000aea00000, 0x00000000aea00000|100%| E|CS|TAMS 0x00000000ae900000, 0x00000000ae900000| Complete 
| 234|0x00000000aea00000, 0x00000000aeb00000, 0x00000000aeb00000|100%| E|CS|TAMS 0x00000000aea00000, 0x00000000aea00000| Complete 
| 235|0x00000000aeb00000, 0x00000000aec00000, 0x00000000aec00000|100%| E|CS|TAMS 0x00000000aeb00000, 0x00000000aeb00000| Complete 
| 236|0x00000000aec00000, 0x00000000aed00000, 0x00000000aed00000|100%| E|CS|TAMS 0x00000000aec00000, 0x00000000aec00000| Complete 
| 237|0x00000000aed00000, 0x00000000aee00000, 0x00000000aee00000|100%| E|CS|TAMS 0x00000000aed00000, 0x00000000aed00000| Complete 
| 238|0x00000000aee00000, 0x00000000aef00000, 0x00000000aef00000|100%| E|CS|TAMS 0x00000000aee00000, 0x00000000aee00000| Complete 
| 239|0x00000000aef00000, 0x00000000af000000, 0x00000000af000000|100%| E|CS|TAMS 0x00000000aef00000, 0x00000000aef00000| Complete 
| 240|0x00000000af000000, 0x00000000af100000, 0x00000000af100000|100%| E|CS|TAMS 0x00000000af000000, 0x00000000af000000| Complete 
| 241|0x00000000af100000, 0x00000000af200000, 0x00000000af200000|100%| E|CS|TAMS 0x00000000af100000, 0x00000000af100000| Complete 
| 242|0x00000000af200000, 0x00000000af300000, 0x00000000af300000|100%| E|CS|TAMS 0x00000000af200000, 0x00000000af200000| Complete 
| 243|0x00000000af300000, 0x00000000af400000, 0x00000000af400000|100%| E|CS|TAMS 0x00000000af300000, 0x00000000af300000| Complete 
| 244|0x00000000af400000, 0x00000000af500000, 0x00000000af500000|100%| E|CS|TAMS 0x00000000af400000, 0x00000000af400000| Complete 
| 245|0x00000000af500000, 0x00000000af600000, 0x00000000af600000|100%| E|CS|TAMS 0x00000000af500000, 0x00000000af500000| Complete 
| 246|0x00000000af600000, 0x00000000af700000, 0x00000000af700000|100%| E|CS|TAMS 0x00000000af600000, 0x00000000af600000| Complete 
| 247|0x00000000af700000, 0x00000000af800000, 0x00000000af800000|100%| E|CS|TAMS 0x00000000af700000, 0x00000000af700000| Complete 
| 248|0x00000000af800000, 0x00000000af900000, 0x00000000af900000|100%| E|CS|TAMS 0x00000000af800000, 0x00000000af800000| Complete 
| 249|0x00000000af900000, 0x00000000afa00000, 0x00000000afa00000|100%| E|CS|TAMS 0x00000000af900000, 0x00000000af900000| Complete 
| 250|0x00000000afa00000, 0x00000000afb00000, 0x00000000afb00000|100%| E|CS|TAMS 0x00000000afa00000, 0x00000000afa00000| Complete 
| 251|0x00000000afb00000, 0x00000000afc00000, 0x00000000afc00000|100%| E|CS|TAMS 0x00000000afb00000, 0x00000000afb00000| Complete 
| 252|0x00000000afc00000, 0x00000000afd00000, 0x00000000afd00000|100%| E|CS|TAMS 0x00000000afc00000, 0x00000000afc00000| Complete 
| 253|0x00000000afd00000, 0x00000000afe00000, 0x00000000afe00000|100%| E|CS|TAMS 0x00000000afd00000, 0x00000000afd00000| Complete 
| 254|0x00000000afe00000, 0x00000000aff00000, 0x00000000aff00000|100%| E|CS|TAMS 0x00000000afe00000, 0x00000000afe00000| Complete 
| 255|0x00000000aff00000, 0x00000000b0000000, 0x00000000b0000000|100%| E|CS|TAMS 0x00000000aff00000, 0x00000000aff00000| Complete 
| 256|0x00000000b0000000, 0x00000000b0100000, 0x00000000b0100000|100%| E|CS|TAMS 0x00000000b0000000, 0x00000000b0000000| Complete 
| 257|0x00000000b0100000, 0x00000000b0200000, 0x00000000b0200000|100%| E|CS|TAMS 0x00000000b0100000, 0x00000000b0100000| Complete 
| 258|0x00000000b0200000, 0x00000000b0300000, 0x00000000b0300000|100%| E|CS|TAMS 0x00000000b0200000, 0x00000000b0200000| Complete 
| 259|0x00000000b0300000, 0x00000000b0400000, 0x00000000b0400000|100%| E|CS|TAMS 0x00000000b0300000, 0x00000000b0300000| Complete 
| 260|0x00000000b0400000, 0x00000000b0500000, 0x00000000b0500000|100%| E|CS|TAMS 0x00000000b0400000, 0x00000000b0400000| Complete 
| 261|0x00000000b0500000, 0x00000000b0600000, 0x00000000b0600000|100%| E|CS|TAMS 0x00000000b0500000, 0x00000000b0500000| Complete 
| 262|0x00000000b0600000, 0x00000000b0700000, 0x00000000b0700000|100%| E|CS|TAMS 0x00000000b0600000, 0x00000000b0600000| Complete 
| 263|0x00000000b0700000, 0x00000000b0800000, 0x00000000b0800000|100%| E|CS|TAMS 0x00000000b0700000, 0x00000000b0700000| Complete 
| 264|0x00000000b0800000, 0x00000000b0900000, 0x00000000b0900000|100%| E|CS|TAMS 0x00000000b0800000, 0x00000000b0800000| Complete 
| 265|0x00000000b0900000, 0x00000000b0a00000, 0x00000000b0a00000|100%| E|CS|TAMS 0x00000000b0900000, 0x00000000b0900000| Complete 
| 266|0x00000000b0a00000, 0x00000000b0b00000, 0x00000000b0b00000|100%| E|CS|TAMS 0x00000000b0a00000, 0x00000000b0a00000| Complete 
| 267|0x00000000b0b00000, 0x00000000b0c00000, 0x00000000b0c00000|100%| E|CS|TAMS 0x00000000b0b00000, 0x00000000b0b00000| Complete 
| 268|0x00000000b0c00000, 0x00000000b0d00000, 0x00000000b0d00000|100%| E|CS|TAMS 0x00000000b0c00000, 0x00000000b0c00000| Complete 
| 269|0x00000000b0d00000, 0x00000000b0e00000, 0x00000000b0e00000|100%| E|CS|TAMS 0x00000000b0d00000, 0x00000000b0d00000| Complete 
| 270|0x00000000b0e00000, 0x00000000b0f00000, 0x00000000b0f00000|100%| E|CS|TAMS 0x00000000b0e00000, 0x00000000b0e00000| Complete 
| 271|0x00000000b0f00000, 0x00000000b1000000, 0x00000000b1000000|100%| E|CS|TAMS 0x00000000b0f00000, 0x00000000b0f00000| Complete 
| 272|0x00000000b1000000, 0x00000000b1100000, 0x00000000b1100000|100%| E|CS|TAMS 0x00000000b1000000, 0x00000000b1000000| Complete 
| 273|0x00000000b1100000, 0x00000000b1200000, 0x00000000b1200000|100%| E|CS|TAMS 0x00000000b1100000, 0x00000000b1100000| Complete 
| 274|0x00000000b1200000, 0x00000000b1300000, 0x00000000b1300000|100%| E|CS|TAMS 0x00000000b1200000, 0x00000000b1200000| Complete 
| 275|0x00000000b1300000, 0x00000000b1400000, 0x00000000b1400000|100%| E|CS|TAMS 0x00000000b1300000, 0x00000000b1300000| Complete 
| 276|0x00000000b1400000, 0x00000000b1500000, 0x00000000b1500000|100%| E|CS|TAMS 0x00000000b1400000, 0x00000000b1400000| Complete 
| 277|0x00000000b1500000, 0x00000000b1600000, 0x00000000b1600000|100%| E|CS|TAMS 0x00000000b1500000, 0x00000000b1500000| Complete 
| 278|0x00000000b1600000, 0x00000000b1700000, 0x00000000b1700000|100%| E|CS|TAMS 0x00000000b1600000, 0x00000000b1600000| Complete 
| 279|0x00000000b1700000, 0x00000000b1800000, 0x00000000b1800000|100%| E|CS|TAMS 0x00000000b1700000, 0x00000000b1700000| Complete 
| 280|0x00000000b1800000, 0x00000000b1900000, 0x00000000b1900000|100%| E|CS|TAMS 0x00000000b1800000, 0x00000000b1800000| Complete 
| 281|0x00000000b1900000, 0x00000000b1a00000, 0x00000000b1a00000|100%| E|CS|TAMS 0x00000000b1900000, 0x00000000b1900000| Complete 
| 282|0x00000000b1a00000, 0x00000000b1b00000, 0x00000000b1b00000|100%| E|CS|TAMS 0x00000000b1a00000, 0x00000000b1a00000| Complete 
| 283|0x00000000b1b00000, 0x00000000b1c00000, 0x00000000b1c00000|100%| E|CS|TAMS 0x00000000b1b00000, 0x00000000b1b00000| Complete 
| 284|0x00000000b1c00000, 0x00000000b1d00000, 0x00000000b1d00000|100%| E|CS|TAMS 0x00000000b1c00000, 0x00000000b1c00000| Complete 
| 285|0x00000000b1d00000, 0x00000000b1e00000, 0x00000000b1e00000|100%| E|CS|TAMS 0x00000000b1d00000, 0x00000000b1d00000| Complete 
| 286|0x00000000b1e00000, 0x00000000b1f00000, 0x00000000b1f00000|100%| E|CS|TAMS 0x00000000b1e00000, 0x00000000b1e00000| Complete 
| 287|0x00000000b1f00000, 0x00000000b2000000, 0x00000000b2000000|100%| E|CS|TAMS 0x00000000b1f00000, 0x00000000b1f00000| Complete 
| 288|0x00000000b2000000, 0x00000000b2100000, 0x00000000b2100000|100%| E|CS|TAMS 0x00000000b2000000, 0x00000000b2000000| Complete 
| 289|0x00000000b2100000, 0x00000000b2200000, 0x00000000b2200000|100%| E|CS|TAMS 0x00000000b2100000, 0x00000000b2100000| Complete 
| 290|0x00000000b2200000, 0x00000000b2300000, 0x00000000b2300000|100%| E|CS|TAMS 0x00000000b2200000, 0x00000000b2200000| Complete 
| 291|0x00000000b2300000, 0x00000000b2400000, 0x00000000b2400000|100%| E|CS|TAMS 0x00000000b2300000, 0x00000000b2300000| Complete 
| 292|0x00000000b2400000, 0x00000000b2500000, 0x00000000b2500000|100%| E|CS|TAMS 0x00000000b2400000, 0x00000000b2400000| Complete 
| 293|0x00000000b2500000, 0x00000000b2600000, 0x00000000b2600000|100%| E|CS|TAMS 0x00000000b2500000, 0x00000000b2500000| Complete 
| 294|0x00000000b2600000, 0x00000000b2700000, 0x00000000b2700000|100%| E|CS|TAMS 0x00000000b2600000, 0x00000000b2600000| Complete 
| 295|0x00000000b2700000, 0x00000000b2800000, 0x00000000b2800000|100%| E|CS|TAMS 0x00000000b2700000, 0x00000000b2700000| Complete 
| 296|0x00000000b2800000, 0x00000000b2900000, 0x00000000b2900000|100%| E|CS|TAMS 0x00000000b2800000, 0x00000000b2800000| Complete 
| 297|0x00000000b2900000, 0x00000000b2a00000, 0x00000000b2a00000|100%| E|CS|TAMS 0x00000000b2900000, 0x00000000b2900000| Complete 
| 298|0x00000000b2a00000, 0x00000000b2b00000, 0x00000000b2b00000|100%| E|CS|TAMS 0x00000000b2a00000, 0x00000000b2a00000| Complete 
| 299|0x00000000b2b00000, 0x00000000b2c00000, 0x00000000b2c00000|100%| E|CS|TAMS 0x00000000b2b00000, 0x00000000b2b00000| Complete 
| 300|0x00000000b2c00000, 0x00000000b2d00000, 0x00000000b2d00000|100%| E|CS|TAMS 0x00000000b2c00000, 0x00000000b2c00000| Complete 
| 301|0x00000000b2d00000, 0x00000000b2e00000, 0x00000000b2e00000|100%| E|CS|TAMS 0x00000000b2d00000, 0x00000000b2d00000| Complete 
| 302|0x00000000b2e00000, 0x00000000b2f00000, 0x00000000b2f00000|100%| E|CS|TAMS 0x00000000b2e00000, 0x00000000b2e00000| Complete 
| 303|0x00000000b2f00000, 0x00000000b3000000, 0x00000000b3000000|100%| E|CS|TAMS 0x00000000b2f00000, 0x00000000b2f00000| Complete 
| 304|0x00000000b3000000, 0x00000000b3100000, 0x00000000b3100000|100%| E|CS|TAMS 0x00000000b3000000, 0x00000000b3000000| Complete 
| 305|0x00000000b3100000, 0x00000000b3200000, 0x00000000b3200000|100%| E|CS|TAMS 0x00000000b3100000, 0x00000000b3100000| Complete 
| 306|0x00000000b3200000, 0x00000000b3300000, 0x00000000b3300000|100%| E|CS|TAMS 0x00000000b3200000, 0x00000000b3200000| Complete 
| 307|0x00000000b3300000, 0x00000000b3400000, 0x00000000b3400000|100%| E|CS|TAMS 0x00000000b3300000, 0x00000000b3300000| Complete 
| 308|0x00000000b3400000, 0x00000000b3500000, 0x00000000b3500000|100%| E|CS|TAMS 0x00000000b3400000, 0x00000000b3400000| Complete 
| 309|0x00000000b3500000, 0x00000000b3600000, 0x00000000b3600000|100%| E|CS|TAMS 0x00000000b3500000, 0x00000000b3500000| Complete 
| 310|0x00000000b3600000, 0x00000000b3700000, 0x00000000b3700000|100%| E|CS|TAMS 0x00000000b3600000, 0x00000000b3600000| Complete 
| 311|0x00000000b3700000, 0x00000000b3800000, 0x00000000b3800000|100%| E|CS|TAMS 0x00000000b3700000, 0x00000000b3700000| Complete 
| 312|0x00000000b3800000, 0x00000000b3900000, 0x00000000b3900000|100%| E|CS|TAMS 0x00000000b3800000, 0x00000000b3800000| Complete 
| 313|0x00000000b3900000, 0x00000000b3a00000, 0x00000000b3a00000|100%| E|CS|TAMS 0x00000000b3900000, 0x00000000b3900000| Complete 
| 314|0x00000000b3a00000, 0x00000000b3b00000, 0x00000000b3b00000|100%| E|CS|TAMS 0x00000000b3a00000, 0x00000000b3a00000| Complete 
| 315|0x00000000b3b00000, 0x00000000b3c00000, 0x00000000b3c00000|100%| E|CS|TAMS 0x00000000b3b00000, 0x00000000b3b00000| Complete 
| 316|0x00000000b3c00000, 0x00000000b3d00000, 0x00000000b3d00000|100%| E|CS|TAMS 0x00000000b3c00000, 0x00000000b3c00000| Complete 
| 317|0x00000000b3d00000, 0x00000000b3e00000, 0x00000000b3e00000|100%| E|CS|TAMS 0x00000000b3d00000, 0x00000000b3d00000| Complete 
| 318|0x00000000b3e00000, 0x00000000b3f00000, 0x00000000b3f00000|100%| E|CS|TAMS 0x00000000b3e00000, 0x00000000b3e00000| Complete 
| 319|0x00000000b3f00000, 0x00000000b4000000, 0x00000000b4000000|100%| E|CS|TAMS 0x00000000b3f00000, 0x00000000b3f00000| Complete 
| 320|0x00000000b4000000, 0x00000000b4100000, 0x00000000b4100000|100%| E|CS|TAMS 0x00000000b4000000, 0x00000000b4000000| Complete 
| 321|0x00000000b4100000, 0x00000000b4200000, 0x00000000b4200000|100%| E|CS|TAMS 0x00000000b4100000, 0x00000000b4100000| Complete 
| 322|0x00000000b4200000, 0x00000000b4300000, 0x00000000b4300000|100%| E|CS|TAMS 0x00000000b4200000, 0x00000000b4200000| Complete 
| 323|0x00000000b4300000, 0x00000000b4400000, 0x00000000b4400000|100%| E|CS|TAMS 0x00000000b4300000, 0x00000000b4300000| Complete 
| 324|0x00000000b4400000, 0x00000000b4500000, 0x00000000b4500000|100%| E|CS|TAMS 0x00000000b4400000, 0x00000000b4400000| Complete 
| 325|0x00000000b4500000, 0x00000000b4600000, 0x00000000b4600000|100%| E|CS|TAMS 0x00000000b4500000, 0x00000000b4500000| Complete 
| 326|0x00000000b4600000, 0x00000000b4700000, 0x00000000b4700000|100%| E|CS|TAMS 0x00000000b4600000, 0x00000000b4600000| Complete 
| 327|0x00000000b4700000, 0x00000000b4800000, 0x00000000b4800000|100%| E|CS|TAMS 0x00000000b4700000, 0x00000000b4700000| Complete 
| 328|0x00000000b4800000, 0x00000000b4900000, 0x00000000b4900000|100%| E|CS|TAMS 0x00000000b4800000, 0x00000000b4800000| Complete 
| 329|0x00000000b4900000, 0x00000000b4a00000, 0x00000000b4a00000|100%| E|CS|TAMS 0x00000000b4900000, 0x00000000b4900000| Complete 
| 330|0x00000000b4a00000, 0x00000000b4b00000, 0x00000000b4b00000|100%| E|CS|TAMS 0x00000000b4a00000, 0x00000000b4a00000| Complete 
| 331|0x00000000b4b00000, 0x00000000b4c00000, 0x00000000b4c00000|100%| E|CS|TAMS 0x00000000b4b00000, 0x00000000b4b00000| Complete 
| 332|0x00000000b4c00000, 0x00000000b4d00000, 0x00000000b4d00000|100%| E|CS|TAMS 0x00000000b4c00000, 0x00000000b4c00000| Complete 
| 333|0x00000000b4d00000, 0x00000000b4e00000, 0x00000000b4e00000|100%| E|CS|TAMS 0x00000000b4d00000, 0x00000000b4d00000| Complete 
| 334|0x00000000b4e00000, 0x00000000b4f00000, 0x00000000b4f00000|100%| E|CS|TAMS 0x00000000b4e00000, 0x00000000b4e00000| Complete 
| 335|0x00000000b4f00000, 0x00000000b5000000, 0x00000000b5000000|100%| E|CS|TAMS 0x00000000b4f00000, 0x00000000b4f00000| Complete 

Card table byte_map: [0x00000257a8e90000,0x00000257a9190000] _byte_map_base: 0x00000257a8990000

Marking Bits (Prev, Next): (CMBitMap*) 0x0000025795a96828, (CMBitMap*) 0x0000025795a96860
 Prev Bits: [0x00000257a9490000, 0x00000257aac90000)
 Next Bits: [0x00000257aac90000, 0x00000257ac490000)

Polling page: 0x0000025794110000

Metaspace:

Usage:
  Non-class:     91.83 MB capacity,    90.17 MB ( 98%) used,     1.32 MB (  1%) free+waste,   343.75 KB ( <1%) overhead. 
      Class:     14.25 MB capacity,    13.19 MB ( 93%) used,   933.29 KB (  6%) free+waste,   151.13 KB (  1%) overhead. 
       Both:    106.08 MB capacity,   103.37 MB ( 97%) used,     2.23 MB (  2%) free+waste,   494.88 KB ( <1%) overhead. 

Virtual space:
  Non-class space:       92.00 MB reserved,      91.95 MB (>99%) committed 
      Class space:        1.00 GB reserved,      14.38 MB (  1%) committed 
             Both:        1.09 GB reserved,     106.32 MB ( 10%) committed 

Chunk freelists:
   Non-Class:  0 bytes
       Class:  0 bytes
        Both:  0 bytes

MaxMetaspaceSize: 17179869184.00 GB
CompressedClassSpaceSize: 1.00 GB
Initial GC threshold: 20.80 MB
Current GC threshold: 176.38 MB
CDS: off

CodeHeap 'non-profiled nmethods': size=120064Kb used=8562Kb max_used=8562Kb free=111501Kb
 bounds [0x00000257a1030000, 0x00000257a1890000, 0x00000257a8570000]
CodeHeap 'profiled nmethods': size=120000Kb used=38949Kb max_used=38949Kb free=81050Kb
 bounds [0x0000025799b00000, 0x000002579c110000, 0x00000257a1030000]
CodeHeap 'non-nmethods': size=5696Kb used=2404Kb max_used=2459Kb free=3292Kb
 bounds [0x0000025799570000, 0x00000257997f0000, 0x0000025799b00000]
 total_blobs=16588 nmethods=15666 adapters=832
 compilation: enabled
              stopped_count=0, restarted_count=0
 full_count=0

Compilation events (20 events):
Event: 35.139 Thread 0x00000257aeaa2800 16101       2       com.android.tools.r8.internal.Ql::g (79 bytes)
Event: 35.140 Thread 0x00000257aeaa2800 nmethod 16101 0x000002579c103b90 code [0x000002579c103da0, 0x000002579c1040a8]
Event: 35.173 Thread 0x00000257aeaa2800 16102 %     3       com.android.tools.r8.internal.Y9::a @ 33 (102 bytes)
Event: 35.175 Thread 0x00000257aeaa2800 nmethod 16102% 0x000002579c104310 code [0x000002579c1045e0, 0x000002579c1056d8]
Event: 35.246 Thread 0x00000257aeaa2800 16104       3       com.android.tools.r8.internal.Iq::e (174 bytes)
Event: 35.247 Thread 0x00000257aeaa2800 nmethod 16104 0x000002579c105c90 code [0x000002579c105ec0, 0x000002579c106928]
Event: 35.301 Thread 0x00000257aeaa2800 16105       2       com.android.tools.r8.internal.A8::a (91 bytes)
Event: 35.302 Thread 0x00000257aeaa2800 nmethod 16105 0x000002579c106d10 code [0x000002579c106f40, 0x000002579c1073e8]
Event: 35.302 Thread 0x00000257aeaa2800 16106       2       com.android.tools.r8.internal.h4::b (20 bytes)
Event: 35.302 Thread 0x00000257aeaa2800 nmethod 16106 0x000002579c107710 code [0x000002579c1078c0, 0x000002579c1079d8]
Event: 35.302 Thread 0x00000257aeaa2800 16107       2       com.android.tools.r8.internal.Rr::<init> (24 bytes)
Event: 35.302 Thread 0x00000257aeaa2800 nmethod 16107 0x000002579c107a90 code [0x000002579c107c40, 0x000002579c107e68]
Event: 35.306 Thread 0x00000257aeaa2800 16108       2       com.android.tools.r8.internal.Rr::a (60 bytes)
Event: 35.307 Thread 0x00000257aeaa2800 nmethod 16108 0x000002579c107f90 code [0x000002579c1081c0, 0x000002579c1085a8]
Event: 35.307 Thread 0x00000257aeaa2800 16109       2       com.android.tools.r8.internal.lf::<init> (15 bytes)
Event: 35.307 Thread 0x00000257aeaa2800 nmethod 16109 0x000002579c108910 code [0x000002579c108ac0, 0x000002579c108c58]
Event: 35.308 Thread 0x00000257aeaa2800 16110       2       com.android.tools.r8.code.V3::<init> (5 bytes)
Event: 35.308 Thread 0x00000257aeaa2800 nmethod 16110 0x000002579c108d10 code [0x000002579c108ec0, 0x000002579c108fb8]
Event: 35.314 Thread 0x00000257aeaa2800 16111       2       com.android.tools.r8.internal.nV::d (10 bytes)
Event: 35.314 Thread 0x00000257aeaa2800 nmethod 16111 0x000002579c109090 code [0x000002579c109240, 0x000002579c1093c8]

GC Heap History (20 events):
Event: 29.808 GC heap before
{Heap before GC invocations=42 (full 0):
 garbage-first heap   total 344064K, used 262421K [0x00000000a0000000, 0x0000000100000000)
  region size 1024K, 110 young (112640K), 2 survivors (2048K)
 Metaspace       used 105390K, capacity 108201K, committed 108364K, reserved 1142784K
  class space    used 13485K, capacity 14578K, committed 14720K, reserved 1048576K
}
Event: 29.815 GC heap after
{Heap after GC invocations=43 (full 0):
 garbage-first heap   total 344064K, used 151206K [0x00000000a0000000, 0x0000000100000000)
  region size 1024K, 2 young (2048K), 2 survivors (2048K)
 Metaspace       used 105390K, capacity 108201K, committed 108364K, reserved 1142784K
  class space    used 13485K, capacity 14578K, committed 14720K, reserved 1048576K
}
Event: 30.303 GC heap before
{Heap before GC invocations=43 (full 0):
 garbage-first heap   total 344064K, used 272038K [0x00000000a0000000, 0x0000000100000000)
  region size 1024K, 120 young (122880K), 2 survivors (2048K)
 Metaspace       used 105472K, capacity 108271K, committed 108620K, reserved 1142784K
  class space    used 13496K, capacity 14578K, committed 14720K, reserved 1048576K
}
Event: 30.314 GC heap after
{Heap after GC invocations=44 (full 0):
 garbage-first heap   total 344064K, used 153534K [0x00000000a0000000, 0x0000000100000000)
  region size 1024K, 4 young (4096K), 4 survivors (4096K)
 Metaspace       used 105472K, capacity 108271K, committed 108620K, reserved 1142784K
  class space    used 13496K, capacity 14578K, committed 14720K, reserved 1048576K
}
Event: 30.900 GC heap before
{Heap before GC invocations=44 (full 0):
 garbage-first heap   total 344064K, used 285630K [0x00000000a0000000, 0x0000000100000000)
  region size 1024K, 133 young (136192K), 4 survivors (4096K)
 Metaspace       used 105525K, capacity 108346K, committed 108620K, reserved 1142784K
  class space    used 13498K, capacity 14581K, committed 14720K, reserved 1048576K
}
Event: 30.909 GC heap after
{Heap after GC invocations=45 (full 0):
 garbage-first heap   total 344064K, used 153371K [0x00000000a0000000, 0x0000000100000000)
  region size 1024K, 4 young (4096K), 4 survivors (4096K)
 Metaspace       used 105525K, capacity 108346K, committed 108620K, reserved 1142784K
  class space    used 13498K, capacity 14581K, committed 14720K, reserved 1048576K
}
Event: 31.578 GC heap before
{Heap before GC invocations=45 (full 0):
 garbage-first heap   total 344064K, used 289563K [0x00000000a0000000, 0x0000000100000000)
  region size 1024K, 137 young (140288K), 4 survivors (4096K)
 Metaspace       used 105620K, capacity 108432K, committed 108620K, reserved 1142784K
  class space    used 13500K, capacity 14583K, committed 14720K, reserved 1048576K
}
Event: 31.588 GC heap after
{Heap after GC invocations=46 (full 0):
 garbage-first heap   total 344064K, used 153106K [0x00000000a0000000, 0x0000000100000000)
  region size 1024K, 4 young (4096K), 4 survivors (4096K)
 Metaspace       used 105620K, capacity 108432K, committed 108620K, reserved 1142784K
  class space    used 13500K, capacity 14583K, committed 14720K, reserved 1048576K
}
Event: 32.153 GC heap before
{Heap before GC invocations=46 (full 0):
 garbage-first heap   total 344064K, used 291346K [0x00000000a0000000, 0x0000000100000000)
  region size 1024K, 140 young (143360K), 4 survivors (4096K)
 Metaspace       used 105660K, capacity 108437K, committed 108620K, reserved 1142784K
  class space    used 13501K, capacity 14584K, committed 14720K, reserved 1048576K
}
Event: 32.168 GC heap after
{Heap after GC invocations=47 (full 0):
 garbage-first heap   total 344064K, used 155873K [0x00000000a0000000, 0x0000000100000000)
  region size 1024K, 6 young (6144K), 6 survivors (6144K)
 Metaspace       used 105660K, capacity 108437K, committed 108620K, reserved 1142784K
  class space    used 13501K, capacity 14584K, committed 14720K, reserved 1048576K
}
Event: 32.718 GC heap before
{Heap before GC invocations=47 (full 0):
 garbage-first heap   total 344064K, used 293089K [0x00000000a0000000, 0x0000000100000000)
  region size 1024K, 141 young (144384K), 6 survivors (6144K)
 Metaspace       used 105696K, capacity 108512K, committed 108876K, reserved 1142784K
  class space    used 13506K, capacity 14588K, committed 14720K, reserved 1048576K
}
Event: 32.735 GC heap after
{Heap after GC invocations=48 (full 0):
 garbage-first heap   total 344064K, used 156536K [0x00000000a0000000, 0x0000000100000000)
  region size 1024K, 7 young (7168K), 7 survivors (7168K)
 Metaspace       used 105696K, capacity 108512K, committed 108876K, reserved 1142784K
  class space    used 13506K, capacity 14588K, committed 14720K, reserved 1048576K
}
Event: 33.354 GC heap before
{Heap before GC invocations=48 (full 0):
 garbage-first heap   total 344064K, used 294776K [0x00000000a0000000, 0x0000000100000000)
  region size 1024K, 142 young (145408K), 7 survivors (7168K)
 Metaspace       used 105716K, capacity 108524K, committed 108876K, reserved 1142784K
  class space    used 13508K, capacity 14592K, committed 14720K, reserved 1048576K
}
Event: 33.371 GC heap after
{Heap after GC invocations=49 (full 0):
 garbage-first heap   total 344064K, used 156341K [0x00000000a0000000, 0x0000000100000000)
  region size 1024K, 7 young (7168K), 7 survivors (7168K)
 Metaspace       used 105716K, capacity 108524K, committed 108876K, reserved 1142784K
  class space    used 13508K, capacity 14592K, committed 14720K, reserved 1048576K
}
Event: 33.935 GC heap before
{Heap before GC invocations=49 (full 0):
 garbage-first heap   total 344064K, used 294581K [0x00000000a0000000, 0x0000000100000000)
  region size 1024K, 143 young (146432K), 7 survivors (7168K)
 Metaspace       used 105733K, capacity 108533K, committed 108876K, reserved 1142784K
  class space    used 13508K, capacity 14593K, committed 14720K, reserved 1048576K
}
Event: 33.958 GC heap after
{Heap after GC invocations=50 (full 0):
 garbage-first heap   total 344064K, used 162045K [0x00000000a0000000, 0x0000000100000000)
  region size 1024K, 12 young (12288K), 12 survivors (12288K)
 Metaspace       used 105733K, capacity 108533K, committed 108876K, reserved 1142784K
  class space    used 13508K, capacity 14593K, committed 14720K, reserved 1048576K
}
Event: 34.498 GC heap before
{Heap before GC invocations=50 (full 0):
 garbage-first heap   total 344064K, used 295165K [0x00000000a0000000, 0x0000000100000000)
  region size 1024K, 142 young (145408K), 12 survivors (12288K)
 Metaspace       used 105817K, capacity 108623K, committed 108876K, reserved 1142784K
  class space    used 13509K, capacity 14594K, committed 14720K, reserved 1048576K
}
Event: 34.523 GC heap after
{Heap after GC invocations=51 (full 0):
 garbage-first heap   total 344064K, used 161612K [0x00000000a0000000, 0x0000000100000000)
  region size 1024K, 9 young (9216K), 9 survivors (9216K)
 Metaspace       used 105817K, capacity 108623K, committed 108876K, reserved 1142784K
  class space    used 13509K, capacity 14594K, committed 14720K, reserved 1048576K
}
Event: 35.040 GC heap before
{Heap before GC invocations=51 (full 0):
 garbage-first heap   total 344064K, used 295756K [0x00000000a0000000, 0x0000000100000000)
  region size 1024K, 140 young (143360K), 9 survivors (9216K)
 Metaspace       used 105837K, capacity 108626K, committed 108876K, reserved 1142784K
  class space    used 13509K, capacity 14594K, committed 14720K, reserved 1048576K
}
Event: 35.057 GC heap after
{Heap after GC invocations=52 (full 0):
 garbage-first heap   total 344064K, used 161627K [0x00000000a0000000, 0x0000000100000000)
  region size 1024K, 9 young (9216K), 9 survivors (9216K)
 Metaspace       used 105837K, capacity 108626K, committed 108876K, reserved 1142784K
  class space    used 13509K, capacity 14594K, committed 14720K, reserved 1048576K
}

Deoptimization events (20 events):
Event: 34.727 Thread 0x00000257b4897800 DEOPT PACKING pc=0x000002579ad06404 sp=0x000000b651fff360
Event: 34.727 Thread 0x00000257b4897800 DEOPT UNPACKING pc=0x00000257995ba95e sp=0x000000b651ffe920 mode 0
Event: 34.727 Thread 0x00000257b4576000 DEOPT PACKING pc=0x000002579ad06404 sp=0x000000b6515fede0
Event: 34.727 Thread 0x00000257b4576000 DEOPT UNPACKING pc=0x00000257995ba95e sp=0x000000b6515fe3a0 mode 0
Event: 34.907 Thread 0x00000257b4580000 DEOPT PACKING pc=0x000002579b6b9a0e sp=0x000000b6517f92a0
Event: 34.907 Thread 0x00000257b4580000 DEOPT UNPACKING pc=0x00000257995ba95e sp=0x000000b6517f8a60 mode 0
Event: 34.934 Thread 0x00000257b2e8e000 DEOPT PACKING pc=0x000002579b6b9a0e sp=0x000000b6506f90d0
Event: 34.934 Thread 0x00000257b2e8e000 DEOPT UNPACKING pc=0x00000257995ba95e sp=0x000000b6506f8890 mode 0
Event: 34.951 Thread 0x00000257b2e84800 DEOPT PACKING pc=0x000002579b6b9a0e sp=0x000000b64fbf9060
Event: 34.951 Thread 0x00000257b2e84800 DEOPT UNPACKING pc=0x00000257995ba95e sp=0x000000b64fbf8820 mode 0
Event: 34.978 Thread 0x00000257b4580000 DEOPT PACKING pc=0x000002579b60fea0 sp=0x000000b6517f9200
Event: 34.978 Thread 0x00000257b4580000 DEOPT UNPACKING pc=0x00000257995ba95e sp=0x000000b6517f8a80 mode 0
Event: 35.059 Thread 0x00000257b2e8e000 DEOPT PACKING pc=0x000002579b6b9a0e sp=0x000000b6506f90d0
Event: 35.059 Thread 0x00000257b2e8e000 DEOPT UNPACKING pc=0x00000257995ba95e sp=0x000000b6506f8890 mode 0
Event: 35.295 Thread 0x00000257b489c000 DEOPT PACKING pc=0x000002579b6b9a0e sp=0x000000b6520f8ad0
Event: 35.295 Thread 0x00000257b489c000 DEOPT UNPACKING pc=0x00000257995ba95e sp=0x000000b6520f8290 mode 0
Event: 35.345 Thread 0x00000257b4580000 DEOPT PACKING pc=0x000002579b6b9a0e sp=0x000000b6517f92a0
Event: 35.345 Thread 0x00000257b4580000 DEOPT UNPACKING pc=0x00000257995ba95e sp=0x000000b6517f8a60 mode 0
Event: 35.360 Thread 0x00000257b2e84800 DEOPT PACKING pc=0x000002579b610e37 sp=0x000000b64fbf8fc0
Event: 35.360 Thread 0x00000257b2e84800 DEOPT UNPACKING pc=0x00000257995ba95e sp=0x000000b64fbf8848 mode 0

Classes redefined (0 events):
No events

Internal exceptions (20 events):
Event: 25.336 Thread 0x00000257b2e84800 Exception <a 'sun/nio/fs/WindowsException'{0x00000000ac0d2a98}> (0x00000000ac0d2a98) thrown at [./src/hotspot/share/prims/jni.cpp, line 615]
Event: 25.586 Thread 0x00000257b4580000 Implicit null exception at 0x00000257a173541b to 0x00000257a1739bf8
Event: 25.667 Thread 0x00000257b2e80800 Exception <a 'sun/nio/fs/WindowsException'{0x00000000aa31cc78}> (0x00000000aa31cc78) thrown at [./src/hotspot/share/prims/jni.cpp, line 615]
Event: 26.386 Thread 0x00000257b457e800 Exception <a 'sun/nio/fs/WindowsException'{0x00000000abfd0700}> (0x00000000abfd0700) thrown at [./src/hotspot/share/prims/jni.cpp, line 615]
Event: 26.974 Thread 0x00000257b457e800 Exception <a 'sun/nio/fs/WindowsException'{0x00000000ae81ebd0}> (0x00000000ae81ebd0) thrown at [./src/hotspot/share/prims/jni.cpp, line 615]
Event: 27.482 Thread 0x00000257b457e800 Exception <a 'sun/nio/fs/WindowsException'{0x00000000acddfe18}> (0x00000000acddfe18) thrown at [./src/hotspot/share/prims/jni.cpp, line 615]
Event: 27.657 Thread 0x00000257b457e800 Exception <a 'sun/nio/fs/WindowsException'{0x00000000b09401c8}> (0x00000000b09401c8) thrown at [./src/hotspot/share/prims/jni.cpp, line 615]
Event: 28.653 Thread 0x00000257b457e800 Exception <a 'sun/nio/fs/WindowsException'{0x00000000ae72a380}> (0x00000000ae72a380) thrown at [./src/hotspot/share/prims/jni.cpp, line 615]
Event: 28.676 Thread 0x00000257b457e800 Exception <a 'sun/nio/fs/WindowsException'{0x00000000ae59baa8}> (0x00000000ae59baa8) thrown at [./src/hotspot/share/prims/jni.cpp, line 615]
Event: 30.288 Thread 0x00000257b4896800 Exception <a 'sun/nio/fs/WindowsException'{0x00000000adbdbb40}> (0x00000000adbdbb40) thrown at [./src/hotspot/share/prims/jni.cpp, line 615]
Event: 30.944 Thread 0x00000257b4896800 Exception <a 'sun/nio/fs/WindowsException'{0x00000000b450b840}> (0x00000000b450b840) thrown at [./src/hotspot/share/prims/jni.cpp, line 615]
Event: 31.165 Thread 0x00000257b2e80800 Exception <a 'sun/nio/fs/WindowsException'{0x00000000b1a3f3a8}> (0x00000000b1a3f3a8) thrown at [./src/hotspot/share/prims/jni.cpp, line 615]
Event: 31.467 Thread 0x00000257b2e8b000 Exception <a 'sun/nio/fs/WindowsException'{0x00000000ae2cbe28}> (0x00000000ae2cbe28) thrown at [./src/hotspot/share/prims/jni.cpp, line 615]
Event: 31.805 Thread 0x00000257b4897800 Exception <a 'sun/nio/fs/WindowsException'{0x00000000b17ea500}> (0x00000000b17ea500) thrown at [./src/hotspot/share/prims/jni.cpp, line 615]
Event: 32.035 Thread 0x00000257b2e8b000 Exception <a 'sun/nio/fs/WindowsException'{0x00000000ae1cb510}> (0x00000000ae1cb510) thrown at [./src/hotspot/share/prims/jni.cpp, line 615]
Event: 32.319 Thread 0x00000257b2e8c800 Exception <a 'sun/nio/fs/WindowsException'{0x00000000b2dae040}> (0x00000000b2dae040) thrown at [./src/hotspot/share/prims/jni.cpp, line 615]
Event: 33.032 Thread 0x00000257b2e8c800 Exception <a 'sun/nio/fs/WindowsException'{0x00000000b09297d8}> (0x00000000b09297d8) thrown at [./src/hotspot/share/prims/jni.cpp, line 615]
Event: 33.723 Thread 0x00000257b2e8e000 Exception <a 'sun/nio/fs/WindowsException'{0x00000000afa2f010}> (0x00000000afa2f010) thrown at [./src/hotspot/share/prims/jni.cpp, line 615]
Event: 34.373 Thread 0x00000257b4897800 Exception <a 'sun/nio/fs/WindowsException'{0x00000000ae9fc760}> (0x00000000ae9fc760) thrown at [./src/hotspot/share/prims/jni.cpp, line 615]
Event: 35.085 Thread 0x00000257b489c000 Exception <a 'sun/nio/fs/WindowsException'{0x00000000b474ebd0}> (0x00000000b474ebd0) thrown at [./src/hotspot/share/prims/jni.cpp, line 615]

Events (20 events):
Event: 32.781 loading class com/android/tools/r8/internal/lV
Event: 32.781 loading class com/android/tools/r8/internal/lV done
Event: 32.782 loading class com/android/tools/r8/code/Q0
Event: 32.782 loading class com/android/tools/r8/code/Q0 done
Event: 32.782 loading class com/android/tools/r8/code/Q0
Event: 32.782 loading class com/android/tools/r8/code/Q0 done
Event: 32.782 loading class com/android/tools/r8/code/Q0
Event: 32.782 loading class com/android/tools/r8/code/Q0 done
Event: 32.783 loading class com/android/tools/r8/code/Q0
Event: 32.783 loading class com/android/tools/r8/code/Q0 done
Event: 33.353 Executing VM operation: G1CollectForAllocation
Event: 33.371 Executing VM operation: G1CollectForAllocation done
Event: 33.934 Executing VM operation: G1CollectForAllocation
Event: 33.958 Executing VM operation: G1CollectForAllocation done
Event: 33.994 loading class com/android/tools/r8/internal/T6
Event: 33.994 loading class com/android/tools/r8/internal/T6 done
Event: 34.497 Executing VM operation: G1CollectForAllocation
Event: 34.523 Executing VM operation: G1CollectForAllocation done
Event: 35.039 Executing VM operation: G1CollectForAllocation
Event: 35.057 Executing VM operation: G1CollectForAllocation done


Dynamic libraries:
0x00007ff7db7f0000 - 0x00007ff7db7fa000 	F:\AndroidStudio\jre\bin\java.exe
0x00007ffd464d0000 - 0x00007ffd466c8000 	C:\WINDOWS\SYSTEM32\ntdll.dll
0x00007ffd45c10000 - 0x00007ffd45ccd000 	C:\WINDOWS\System32\KERNEL32.DLL
0x00007ffd44100000 - 0x00007ffd443ce000 	C:\WINDOWS\System32\KERNELBASE.dll
0x00007ffd43ce0000 - 0x00007ffd43de0000 	C:\WINDOWS\System32\ucrtbase.dll
0x00007ffd248e0000 - 0x00007ffd248f7000 	F:\AndroidStudio\jre\bin\VCRUNTIME140.dll
0x00007ffd24900000 - 0x00007ffd24919000 	F:\AndroidStudio\jre\bin\jli.dll
0x00007ffd45a70000 - 0x00007ffd45c10000 	C:\WINDOWS\System32\USER32.dll
0x00007ffd43cb0000 - 0x00007ffd43cd2000 	C:\WINDOWS\System32\win32u.dll
0x00007ffd2a880000 - 0x00007ffd2ab1a000 	C:\WINDOWS\WinSxS\amd64_microsoft.windows.common-controls_6595b64144ccf1df_6.0.19041.1110_none_60b5254171f9507e\COMCTL32.dll
0x00007ffd45170000 - 0x00007ffd4519a000 	C:\WINDOWS\System32\GDI32.dll
0x00007ffd44fa0000 - 0x00007ffd4503e000 	C:\WINDOWS\System32\msvcrt.dll
0x00007ffd43de0000 - 0x00007ffd43eeb000 	C:\WINDOWS\System32\gdi32full.dll
0x00007ffd43ff0000 - 0x00007ffd4408d000 	C:\WINDOWS\System32\msvcp_win.dll
0x00007ffd45870000 - 0x00007ffd458a0000 	C:\WINDOWS\System32\IMM32.DLL
0x00007ffd1e340000 - 0x00007ffd1e3dd000 	F:\AndroidStudio\jre\bin\msvcp140.dll
0x00007ffce67f0000 - 0x00007ffce72d5000 	F:\AndroidStudio\jre\bin\server\jvm.dll
0x00007ffd455b0000 - 0x00007ffd4565e000 	C:\WINDOWS\System32\ADVAPI32.dll
0x00007ffd463f0000 - 0x00007ffd4648c000 	C:\WINDOWS\System32\sechost.dll
0x00007ffd45e50000 - 0x00007ffd45f75000 	C:\WINDOWS\System32\RPCRT4.dll
0x00007ffd44de0000 - 0x00007ffd44de8000 	C:\WINDOWS\System32\PSAPI.DLL
0x00007ffd261a0000 - 0x00007ffd261a9000 	C:\WINDOWS\SYSTEM32\WSOCK32.dll
0x00007ffd45cd0000 - 0x00007ffd45d3b000 	C:\WINDOWS\System32\WS2_32.dll
0x00007ffd33dc0000 - 0x00007ffd33dca000 	C:\WINDOWS\SYSTEM32\VERSION.dll
0x00007ffd2d050000 - 0x00007ffd2d077000 	C:\WINDOWS\SYSTEM32\WINMM.dll
0x00007ffd42470000 - 0x00007ffd42482000 	C:\WINDOWS\SYSTEM32\kernel.appcore.dll
0x00007ffd3e3d0000 - 0x00007ffd3e3e1000 	F:\AndroidStudio\jre\bin\verify.dll
0x00007ffd419e0000 - 0x00007ffd41bc4000 	C:\WINDOWS\SYSTEM32\DBGHELP.DLL
0x00007ffd30890000 - 0x00007ffd308bc000 	C:\WINDOWS\SYSTEM32\dbgcore.DLL
0x00007ffd43bf0000 - 0x00007ffd43c72000 	C:\WINDOWS\System32\bcryptPrimitives.dll
0x00007ffd28c40000 - 0x00007ffd28c69000 	F:\AndroidStudio\jre\bin\java.dll
0x00007ffd3e510000 - 0x00007ffd3e51b000 	F:\AndroidStudio\jre\bin\jimage.dll
0x00007ffd3cfd0000 - 0x00007ffd3cfe8000 	F:\AndroidStudio\jre\bin\zip.dll
0x00007ffd44530000 - 0x00007ffd44c73000 	C:\WINDOWS\System32\SHELL32.dll
0x00007ffd41bd0000 - 0x00007ffd42365000 	C:\WINDOWS\SYSTEM32\windows.storage.dll
0x00007ffd45250000 - 0x00007ffd455a4000 	C:\WINDOWS\System32\combase.dll
0x00007ffd43580000 - 0x00007ffd435b0000 	C:\WINDOWS\SYSTEM32\Wldp.dll
0x00007ffd459c0000 - 0x00007ffd45a6d000 	C:\WINDOWS\System32\SHCORE.dll
0x00007ffd45660000 - 0x00007ffd456b5000 	C:\WINDOWS\System32\shlwapi.dll
0x00007ffd43b30000 - 0x00007ffd43b4f000 	C:\WINDOWS\SYSTEM32\profapi.dll
0x00007ffd28db0000 - 0x00007ffd28dca000 	F:\AndroidStudio\jre\bin\net.dll
0x00007ffd30440000 - 0x00007ffd3054a000 	C:\WINDOWS\SYSTEM32\WINHTTP.dll
0x00007ffd432e0000 - 0x00007ffd4334a000 	C:\WINDOWS\system32\mswsock.dll
0x00007ffd26f20000 - 0x00007ffd26f34000 	F:\AndroidStudio\jre\bin\nio.dll
0x00007ffd1e690000 - 0x00007ffd1e6b7000 	C:\Users\Sultan\.gradle\native\e1d6ef7f7dcc3fd88c89a11ec53ec762bb8ba0a96d01ffa2cd45eb1d1d8dd5c5\windows-amd64\native-platform.dll
0x00007ffd15d80000 - 0x00007ffd15ec4000 	C:\Users\Sultan\.gradle\native\5664cfc778a61ccfe75a443a1ab52a65af34e5dc3c78e0209fed803814484fcb\windows-amd64\native-platform-file-events.dll
0x00007ffd3e4e0000 - 0x00007ffd3e4ea000 	F:\AndroidStudio\jre\bin\management.dll
0x00007ffd3e4b0000 - 0x00007ffd3e4bd000 	F:\AndroidStudio\jre\bin\management_ext.dll
0x00007ffd434e0000 - 0x00007ffd434f8000 	C:\WINDOWS\SYSTEM32\CRYPTSP.dll
0x00007ffd42c60000 - 0x00007ffd42c94000 	C:\WINDOWS\system32\rsaenh.dll
0x00007ffd43c80000 - 0x00007ffd43ca7000 	C:\WINDOWS\System32\bcrypt.dll
0x00007ffd43af0000 - 0x00007ffd43b1e000 	C:\WINDOWS\SYSTEM32\USERENV.dll
0x00007ffd434d0000 - 0x00007ffd434dc000 	C:\WINDOWS\SYSTEM32\CRYPTBASE.dll
0x00007ffd42fd0000 - 0x00007ffd4300b000 	C:\WINDOWS\SYSTEM32\IPHLPAPI.DLL
0x00007ffd44dd0000 - 0x00007ffd44dd8000 	C:\WINDOWS\System32\NSI.dll
0x00007ffd33f80000 - 0x00007ffd33f97000 	C:\WINDOWS\SYSTEM32\dhcpcsvc6.DLL
0x00007ffd399f0000 - 0x00007ffd39a0d000 	C:\WINDOWS\SYSTEM32\dhcpcsvc.DLL
0x00007ffd43010000 - 0x00007ffd430da000 	C:\WINDOWS\SYSTEM32\DNSAPI.dll

dbghelp: loaded successfully - version: 4.0.5 - missing functions: none
symbol engine: initialized successfully - sym options: 0x614 - pdb path: .;F:\AndroidStudio\jre\bin;C:\WINDOWS\SYSTEM32;C:\WINDOWS\WinSxS\amd64_microsoft.windows.common-controls_6595b64144ccf1df_6.0.19041.1110_none_60b5254171f9507e;F:\AndroidStudio\jre\bin\server;C:\Users\Sultan\.gradle\native\e1d6ef7f7dcc3fd88c89a11ec53ec762bb8ba0a96d01ffa2cd45eb1d1d8dd5c5\windows-amd64;C:\Users\Sultan\.gradle\native\5664cfc778a61ccfe75a443a1ab52a65af34e5dc3c78e0209fed803814484fcb\windows-amd64

VM Arguments:
jvm_args: --add-opens=java.base/java.util=ALL-UNNAMED --add-opens=java.base/java.lang=ALL-UNNAMED --add-opens=java.base/java.lang.invoke=ALL-UNNAMED --add-opens=java.base/java.util=ALL-UNNAMED --add-opens=java.prefs/java.util.prefs=ALL-UNNAMED --add-opens=java.prefs/java.util.prefs=ALL-UNNAMED --add-opens=java.base/java.nio.charset=ALL-UNNAMED --add-opens=java.base/java.net=ALL-UNNAMED --add-opens=java.base/java.util.concurrent.atomic=ALL-UNNAMED -Xmx1536m -Dfile.encoding=windows-1251 -Duser.country=RU -Duser.language=ru -Duser.variant 
java_command: org.gradle.launcher.daemon.bootstrap.GradleDaemon 7.3.3
java_class_path (initial): C:\Users\Sultan\.gradle\wrapper\dists\gradle-7.3.3-all\4295vidhdd9hd3gbjyw1xqxpo\gradle-7.3.3\lib\gradle-launcher-7.3.3.jar
Launcher Type: SUN_STANDARD

[Global flags]
     intx CICompilerCount                          = 3                                         {product} {ergonomic}
     uint ConcGCThreads                            = 1                                         {product} {ergonomic}
     uint G1ConcRefinementThreads                  = 4                                         {product} {ergonomic}
   size_t G1HeapRegionSize                         = 1048576                                   {product} {ergonomic}
    uintx GCDrainStackTargetSize                   = 64                                        {product} {ergonomic}
   size_t InitialHeapSize                          = 134217728                                 {product} {ergonomic}
   size_t MarkStackSize                            = 4194304                                   {product} {ergonomic}
   size_t MaxHeapSize                              = 1610612736                                {product} {command line}
   size_t MaxNewSize                               = 965738496                                 {product} {ergonomic}
   size_t MinHeapDeltaBytes                        = 1048576                                   {product} {ergonomic}
    uintx NonNMethodCodeHeapSize                   = 5830732                                {pd product} {ergonomic}
    uintx NonProfiledCodeHeapSize                  = 122913754                              {pd product} {ergonomic}
    uintx ProfiledCodeHeapSize                     = 122913754                              {pd product} {ergonomic}
    uintx ReservedCodeCacheSize                    = 251658240                              {pd product} {ergonomic}
     bool SegmentedCodeCache                       = true                                      {product} {ergonomic}
     bool UseCompressedClassPointers               = true                                 {lp64_product} {ergonomic}
     bool UseCompressedOops                        = true                                 {lp64_product} {ergonomic}
     bool UseG1GC                                  = true                                      {product} {ergonomic}
     bool UseLargePagesIndividualAllocation        = false                                  {pd product} {ergonomic}

Logging:
Log output configuration:
 #0: stdout all=warning uptime,level,tags
 #1: stderr all=off uptime,level,tags

Environment Variables:
JAVA_HOME=C:\Program Files\Java\jdk-18.0.2.1
PATH=C:\Program Files\Common Files\Oracle\Java\javapath;C:\WINDOWS\system32;C:\WINDOWS;C:\WINDOWS\System32\Wbem;C:\WINDOWS\System32\WindowsPowerShell\v1.0\;C:\WINDOWS\System32\OpenSSH\;C:\Program Files\Java\jdk-18.0.2.1\bin;F:\Git\cmd;C:\Users\Sultan\AppData\Local\Microsoft\WindowsApps;;C:\Program Files\JetBrains\IntelliJ IDEA Community Edition 2022.2.1\bin;;F:\Microsoft VS Code\bin
USERNAME=Sultan
OS=Windows_NT
PROCESSOR_IDENTIFIER=Intel64 Family 6 Model 142 Stepping 10, GenuineIntel



---------------  S Y S T E M  ---------------

OS: Windows 10 , 64 bit Build 19041 (10.0.19041.1889)
OS uptime: 0 days 11:03 hours

CPU:total 4 (initial active 4) (2 cores per cpu, 2 threads per core) family 6 model 142 stepping 10 microcode 0xb4, cmov, cx8, fxsr, mmx, sse, sse2, sse3, ssse3, sse4.1, sse4.2, popcnt, avx, avx2, aes, clmul, erms, 3dnowpref, lzcnt, ht, tsc, tscinvbit, bmi1, bmi2, adx, fma

Memory: 4k page, system-wide physical 8108M (445M free)
TotalPageFile size 10156M (AvailPageFile size 0M)
current process WorkingSet (physical memory assigned to process): 760M, peak: 760M
current process commit charge ("private bytes"): 812M, peak: 812M

vm_info: OpenJDK 64-Bit Server VM (11.0.12+7-b1504.28-7817840) for windows-amd64 JRE (11.0.12+7-b1504.28-7817840), built on Oct 13 2021 22:12:33 by "builder" with MS VC++ 14.0 (VS2015)

END.
