#
# There is insufficient memory for the Java Runtime Environment to continue.
# Native memory allocation (mmap) failed to map 252706816 bytes for Failed to commit area from 0x00000000b4b00000 to 0x00000000c3c00000 of length 252706816.
# Possible reasons:
#   The system is out of physical RAM or swap space
#   The process is running with CompressedOops enabled, and the Java Heap may be blocking the growth of the native heap
# Possible solutions:
#   Reduce memory load on the system
#   Increase physical memory or swap space
#   Check if swap backing store is full
#   Decrease Java heap size (-Xmx/-Xms)
#   Decrease number of Java threads
#   Decrease Java thread stack sizes (-Xss)
#   Set larger code cache with -XX:ReservedCodeCacheSize=
#   JVM is running with Unscaled Compressed Oops mode in which the Java heap is
#     placed in the first 4GB address space. The Java Heap base address is the
#     maximum limit for the native heap growth. Please use -XX:HeapBaseMinAddress
#     to set the Java Heap base and to place the Java Heap above 4GB virtual address.
# This output file may be truncated or incomplete.
#
#  Out of Memory Error (./src/hotspot/os/windows/os_windows.cpp:3521), pid=9440, tid=756
#
# JRE version: OpenJDK Runtime Environment (11.0.12+7) (build 11.0.12+7-b1504.28-7817840)
# Java VM: OpenJDK 64-Bit Server VM (11.0.12+7-b1504.28-7817840, mixed mode, tiered, compressed oops, g1 gc, windows-amd64)
# No core dump will be written. Minidumps are not enabled by default on client versions of Windows
#

---------------  S U M M A R Y ------------

Command Line: --add-opens=java.base/java.util=ALL-UNNAMED --add-opens=java.base/java.lang=ALL-UNNAMED --add-opens=java.base/java.lang.invoke=ALL-UNNAMED --add-opens=java.base/java.util=ALL-UNNAMED --add-opens=java.prefs/java.util.prefs=ALL-UNNAMED --add-opens=java.prefs/java.util.prefs=ALL-UNNAMED --add-opens=java.base/java.nio.charset=ALL-UNNAMED --add-opens=java.base/java.net=ALL-UNNAMED --add-opens=java.base/java.util.concurrent.atomic=ALL-UNNAMED -Xmx1536m -Dfile.encoding=windows-1251 -Duser.country=RU -Duser.language=ru -Duser.variant org.gradle.launcher.daemon.bootstrap.GradleDaemon 7.3.3

Host: Intel(R) Core(TM) i3-7020U CPU @ 2.30GHz, 4 cores, 7G,  Windows 10 , 64 bit Build 19041 (10.0.19041.1889)
Time: Wed Oct  5 22:01:17 2022 Центральная Азия (зима) elapsed time: 326.288620 seconds (0d 0h 5m 26s)

---------------  T H R E A D  ---------------

Current thread (0x000001c7ee708000):  VMThread "VM Thread" [stack: 0x0000000bfe500000,0x0000000bfe600000] [id=756]

Stack: [0x0000000bfe500000,0x0000000bfe600000]
[error occurred during error reporting (printing stack bounds), id 0xc0000005, EXCEPTION_ACCESS_VIOLATION (0xc0000005) at pc=0x000001c7d995112d]

Native frames: (J=compiled Java code, j=interpreted, Vv=VM code, C=native code)
V  [jvm.dll+0x5fbcea]
V  [jvm.dll+0x731905]
V  [jvm.dll+0x732f1d]
V  [jvm.dll+0x733535]
V  [jvm.dll+0x7334eb]
V  [jvm.dll+0x5fb080]
V  [jvm.dll+0x5fb818]
C  [ntdll.dll+0xa235f]
C  [ntdll.dll+0x514a4]
C  [ntdll.dll+0xa0e8e]
C  0x000001c7d995112d

VM_Operation (0x0000000b833f8150): G1CollectForAllocation, mode: safepoint, requested by thread 0x000001c7f4753800


---------------  P R O C E S S  ---------------

Threads class SMR info:
_java_thread_list=0x000001c7fd3bc260, length=91, elements={
0x000001c7d5e3e000, 0x000001c7ee72b000, 0x000001c7ee72c000, 0x000001c7ee74c000,
0x000001c7ee74d000, 0x000001c7ee74e800, 0x000001c7ee753800, 0x000001c7ee757800,
0x000001c7ee75c800, 0x000001c7ef209000, 0x000001c7f0a6f000, 0x000001c7ef4a1800,
0x000001c7ef40e800, 0x000001c7f124e000, 0x000001c7f1254000, 0x000001c7f1255000,
0x000001c7f1253000, 0x000001c7f1250800, 0x000001c7f124f000, 0x000001c7f1251800,
0x000001c7f1252800, 0x000001c7f2a7e800, 0x000001c7f2a7b800, 0x000001c7f2a81000,
0x000001c7f1547800, 0x000001c7ef9b6800, 0x000001c7f1542800, 0x000001c7f1541800,
0x000001c7f1543000, 0x000001c7f1545000, 0x000001c7f1541000, 0x000001c7f1544000,
0x000001c7f153f000, 0x000001c7f1545800, 0x000001c7f1540000, 0x000001c7f154c000,
0x000001c7f1548000, 0x000001c7f1546800, 0x000001c7f154e000, 0x000001c7f154a800,
0x000001c7f154d000, 0x000001c7ef9b5800, 0x000001c7ef9b9000, 0x000001c7ef9b3000,
0x000001c7ef9bb800, 0x000001c7ef9be800, 0x000001c7ef9be000, 0x000001c7ef9bc000,
0x000001c7ef9bf800, 0x000001c7ef9ba800, 0x000001c7ef9c0000, 0x000001c7ef9c1000,
0x000001c7ef9bd000, 0x000001c7f2a7d000, 0x000001c7f2a7a000, 0x000001c7f2a7a800,
0x000001c7f2a85000, 0x000001c7f2a84800, 0x000001c7f2a83800, 0x000001c7f2a7f800,
0x000001c7f2a88800, 0x000001c7f2a87000, 0x000001c7f2a87800, 0x000001c7f2a86000,
0x000001c7f1250000, 0x000001c7f4753800, 0x000001c7f4756000, 0x000001c7f4754800,
0x000001c7f4755800, 0x000001c7f4752000, 0x000001c7f4751800, 0x000001c7f4757000,
0x000001c7f4758000, 0x000001c7f4758800, 0x000001c7f4753000, 0x000001c7f475c800,
0x000001c7f475d800, 0x000001c7f475e800, 0x000001c7f4759800, 0x000001c7f475f000,
0x000001c7f475b000, 0x000001c7f475c000, 0x000001c7f2ad5800, 0x000001c7f2ad0800,
0x000001c7f2ad2000, 0x000001c7f2ad4000, 0x000001c7f2ad4800, 0x000001c7f2ad6800,
0x000001c7f2ad3000, 0x000001c7f2ad1800, 0x000001c7f644c800
}

Java Threads: ( => current thread )
  0x000001c7d5e3e000 JavaThread "main" [_thread_blocked, id=8556, stack(0x0000000bfdf00000,0x0000000bfe000000)]
  0x000001c7ee72b000 JavaThread "Reference Handler" daemon [_thread_blocked, id=12232, stack(0x0000000bfe600000,0x0000000bfe700000)]
  0x000001c7ee72c000 JavaThread "Finalizer" daemon [_thread_blocked, id=9184, stack(0x0000000bfe700000,0x0000000bfe800000)]
  0x000001c7ee74c000 JavaThread "Signal Dispatcher" daemon [_thread_blocked, id=4328, stack(0x0000000bfe800000,0x0000000bfe900000)]
  0x000001c7ee74d000 JavaThread "Attach Listener" daemon [_thread_blocked, id=6068, stack(0x0000000bfe900000,0x0000000bfea00000)]
  0x000001c7ee74e800 JavaThread "Service Thread" daemon [_thread_blocked, id=7648, stack(0x0000000bfea00000,0x0000000bfeb00000)]
  0x000001c7ee753800 JavaThread "C2 CompilerThread0" daemon [_thread_blocked, id=9596, stack(0x0000000bfeb00000,0x0000000bfec00000)]
  0x000001c7ee757800 JavaThread "C1 CompilerThread0" daemon [_thread_blocked, id=6984, stack(0x0000000bfec00000,0x0000000bfed00000)]
  0x000001c7ee75c800 JavaThread "Sweeper thread" daemon [_thread_blocked, id=1600, stack(0x0000000bfed00000,0x0000000bfee00000)]
  0x000001c7ef209000 JavaThread "Common-Cleaner" daemon [_thread_blocked, id=1304, stack(0x0000000bfee00000,0x0000000bfef00000)]
  0x000001c7f0a6f000 JavaThread "Daemon health stats" [_thread_blocked, id=6328, stack(0x0000000bff300000,0x0000000bff400000)]
  0x000001c7ef4a1800 JavaThread "Incoming local TCP Connector on port 64902" [_thread_in_native, id=8084, stack(0x0000000bff000000,0x0000000bff100000)]
  0x000001c7ef40e800 JavaThread "Daemon periodic checks" [_thread_blocked, id=436, stack(0x0000000bff400000,0x0000000bff500000)]
  0x000001c7f124e000 JavaThread "Cache worker for journal cache (C:\Users\Sultan\.gradle\caches\journal-1)" [_thread_blocked, id=11412, stack(0x0000000bffe00000,0x0000000bfff00000)]
  0x000001c7f1254000 JavaThread "File lock request listener" [_thread_in_native, id=11376, stack(0x0000000bfff00000,0x0000000c00000000)]
  0x000001c7f1255000 JavaThread "Cache worker for file hash cache (C:\Users\Sultan\.gradle\caches\7.3.3\fileHashes)" [_thread_blocked, id=9552, stack(0x0000000b80000000,0x0000000b80100000)]
  0x000001c7f1253000 JavaThread "File watcher server" daemon [_thread_blocked, id=4688, stack(0x0000000b80200000,0x0000000b80300000)]
  0x000001c7f1250800 JavaThread "File watcher consumer" daemon [_thread_blocked, id=2880, stack(0x0000000b80300000,0x0000000b80400000)]
  0x000001c7f124f000 JavaThread "jar transforms" [_thread_blocked, id=452, stack(0x0000000b80400000,0x0000000b80500000)]
  0x000001c7f1251800 JavaThread "jar transforms Thread 2" [_thread_blocked, id=11396, stack(0x0000000b80500000,0x0000000b80600000)]
  0x000001c7f1252800 JavaThread "jar transforms Thread 3" [_thread_blocked, id=2836, stack(0x0000000b80600000,0x0000000b80700000)]
  0x000001c7f2a7e800 JavaThread "jar transforms Thread 4" [_thread_blocked, id=9796, stack(0x0000000b80700000,0x0000000b80800000)]
  0x000001c7f2a7b800 JavaThread "Cache worker for execution history cache (C:\Users\Sultan\.gradle\caches\7.3.3\executionHistory)" [_thread_blocked, id=10888, stack(0x0000000b80b00000,0x0000000b80c00000)]
  0x000001c7f2a81000 JavaThread "Cache worker for file content cache (C:\Users\Sultan\.gradle\caches\7.3.3\fileContent)" [_thread_blocked, id=7904, stack(0x0000000b80c00000,0x0000000b80d00000)]
  0x000001c7f1547800 JavaThread "Memory manager" [_thread_blocked, id=4804, stack(0x0000000b83a00000,0x0000000b83b00000)]
  0x000001c7ef9b6800 JavaThread "pool-3-thread-1" [_thread_blocked, id=1360, stack(0x0000000b83c00000,0x0000000b83d00000)]
  0x000001c7f1542800 JavaThread "Daemon Thread 2" [_thread_blocked, id=3416, stack(0x0000000b80800000,0x0000000b80900000)]
  0x000001c7f1541800 JavaThread "Handler for socket connection from /127.0.0.1:64902 to /127.0.0.1:64952" [_thread_in_native, id=9272, stack(0x0000000b80900000,0x0000000b80a00000)]
  0x000001c7f1543000 JavaThread "Cancel handler" [_thread_blocked, id=10928, stack(0x0000000b80a00000,0x0000000b80b00000)]
  0x000001c7f1545000 JavaThread "Daemon worker Thread 2" [_thread_blocked, id=5048, stack(0x0000000b80d00000,0x0000000b80e00000)]
  0x000001c7f1541000 JavaThread "Asynchronous log dispatcher for DefaultDaemonConnection: socket connection from /127.0.0.1:64902 to /127.0.0.1:64952" [_thread_blocked, id=8992, stack(0x0000000b80e00000,0x0000000b80f00000)]
  0x000001c7f1544000 JavaThread "Stdin handler" [_thread_blocked, id=6952, stack(0x0000000b81000000,0x0000000b81100000)]
  0x000001c7f153f000 JavaThread "Daemon client event forwarder" [_thread_blocked, id=708, stack(0x0000000b81100000,0x0000000b81200000)]
  0x000001c7f1545800 JavaThread "Cache worker for file hash cache (F:\NeobisProjects\andfun-kotlin-android-trivia\.gradle\7.3.3\fileHashes)" [_thread_blocked, id=7144, stack(0x0000000b81200000,0x0000000b81300000)]
  0x000001c7f1540000 JavaThread "Cache worker for checksums cache (F:\NeobisProjects\andfun-kotlin-android-trivia\.gradle\7.3.3\checksums)" [_thread_blocked, id=12052, stack(0x0000000b81300000,0x0000000b81400000)]
  0x000001c7f154c000 JavaThread "Cache worker for cache directory md-supplier (C:\Users\Sultan\.gradle\caches\7.3.3\md-supplier)" [_thread_blocked, id=6508, stack(0x0000000b81400000,0x0000000b81500000)]
  0x000001c7f1548000 JavaThread "Cache worker for cache directory md-rule (C:\Users\Sultan\.gradle\caches\7.3.3\md-rule)" [_thread_blocked, id=3524, stack(0x0000000b81500000,0x0000000b81600000)]
  0x000001c7f1546800 JavaThread "Cache worker for dependencies-accessors (F:\NeobisProjects\andfun-kotlin-android-trivia\.gradle\7.3.3\dependencies-accessors)" [_thread_blocked, id=144, stack(0x0000000b81600000,0x0000000b81700000)]
  0x000001c7f154e000 JavaThread "Cache worker for Build Output Cleanup Cache (F:\NeobisProjects\andfun-kotlin-android-trivia\.gradle\buildOutputCleanup)" [_thread_blocked, id=11516, stack(0x0000000b81700000,0x0000000b81800000)]
  0x000001c7f154a800 JavaThread "Unconstrained build operations" [_thread_blocked, id=2844, stack(0x0000000b81900000,0x0000000b81a00000)]
  0x000001c7f154d000 JavaThread "Unconstrained build operations Thread 2" [_thread_blocked, id=744, stack(0x0000000b81a00000,0x0000000b81b00000)]
  0x000001c7ef9b5800 JavaThread "Unconstrained build operations Thread 3" [_thread_blocked, id=7060, stack(0x0000000b81b00000,0x0000000b81c00000)]
  0x000001c7ef9b9000 JavaThread "Unconstrained build operations Thread 4" [_thread_blocked, id=7108, stack(0x0000000b81c00000,0x0000000b81d00000)]
  0x000001c7ef9b3000 JavaThread "Unconstrained build operations Thread 5" [_thread_blocked, id=10552, stack(0x0000000b81d00000,0x0000000b81e00000)]
  0x000001c7ef9bb800 JavaThread "Unconstrained build operations Thread 6" [_thread_blocked, id=5652, stack(0x0000000b81e00000,0x0000000b81f00000)]
  0x000001c7ef9be800 JavaThread "Unconstrained build operations Thread 7" [_thread_blocked, id=7324, stack(0x0000000b81f00000,0x0000000b82000000)]
  0x000001c7ef9be000 JavaThread "Unconstrained build operations Thread 8" [_thread_blocked, id=12060, stack(0x0000000b82000000,0x0000000b82100000)]
  0x000001c7ef9bc000 JavaThread "Unconstrained build operations Thread 9" [_thread_blocked, id=11888, stack(0x0000000b82100000,0x0000000b82200000)]
  0x000001c7ef9bf800 JavaThread "Unconstrained build operations Thread 10" [_thread_blocked, id=11548, stack(0x0000000b82200000,0x0000000b82300000)]
  0x000001c7ef9ba800 JavaThread "Unconstrained build operations Thread 11" [_thread_blocked, id=9716, stack(0x0000000b82300000,0x0000000b82400000)]
  0x000001c7ef9c0000 JavaThread "Unconstrained build operations Thread 12" [_thread_blocked, id=8200, stack(0x0000000b82400000,0x0000000b82500000)]
  0x000001c7ef9c1000 JavaThread "Unconstrained build operations Thread 13" [_thread_blocked, id=11688, stack(0x0000000b82500000,0x0000000b82600000)]
  0x000001c7ef9bd000 JavaThread "Unconstrained build operations Thread 14" [_thread_blocked, id=4100, stack(0x0000000b82600000,0x0000000b82700000)]
  0x000001c7f2a7d000 JavaThread "Unconstrained build operations Thread 15" [_thread_blocked, id=10304, stack(0x0000000b82700000,0x0000000b82800000)]
  0x000001c7f2a7a000 JavaThread "Unconstrained build operations Thread 16" [_thread_blocked, id=1776, stack(0x0000000b82800000,0x0000000b82900000)]
  0x000001c7f2a7a800 JavaThread "Unconstrained build operations Thread 17" [_thread_blocked, id=4360, stack(0x0000000b82900000,0x0000000b82a00000)]
  0x000001c7f2a85000 JavaThread "Unconstrained build operations Thread 18" [_thread_blocked, id=9280, stack(0x0000000b82a00000,0x0000000b82b00000)]
  0x000001c7f2a84800 JavaThread "Unconstrained build operations Thread 19" [_thread_blocked, id=6064, stack(0x0000000b82b00000,0x0000000b82c00000)]
  0x000001c7f2a83800 JavaThread "Unconstrained build operations Thread 20" [_thread_blocked, id=8788, stack(0x0000000b82c00000,0x0000000b82d00000)]
  0x000001c7f2a7f800 JavaThread "Unconstrained build operations Thread 21" [_thread_blocked, id=10776, stack(0x0000000b82d00000,0x0000000b82e00000)]
  0x000001c7f2a88800 JavaThread "Unconstrained build operations Thread 22" [_thread_blocked, id=11104, stack(0x0000000b82e00000,0x0000000b82f00000)]
  0x000001c7f2a87000 JavaThread "Unconstrained build operations Thread 23" [_thread_blocked, id=11848, stack(0x0000000b82f00000,0x0000000b83000000)]
  0x000001c7f2a87800 JavaThread "Unconstrained build operations Thread 24" [_thread_blocked, id=12108, stack(0x0000000b83000000,0x0000000b83100000)]
  0x000001c7f2a86000 JavaThread "Unconstrained build operations Thread 25" [_thread_blocked, id=2884, stack(0x0000000b83100000,0x0000000b83200000)]
  0x000001c7f1250000 JavaThread "Unconstrained build operations Thread 26" [_thread_blocked, id=11584, stack(0x0000000b83200000,0x0000000b83300000)]
  0x000001c7f4753800 JavaThread "Unconstrained build operations Thread 27" [_thread_blocked, id=8356, stack(0x0000000b83300000,0x0000000b83400000)]
  0x000001c7f4756000 JavaThread "Unconstrained build operations Thread 28" [_thread_blocked, id=4728, stack(0x0000000b83400000,0x0000000b83500000)]
  0x000001c7f4754800 JavaThread "Unconstrained build operations Thread 29" [_thread_blocked, id=7972, stack(0x0000000b83500000,0x0000000b83600000)]
  0x000001c7f4755800 JavaThread "Unconstrained build operations Thread 30" [_thread_blocked, id=8500, stack(0x0000000b83600000,0x0000000b83700000)]
  0x000001c7f4752000 JavaThread "Unconstrained build operations Thread 31" [_thread_blocked, id=2924, stack(0x0000000b83700000,0x0000000b83800000)]
  0x000001c7f4751800 JavaThread "Unconstrained build operations Thread 32" [_thread_blocked, id=3624, stack(0x0000000b83800000,0x0000000b83900000)]
  0x000001c7f4757000 JavaThread "Unconstrained build operations Thread 33" [_thread_blocked, id=3420, stack(0x0000000b83900000,0x0000000b83a00000)]
  0x000001c7f4758000 JavaThread "Unconstrained build operations Thread 34" [_thread_blocked, id=1052, stack(0x0000000b83b00000,0x0000000b83c00000)]
  0x000001c7f4758800 JavaThread "Unconstrained build operations Thread 35" [_thread_blocked, id=11088, stack(0x0000000b83d00000,0x0000000b83e00000)]
  0x000001c7f4753000 JavaThread "Unconstrained build operations Thread 36" [_thread_blocked, id=3336, stack(0x0000000b83e00000,0x0000000b83f00000)]
  0x000001c7f475c800 JavaThread "Unconstrained build operations Thread 37" [_thread_blocked, id=11116, stack(0x0000000b83f00000,0x0000000b84000000)]
  0x000001c7f475d800 JavaThread "Unconstrained build operations Thread 38" [_thread_blocked, id=7208, stack(0x0000000b84000000,0x0000000b84100000)]
  0x000001c7f475e800 JavaThread "Unconstrained build operations Thread 39" [_thread_blocked, id=10192, stack(0x0000000b84100000,0x0000000b84200000)]
  0x000001c7f4759800 JavaThread "Unconstrained build operations Thread 40" [_thread_blocked, id=8180, stack(0x0000000b84200000,0x0000000b84300000)]
  0x000001c7f475f000 JavaThread "build event listener" [_thread_blocked, id=11840, stack(0x0000000b84300000,0x0000000b84400000)]
  0x000001c7f475b000 JavaThread "build event listener" [_thread_blocked, id=5248, stack(0x0000000b84400000,0x0000000b84500000)]
  0x000001c7f475c000 JavaThread "pool-6-thread-1" [_thread_blocked, id=6332, stack(0x0000000b84500000,0x0000000b84600000)]
  0x000001c7f2ad5800 JavaThread "build event listener" [_thread_blocked, id=10956, stack(0x0000000b84600000,0x0000000b84700000)]
  0x000001c7f2ad0800 JavaThread "Execution worker for ':'" [_thread_blocked, id=9288, stack(0x0000000b84700000,0x0000000b84800000)]
  0x000001c7f2ad2000 JavaThread "Execution worker for ':' Thread 2" [_thread_blocked, id=7132, stack(0x0000000b84800000,0x0000000b84900000)]
  0x000001c7f2ad4000 JavaThread "Execution worker for ':' Thread 3" [_thread_blocked, id=9764, stack(0x0000000b84900000,0x0000000b84a00000)]
  0x000001c7f2ad4800 JavaThread "Cache worker for execution history cache (F:\NeobisProjects\andfun-kotlin-android-trivia\.gradle\7.3.3\executionHistory)" [_thread_blocked, id=8224, stack(0x0000000b84a00000,0x0000000b84b00000)]
  0x000001c7f2ad6800 JavaThread "WorkerExecutor Queue" [_thread_blocked, id=12084, stack(0x0000000b84b00000,0x0000000b84c00000)]
  0x000001c7f2ad3000 JavaThread "WorkerExecutor Queue Thread 3" [_thread_blocked, id=3368, stack(0x0000000b84d00000,0x0000000b84e00000)]
  0x000001c7f2ad1800 JavaThread "WorkerExecutor Queue Thread 4" [_thread_blocked, id=2664, stack(0x0000000b84e00000,0x0000000b84f00000)]
  0x000001c7f644c800 JavaThread "C2 CompilerThread1" daemon [_thread_in_native, id=8948, stack(0x0000000b81800000,0x0000000b81900000)]

Other Threads:
=>0x000001c7ee708000 VMThread "VM Thread" [stack: 0x0000000bfe500000,0x0000000bfe600000] [id=756]
  0x000001c7ef210800 WatcherThread [stack: 0x0000000bfef00000,0x0000000bff000000] [id=1868]
  0x000001c7d5e52000 GCTaskThread "GC Thread#0" [stack: 0x0000000bfe000000,0x0000000bfe100000] [id=5676]
  0x000001c7efe45000 GCTaskThread "GC Thread#1" [stack: 0x0000000bff100000,0x0000000bff200000] [id=2088]
  0x000001c7efaec800 GCTaskThread "GC Thread#2" [stack: 0x0000000bff200000,0x0000000bff300000] [id=2132]
  0x000001c7f1c0b800 GCTaskThread "GC Thread#3" [stack: 0x0000000bffb00000,0x0000000bffc00000] [id=4872]
  0x000001c7d5e7d000 ConcurrentGCThread "G1 Main Marker" [stack: 0x0000000bfe100000,0x0000000bfe200000] [id=11232]
  0x000001c7d5e7e800 ConcurrentGCThread "G1 Conc#0" [stack: 0x0000000bfe200000,0x0000000bfe300000] [id=11676]
  0x000001c7d5f0e800 ConcurrentGCThread "G1 Refine#0" [stack: 0x0000000bfe300000,0x0000000bfe400000] [id=11652]
  0x000001c7d5f0f800 ConcurrentGCThread "G1 Young RemSet Sampling" [stack: 0x0000000bfe400000,0x0000000bfe500000] [id=4504]

Threads with active compile tasks:
C2 CompilerThread0 326321 26873       4       com.android.tools.r8.ir.regalloc.b::c (3963 bytes)
C2 CompilerThread1 326321 26830 %     4       com.android.tools.r8.internal.xa::a @ 80 (6068 bytes)

VM state:at safepoint (normal execution)

VM Mutex/Monitor currently owned by a thread:  ([mutex/lock_event])
[0x000001c7d5e3b920] Threads_lock - owner thread: 0x000001c7ee708000
[0x000001c7d5e3bec0] Heap_lock - owner thread: 0x000001c7f4753800

Heap address: 0x00000000a0000000, size: 1536 MB, Compressed Oops mode: 32-bit
Narrow klass base: 0x0000000000000000, Narrow klass shift: 3
Compressed class space size: 1073741824 Address: 0x0000000100000000

Heap:
 garbage-first heap   total 585728K, used 208871K [0x00000000a0000000, 0x0000000100000000)
  region size 1024K, 8 young (8192K), 8 survivors (8192K)
 Metaspace       used 155154K, capacity 159055K, committed 159692K, reserved 1187840K
  class space    used 18773K, capacity 20183K, committed 20428K, reserved 1048576K
Heap Regions: E=young(eden), S=young(survivor), O=old, HS=humongous(starts), HC=humongous(continues), CS=collection set, F=free, A=archive, TAMS=top-at-mark-start (previous, next)
|   0|0x00000000a0000000, 0x00000000a0100000, 0x00000000a0100000|100%| O|  |TAMS 0x00000000a0100000, 0x00000000a0000000| Untracked 
|   1|0x00000000a0100000, 0x00000000a0200000, 0x00000000a0200000|100%| O|  |TAMS 0x00000000a0200000, 0x00000000a0100000| Untracked 
|   2|0x00000000a0200000, 0x00000000a0300000, 0x00000000a0300000|100%| O|  |TAMS 0x00000000a0300000, 0x00000000a0200000| Untracked 
|   3|0x00000000a0300000, 0x00000000a0400000, 0x00000000a0400000|100%|HS|  |TAMS 0x00000000a0400000, 0x00000000a0300000| Complete 
|   4|0x00000000a0400000, 0x00000000a0500000, 0x00000000a0500000|100%|HC|  |TAMS 0x00000000a0500000, 0x00000000a0400000| Complete 
|   5|0x00000000a0500000, 0x00000000a0600000, 0x00000000a0600000|100%|HC|  |TAMS 0x00000000a0600000, 0x00000000a0500000| Complete 
|   6|0x00000000a0600000, 0x00000000a0700000, 0x00000000a0700000|100%| O|  |TAMS 0x00000000a0700000, 0x00000000a0600000| Untracked 
|   7|0x00000000a0700000, 0x00000000a0800000, 0x00000000a0800000|100%| O|  |TAMS 0x00000000a0800000, 0x00000000a0700000| Untracked 
|   8|0x00000000a0800000, 0x00000000a0900000, 0x00000000a0900000|100%| O|  |TAMS 0x00000000a0900000, 0x00000000a0800000| Untracked 
|   9|0x00000000a0900000, 0x00000000a0a00000, 0x00000000a0a00000|100%| O|  |TAMS 0x00000000a0a00000, 0x00000000a0900000| Untracked 
|  10|0x00000000a0a00000, 0x00000000a0b00000, 0x00000000a0b00000|100%| O|  |TAMS 0x00000000a0b00000, 0x00000000a0a00000| Untracked 
|  11|0x00000000a0b00000, 0x00000000a0c00000, 0x00000000a0c00000|100%| O|  |TAMS 0x00000000a0c00000, 0x00000000a0b00000| Untracked 
|  12|0x00000000a0c00000, 0x00000000a0d00000, 0x00000000a0d00000|100%| O|  |TAMS 0x00000000a0d00000, 0x00000000a0c00000| Untracked 
|  13|0x00000000a0d00000, 0x00000000a0e00000, 0x00000000a0e00000|100%| O|  |TAMS 0x00000000a0e00000, 0x00000000a0d00000| Untracked 
|  14|0x00000000a0e00000, 0x00000000a0f00000, 0x00000000a0f00000|100%| O|  |TAMS 0x00000000a0f00000, 0x00000000a0e00000| Untracked 
|  15|0x00000000a0f00000, 0x00000000a1000000, 0x00000000a1000000|100%| O|  |TAMS 0x00000000a1000000, 0x00000000a0f00000| Untracked 
|  16|0x00000000a1000000, 0x00000000a1100000, 0x00000000a1100000|100%|HS|  |TAMS 0x00000000a1100000, 0x00000000a1000000| Complete 
|  17|0x00000000a1100000, 0x00000000a1200000, 0x00000000a1200000|100%|HC|  |TAMS 0x00000000a1200000, 0x00000000a1100000| Complete 
|  18|0x00000000a1200000, 0x00000000a1300000, 0x00000000a1300000|100%|HS|  |TAMS 0x00000000a1300000, 0x00000000a1200000| Complete 
|  19|0x00000000a1300000, 0x00000000a1400000, 0x00000000a1400000|100%|HC|  |TAMS 0x00000000a1400000, 0x00000000a1300000| Complete 
|  20|0x00000000a1400000, 0x00000000a1500000, 0x00000000a1500000|100%|HC|  |TAMS 0x00000000a1500000, 0x00000000a1400000| Complete 
|  21|0x00000000a1500000, 0x00000000a1600000, 0x00000000a1600000|100%|HS|  |TAMS 0x00000000a1600000, 0x00000000a1500000| Complete 
|  22|0x00000000a1600000, 0x00000000a1700000, 0x00000000a1700000|100%|HS|  |TAMS 0x00000000a1700000, 0x00000000a1600000| Complete 
|  23|0x00000000a1700000, 0x00000000a1800000, 0x00000000a1800000|100%|HC|  |TAMS 0x00000000a1800000, 0x00000000a1700000| Complete 
|  24|0x00000000a1800000, 0x00000000a1900000, 0x00000000a1900000|100%|HC|  |TAMS 0x00000000a1900000, 0x00000000a1800000| Complete 
|  25|0x00000000a1900000, 0x00000000a1a00000, 0x00000000a1a00000|100%|HC|  |TAMS 0x00000000a1a00000, 0x00000000a1900000| Complete 
|  26|0x00000000a1a00000, 0x00000000a1b00000, 0x00000000a1b00000|100%| O|  |TAMS 0x00000000a1b00000, 0x00000000a1a00000| Untracked 
|  27|0x00000000a1b00000, 0x00000000a1c00000, 0x00000000a1c00000|100%| O|  |TAMS 0x00000000a1c00000, 0x00000000a1b00000| Untracked 
|  28|0x00000000a1c00000, 0x00000000a1d00000, 0x00000000a1d00000|100%| O|  |TAMS 0x00000000a1d00000, 0x00000000a1c00000| Untracked 
|  29|0x00000000a1d00000, 0x00000000a1e00000, 0x00000000a1e00000|100%| O|  |TAMS 0x00000000a1e00000, 0x00000000a1d00000| Untracked 
|  30|0x00000000a1e00000, 0x00000000a1f00000, 0x00000000a1f00000|100%| O|  |TAMS 0x00000000a1f00000, 0x00000000a1e00000| Untracked 
|  31|0x00000000a1f00000, 0x00000000a2000000, 0x00000000a2000000|100%| O|  |TAMS 0x00000000a2000000, 0x00000000a1f00000| Untracked 
|  32|0x00000000a2000000, 0x00000000a2100000, 0x00000000a2100000|100%| O|  |TAMS 0x00000000a2100000, 0x00000000a2000000| Untracked 
|  33|0x00000000a2100000, 0x00000000a2200000, 0x00000000a2200000|100%| O|  |TAMS 0x00000000a2200000, 0x00000000a2100000| Untracked 
|  34|0x00000000a2200000, 0x00000000a2300000, 0x00000000a2300000|100%| O|  |TAMS 0x00000000a2300000, 0x00000000a2200000| Untracked 
|  35|0x00000000a2300000, 0x00000000a2400000, 0x00000000a2400000|100%|HS|  |TAMS 0x00000000a2400000, 0x00000000a2300000| Complete 
|  36|0x00000000a2400000, 0x00000000a2500000, 0x00000000a2500000|100%|HC|  |TAMS 0x00000000a2500000, 0x00000000a2400000| Complete 
|  37|0x00000000a2500000, 0x00000000a2600000, 0x00000000a2600000|100%|HC|  |TAMS 0x00000000a2600000, 0x00000000a2500000| Complete 
|  38|0x00000000a2600000, 0x00000000a2700000, 0x00000000a2700000|100%|HS|  |TAMS 0x00000000a2700000, 0x00000000a2600000| Complete 
|  39|0x00000000a2700000, 0x00000000a2800000, 0x00000000a2800000|100%| O|  |TAMS 0x00000000a2800000, 0x00000000a2700000| Untracked 
|  40|0x00000000a2800000, 0x00000000a2900000, 0x00000000a2900000|100%| O|  |TAMS 0x00000000a2900000, 0x00000000a2800000| Untracked 
|  41|0x00000000a2900000, 0x00000000a2a00000, 0x00000000a2a00000|100%| O|  |TAMS 0x00000000a2a00000, 0x00000000a2900000| Untracked 
|  42|0x00000000a2a00000, 0x00000000a2b00000, 0x00000000a2b00000|100%| O|  |TAMS 0x00000000a2b00000, 0x00000000a2a00000| Untracked 
|  43|0x00000000a2b00000, 0x00000000a2c00000, 0x00000000a2c00000|100%| O|  |TAMS 0x00000000a2c00000, 0x00000000a2b00000| Untracked 
|  44|0x00000000a2c00000, 0x00000000a2d00000, 0x00000000a2d00000|100%| O|  |TAMS 0x00000000a2d00000, 0x00000000a2c00000| Untracked 
|  45|0x00000000a2d00000, 0x00000000a2e00000, 0x00000000a2e00000|100%| O|  |TAMS 0x00000000a2e00000, 0x00000000a2d00000| Untracked 
|  46|0x00000000a2e00000, 0x00000000a2f00000, 0x00000000a2f00000|100%|HS|  |TAMS 0x00000000a2f00000, 0x00000000a2e00000| Complete 
|  47|0x00000000a2f00000, 0x00000000a3000000, 0x00000000a3000000|100%|HC|  |TAMS 0x00000000a3000000, 0x00000000a2f00000| Complete 
|  48|0x00000000a3000000, 0x00000000a3100000, 0x00000000a3100000|100%|HC|  |TAMS 0x00000000a3100000, 0x00000000a3000000| Complete 
|  49|0x00000000a3100000, 0x00000000a3200000, 0x00000000a3200000|100%|HC|  |TAMS 0x00000000a3200000, 0x00000000a3100000| Complete 
|  50|0x00000000a3200000, 0x00000000a3300000, 0x00000000a3300000|100%| O|  |TAMS 0x00000000a3300000, 0x00000000a3200000| Untracked 
|  51|0x00000000a3300000, 0x00000000a3400000, 0x00000000a3400000|100%| O|  |TAMS 0x00000000a3400000, 0x00000000a3300000| Untracked 
|  52|0x00000000a3400000, 0x00000000a3500000, 0x00000000a3500000|100%| O|  |TAMS 0x00000000a3500000, 0x00000000a3400000| Untracked 
|  53|0x00000000a3500000, 0x00000000a3600000, 0x00000000a3600000|100%| O|  |TAMS 0x00000000a3600000, 0x00000000a3500000| Untracked 
|  54|0x00000000a3600000, 0x00000000a3700000, 0x00000000a3700000|100%| O|  |TAMS 0x00000000a3700000, 0x00000000a3600000| Untracked 
|  55|0x00000000a3700000, 0x00000000a3800000, 0x00000000a3800000|100%| O|  |TAMS 0x00000000a3800000, 0x00000000a3700000| Untracked 
|  56|0x00000000a3800000, 0x00000000a3900000, 0x00000000a3900000|100%| O|  |TAMS 0x00000000a3900000, 0x00000000a3800000| Untracked 
|  57|0x00000000a3900000, 0x00000000a3a00000, 0x00000000a3a00000|100%| O|  |TAMS 0x00000000a3a00000, 0x00000000a3900000| Untracked 
|  58|0x00000000a3a00000, 0x00000000a3b00000, 0x00000000a3b00000|100%| O|  |TAMS 0x00000000a3b00000, 0x00000000a3a00000| Untracked 
|  59|0x00000000a3b00000, 0x00000000a3c00000, 0x00000000a3c00000|100%| O|  |TAMS 0x00000000a3c00000, 0x00000000a3b00000| Untracked 
|  60|0x00000000a3c00000, 0x00000000a3d00000, 0x00000000a3d00000|100%| O|  |TAMS 0x00000000a3d00000, 0x00000000a3c00000| Untracked 
|  61|0x00000000a3d00000, 0x00000000a3e00000, 0x00000000a3e00000|100%|HS|  |TAMS 0x00000000a3e00000, 0x00000000a3d00000| Complete 
|  62|0x00000000a3e00000, 0x00000000a3f00000, 0x00000000a3f00000|100%|HS|  |TAMS 0x00000000a3f00000, 0x00000000a3e00000| Complete 
|  63|0x00000000a3f00000, 0x00000000a4000000, 0x00000000a4000000|100%|HS|  |TAMS 0x00000000a4000000, 0x00000000a3f00000| Complete 
|  64|0x00000000a4000000, 0x00000000a4100000, 0x00000000a4100000|100%|HS|  |TAMS 0x00000000a4100000, 0x00000000a4000000| Complete 
|  65|0x00000000a4100000, 0x00000000a4200000, 0x00000000a4200000|100%|HC|  |TAMS 0x00000000a4200000, 0x00000000a4100000| Complete 
|  66|0x00000000a4200000, 0x00000000a4300000, 0x00000000a4300000|100%|HC|  |TAMS 0x00000000a4300000, 0x00000000a4200000| Complete 
|  67|0x00000000a4300000, 0x00000000a4400000, 0x00000000a4400000|100%|HS|  |TAMS 0x00000000a4400000, 0x00000000a4300000| Complete 
|  68|0x00000000a4400000, 0x00000000a4500000, 0x00000000a4500000|100%|HC|  |TAMS 0x00000000a4500000, 0x00000000a4400000| Complete 
|  69|0x00000000a4500000, 0x00000000a4600000, 0x00000000a4600000|100%| O|  |TAMS 0x00000000a4600000, 0x00000000a4500000| Untracked 
|  70|0x00000000a4600000, 0x00000000a4700000, 0x00000000a4700000|100%| O|  |TAMS 0x00000000a4700000, 0x00000000a4600000| Untracked 
|  71|0x00000000a4700000, 0x00000000a4800000, 0x00000000a4800000|100%| O|  |TAMS 0x00000000a4800000, 0x00000000a4700000| Untracked 
|  72|0x00000000a4800000, 0x00000000a4900000, 0x00000000a4900000|100%| O|  |TAMS 0x00000000a4900000, 0x00000000a4800000| Untracked 
|  73|0x00000000a4900000, 0x00000000a4a00000, 0x00000000a4a00000|100%| O|  |TAMS 0x00000000a4a00000, 0x00000000a4900000| Untracked 
|  74|0x00000000a4a00000, 0x00000000a4b00000, 0x00000000a4b00000|100%| O|  |TAMS 0x00000000a4b00000, 0x00000000a4a00000| Untracked 
|  75|0x00000000a4b00000, 0x00000000a4c00000, 0x00000000a4c00000|100%| O|  |TAMS 0x00000000a4c00000, 0x00000000a4b00000| Untracked 
|  76|0x00000000a4c00000, 0x00000000a4d00000, 0x00000000a4d00000|100%| O|  |TAMS 0x00000000a4d00000, 0x00000000a4c00000| Untracked 
|  77|0x00000000a4d00000, 0x00000000a4e00000, 0x00000000a4e00000|100%| O|  |TAMS 0x00000000a4e00000, 0x00000000a4d00000| Untracked 
|  78|0x00000000a4e00000, 0x00000000a4f00000, 0x00000000a4f00000|100%| O|  |TAMS 0x00000000a4f00000, 0x00000000a4e00000| Untracked 
|  79|0x00000000a4f00000, 0x00000000a5000000, 0x00000000a5000000|100%| O|  |TAMS 0x00000000a5000000, 0x00000000a4f00000| Untracked 
|  80|0x00000000a5000000, 0x00000000a5100000, 0x00000000a5100000|100%| O|  |TAMS 0x00000000a5000000, 0x00000000a5000000| Untracked 
|  81|0x00000000a5100000, 0x00000000a5200000, 0x00000000a5200000|100%| O|  |TAMS 0x00000000a5200000, 0x00000000a5100000| Untracked 
|  82|0x00000000a5200000, 0x00000000a5300000, 0x00000000a5300000|100%| O|  |TAMS 0x00000000a5300000, 0x00000000a5200000| Untracked 
|  83|0x00000000a5300000, 0x00000000a5400000, 0x00000000a5400000|100%| O|  |TAMS 0x00000000a5400000, 0x00000000a5300000| Untracked 
|  84|0x00000000a5400000, 0x00000000a5500000, 0x00000000a5500000|100%| O|  |TAMS 0x00000000a5500000, 0x00000000a5400000| Untracked 
|  85|0x00000000a5500000, 0x00000000a5600000, 0x00000000a5600000|100%| O|  |TAMS 0x00000000a5600000, 0x00000000a5500000| Untracked 
|  86|0x00000000a5600000, 0x00000000a5700000, 0x00000000a5700000|100%| O|  |TAMS 0x00000000a5700000, 0x00000000a5600000| Untracked 
|  87|0x00000000a5700000, 0x00000000a5800000, 0x00000000a5800000|100%| O|  |TAMS 0x00000000a5800000, 0x00000000a5700000| Untracked 
|  88|0x00000000a5800000, 0x00000000a5900000, 0x00000000a5900000|100%| O|  |TAMS 0x00000000a5900000, 0x00000000a5800000| Untracked 
|  89|0x00000000a5900000, 0x00000000a5a00000, 0x00000000a5a00000|100%| O|  |TAMS 0x00000000a5a00000, 0x00000000a5900000| Untracked 
|  90|0x00000000a5a00000, 0x00000000a5b00000, 0x00000000a5b00000|100%| O|  |TAMS 0x00000000a5b00000, 0x00000000a5a00000| Untracked 
|  91|0x00000000a5b00000, 0x00000000a5c00000, 0x00000000a5c00000|100%| O|  |TAMS 0x00000000a5c00000, 0x00000000a5b00000| Untracked 
|  92|0x00000000a5c00000, 0x00000000a5d00000, 0x00000000a5d00000|100%| O|  |TAMS 0x00000000a5d00000, 0x00000000a5c00000| Untracked 
|  93|0x00000000a5d00000, 0x00000000a5e00000, 0x00000000a5e00000|100%| O|  |TAMS 0x00000000a5e00000, 0x00000000a5d00000| Untracked 
|  94|0x00000000a5e00000, 0x00000000a5f00000, 0x00000000a5f00000|100%|HS|  |TAMS 0x00000000a5f00000, 0x00000000a5e00000| Complete 
|  95|0x00000000a5f00000, 0x00000000a6000000, 0x00000000a6000000|100%|HC|  |TAMS 0x00000000a6000000, 0x00000000a5f00000| Complete 
|  96|0x00000000a6000000, 0x00000000a6100000, 0x00000000a6100000|100%|HS|  |TAMS 0x00000000a6100000, 0x00000000a6000000| Complete 
|  97|0x00000000a6100000, 0x00000000a6200000, 0x00000000a6200000|100%|HC|  |TAMS 0x00000000a6200000, 0x00000000a6100000| Complete 
|  98|0x00000000a6200000, 0x00000000a6300000, 0x00000000a6300000|100%|HC|  |TAMS 0x00000000a6300000, 0x00000000a6200000| Complete 
|  99|0x00000000a6300000, 0x00000000a6400000, 0x00000000a6400000|100%|HS|  |TAMS 0x00000000a6400000, 0x00000000a6300000| Complete 
| 100|0x00000000a6400000, 0x00000000a6500000, 0x00000000a6500000|100%|HS|  |TAMS 0x00000000a6500000, 0x00000000a6400000| Complete 
| 101|0x00000000a6500000, 0x00000000a6600000, 0x00000000a6600000|100%|HC|  |TAMS 0x00000000a6600000, 0x00000000a6500000| Complete 
| 102|0x00000000a6600000, 0x00000000a6700000, 0x00000000a6700000|100%|HC|  |TAMS 0x00000000a6700000, 0x00000000a6600000| Complete 
| 103|0x00000000a6700000, 0x00000000a6800000, 0x00000000a6800000|100%|HC|  |TAMS 0x00000000a6800000, 0x00000000a6700000| Complete 
| 104|0x00000000a6800000, 0x00000000a6900000, 0x00000000a6900000|100%| O|  |TAMS 0x00000000a6900000, 0x00000000a6800000| Untracked 
| 105|0x00000000a6900000, 0x00000000a6a00000, 0x00000000a6a00000|100%| O|  |TAMS 0x00000000a6a00000, 0x00000000a6900000| Untracked 
| 106|0x00000000a6a00000, 0x00000000a6b00000, 0x00000000a6b00000|100%| O|  |TAMS 0x00000000a6b00000, 0x00000000a6a00000| Untracked 
| 107|0x00000000a6b00000, 0x00000000a6c00000, 0x00000000a6c00000|100%| O|  |TAMS 0x00000000a6c00000, 0x00000000a6b00000| Untracked 
| 108|0x00000000a6c00000, 0x00000000a6d00000, 0x00000000a6d00000|100%| O|  |TAMS 0x00000000a6d00000, 0x00000000a6c00000| Untracked 
| 109|0x00000000a6d00000, 0x00000000a6e00000, 0x00000000a6e00000|100%| O|  |TAMS 0x00000000a6e00000, 0x00000000a6d00000| Untracked 
| 110|0x00000000a6e00000, 0x00000000a6f00000, 0x00000000a6f00000|100%| O|  |TAMS 0x00000000a6f00000, 0x00000000a6e00000| Untracked 
| 111|0x00000000a6f00000, 0x00000000a7000000, 0x00000000a7000000|100%| O|  |TAMS 0x00000000a7000000, 0x00000000a6f00000| Untracked 
| 112|0x00000000a7000000, 0x00000000a7100000, 0x00000000a7100000|100%| O|  |TAMS 0x00000000a7100000, 0x00000000a7000000| Untracked 
| 113|0x00000000a7100000, 0x00000000a7200000, 0x00000000a7200000|100%| O|  |TAMS 0x00000000a7200000, 0x00000000a7100000| Untracked 
| 114|0x00000000a7200000, 0x00000000a7300000, 0x00000000a7300000|100%| O|  |TAMS 0x00000000a7300000, 0x00000000a7200000| Untracked 
| 115|0x00000000a7300000, 0x00000000a73f9c00, 0x00000000a7400000| 97%| O|  |TAMS 0x00000000a7300000, 0x00000000a7300000| Untracked 
| 116|0x00000000a7400000, 0x00000000a7400000, 0x00000000a7500000|  0%| F|  |TAMS 0x00000000a7400000, 0x00000000a7400000| Untracked 
| 117|0x00000000a7500000, 0x00000000a7600000, 0x00000000a7600000|100%| O|  |TAMS 0x00000000a7600000, 0x00000000a7500000| Untracked 
| 118|0x00000000a7600000, 0x00000000a7700000, 0x00000000a7700000|100%| O|  |TAMS 0x00000000a7700000, 0x00000000a7600000| Untracked 
| 119|0x00000000a7700000, 0x00000000a7800000, 0x00000000a7800000|100%| O|  |TAMS 0x00000000a7800000, 0x00000000a7700000| Untracked 
| 120|0x00000000a7800000, 0x00000000a7900000, 0x00000000a7900000|100%| O|  |TAMS 0x00000000a7900000, 0x00000000a7800000| Untracked 
| 121|0x00000000a7900000, 0x00000000a7a00000, 0x00000000a7a00000|100%| O|  |TAMS 0x00000000a7a00000, 0x00000000a7900000| Untracked 
| 122|0x00000000a7a00000, 0x00000000a7b00000, 0x00000000a7b00000|100%| O|  |TAMS 0x00000000a7b00000, 0x00000000a7a00000| Untracked 
| 123|0x00000000a7b00000, 0x00000000a7c00000, 0x00000000a7c00000|100%| O|  |TAMS 0x00000000a7c00000, 0x00000000a7b00000| Untracked 
| 124|0x00000000a7c00000, 0x00000000a7d00000, 0x00000000a7d00000|100%| O|  |TAMS 0x00000000a7d00000, 0x00000000a7c00000| Untracked 
| 125|0x00000000a7d00000, 0x00000000a7d00000, 0x00000000a7e00000|  0%| F|  |TAMS 0x00000000a7d00000, 0x00000000a7d00000| Untracked 
| 126|0x00000000a7e00000, 0x00000000a7f00000, 0x00000000a7f00000|100%| O|  |TAMS 0x00000000a7f00000, 0x00000000a7e00000| Untracked 
| 127|0x00000000a7f00000, 0x00000000a8000000, 0x00000000a8000000|100%| O|  |TAMS 0x00000000a8000000, 0x00000000a7f00000| Untracked 
| 128|0x00000000a8000000, 0x00000000a8100000, 0x00000000a8100000|100%| O|  |TAMS 0x00000000a8100000, 0x00000000a8000000| Untracked 
| 129|0x00000000a8100000, 0x00000000a8100000, 0x00000000a8200000|  0%| F|  |TAMS 0x00000000a8100000, 0x00000000a8100000| Untracked 
| 130|0x00000000a8200000, 0x00000000a8300000, 0x00000000a8300000|100%| O|  |TAMS 0x00000000a8300000, 0x00000000a8200000| Untracked 
| 131|0x00000000a8300000, 0x00000000a8400000, 0x00000000a8400000|100%| O|  |TAMS 0x00000000a8400000, 0x00000000a8300000| Untracked 
| 132|0x00000000a8400000, 0x00000000a8500000, 0x00000000a8500000|100%| O|  |TAMS 0x00000000a8500000, 0x00000000a8400000| Untracked 
| 133|0x00000000a8500000, 0x00000000a8500000, 0x00000000a8600000|  0%| F|  |TAMS 0x00000000a8500000, 0x00000000a8500000| Untracked 
| 134|0x00000000a8600000, 0x00000000a8600000, 0x00000000a8700000|  0%| F|  |TAMS 0x00000000a8600000, 0x00000000a8600000| Untracked 
| 135|0x00000000a8700000, 0x00000000a8800000, 0x00000000a8800000|100%| O|  |TAMS 0x00000000a8800000, 0x00000000a8700000| Untracked 
| 136|0x00000000a8800000, 0x00000000a8900000, 0x00000000a8900000|100%| O|  |TAMS 0x00000000a8900000, 0x00000000a8800000| Untracked 
| 137|0x00000000a8900000, 0x00000000a8a00000, 0x00000000a8a00000|100%| O|  |TAMS 0x00000000a8a00000, 0x00000000a8900000| Untracked 
| 138|0x00000000a8a00000, 0x00000000a8a00000, 0x00000000a8b00000|  0%| F|  |TAMS 0x00000000a8a00000, 0x00000000a8a00000| Untracked 
| 139|0x00000000a8b00000, 0x00000000a8c00000, 0x00000000a8c00000|100%| O|  |TAMS 0x00000000a8c00000, 0x00000000a8b00000| Untracked 
| 140|0x00000000a8c00000, 0x00000000a8c00000, 0x00000000a8d00000|  0%| F|  |TAMS 0x00000000a8c00000, 0x00000000a8c00000| Untracked 
| 141|0x00000000a8d00000, 0x00000000a8e00000, 0x00000000a8e00000|100%| O|  |TAMS 0x00000000a8e00000, 0x00000000a8d00000| Untracked 
| 142|0x00000000a8e00000, 0x00000000a8e00000, 0x00000000a8f00000|  0%| F|  |TAMS 0x00000000a8e00000, 0x00000000a8e00000| Untracked 
| 143|0x00000000a8f00000, 0x00000000a9000000, 0x00000000a9000000|100%| O|  |TAMS 0x00000000a9000000, 0x00000000a8f00000| Untracked 
| 144|0x00000000a9000000, 0x00000000a9100000, 0x00000000a9100000|100%| O|  |TAMS 0x00000000a9100000, 0x00000000a9000000| Untracked 
| 145|0x00000000a9100000, 0x00000000a9200000, 0x00000000a9200000|100%| O|  |TAMS 0x00000000a9200000, 0x00000000a9100000| Untracked 
| 146|0x00000000a9200000, 0x00000000a9300000, 0x00000000a9300000|100%| O|  |TAMS 0x00000000a9300000, 0x00000000a9200000| Untracked 
| 147|0x00000000a9300000, 0x00000000a9400000, 0x00000000a9400000|100%| O|  |TAMS 0x00000000a9400000, 0x00000000a9300000| Untracked 
| 148|0x00000000a9400000, 0x00000000a9500000, 0x00000000a9500000|100%| O|  |TAMS 0x00000000a9500000, 0x00000000a9400000| Untracked 
| 149|0x00000000a9500000, 0x00000000a9500000, 0x00000000a9600000|  0%| F|  |TAMS 0x00000000a9500000, 0x00000000a9500000| Untracked 
| 150|0x00000000a9600000, 0x00000000a9600000, 0x00000000a9700000|  0%| F|  |TAMS 0x00000000a9600000, 0x00000000a9600000| Untracked 
| 151|0x00000000a9700000, 0x00000000a9800000, 0x00000000a9800000|100%| O|  |TAMS 0x00000000a9800000, 0x00000000a9700000| Untracked 
| 152|0x00000000a9800000, 0x00000000a9900000, 0x00000000a9900000|100%| O|  |TAMS 0x00000000a9900000, 0x00000000a9800000| Untracked 
| 153|0x00000000a9900000, 0x00000000a9900000, 0x00000000a9a00000|  0%| F|  |TAMS 0x00000000a9900000, 0x00000000a9900000| Untracked 
| 154|0x00000000a9a00000, 0x00000000a9b00000, 0x00000000a9b00000|100%| O|  |TAMS 0x00000000a9b00000, 0x00000000a9a00000| Untracked 
| 155|0x00000000a9b00000, 0x00000000a9c00000, 0x00000000a9c00000|100%| O|  |TAMS 0x00000000a9c00000, 0x00000000a9b00000| Untracked 
| 156|0x00000000a9c00000, 0x00000000a9d00000, 0x00000000a9d00000|100%| O|  |TAMS 0x00000000a9c00000, 0x00000000a9c00000| Untracked 
| 157|0x00000000a9d00000, 0x00000000a9d00000, 0x00000000a9e00000|  0%| F|  |TAMS 0x00000000a9d00000, 0x00000000a9d00000| Untracked 
| 158|0x00000000a9e00000, 0x00000000a9f00000, 0x00000000a9f00000|100%| O|  |TAMS 0x00000000a9e00000, 0x00000000a9e00000| Untracked 
| 159|0x00000000a9f00000, 0x00000000a9f00000, 0x00000000aa000000|  0%| F|  |TAMS 0x00000000a9f00000, 0x00000000a9f00000| Untracked 
| 160|0x00000000aa000000, 0x00000000aa000000, 0x00000000aa100000|  0%| F|  |TAMS 0x00000000aa000000, 0x00000000aa000000| Untracked 
| 161|0x00000000aa100000, 0x00000000aa200000, 0x00000000aa200000|100%| O|  |TAMS 0x00000000aa200000, 0x00000000aa100000| Untracked 
| 162|0x00000000aa200000, 0x00000000aa300000, 0x00000000aa300000|100%| O|  |TAMS 0x00000000aa300000, 0x00000000aa200000| Untracked 
| 163|0x00000000aa300000, 0x00000000aa400000, 0x00000000aa400000|100%| O|  |TAMS 0x00000000aa400000, 0x00000000aa300000| Untracked 
| 164|0x00000000aa400000, 0x00000000aa500000, 0x00000000aa500000|100%| O|  |TAMS 0x00000000aa400000, 0x00000000aa400000| Untracked 
| 165|0x00000000aa500000, 0x00000000aa500000, 0x00000000aa600000|  0%| F|  |TAMS 0x00000000aa500000, 0x00000000aa500000| Untracked 
| 166|0x00000000aa600000, 0x00000000aa700000, 0x00000000aa700000|100%| O|  |TAMS 0x00000000aa600000, 0x00000000aa600000| Untracked 
| 167|0x00000000aa700000, 0x00000000aa700000, 0x00000000aa800000|  0%| F|  |TAMS 0x00000000aa700000, 0x00000000aa700000| Untracked 
| 168|0x00000000aa800000, 0x00000000aa800000, 0x00000000aa900000|  0%| F|  |TAMS 0x00000000aa800000, 0x00000000aa800000| Untracked 
| 169|0x00000000aa900000, 0x00000000aa900000, 0x00000000aaa00000|  0%| F|  |TAMS 0x00000000aa900000, 0x00000000aa900000| Untracked 
| 170|0x00000000aaa00000, 0x00000000aaa00000, 0x00000000aab00000|  0%| F|  |TAMS 0x00000000aaa00000, 0x00000000aaa00000| Untracked 
| 171|0x00000000aab00000, 0x00000000aab00000, 0x00000000aac00000|  0%| F|  |TAMS 0x00000000aab00000, 0x00000000aab00000| Untracked 
| 172|0x00000000aac00000, 0x00000000aac00000, 0x00000000aad00000|  0%| F|  |TAMS 0x00000000aac00000, 0x00000000aac00000| Untracked 
| 173|0x00000000aad00000, 0x00000000aad00000, 0x00000000aae00000|  0%| F|  |TAMS 0x00000000aad00000, 0x00000000aad00000| Untracked 
| 174|0x00000000aae00000, 0x00000000aae00000, 0x00000000aaf00000|  0%| F|  |TAMS 0x00000000aae00000, 0x00000000aae00000| Untracked 
| 175|0x00000000aaf00000, 0x00000000aaf00000, 0x00000000ab000000|  0%| F|  |TAMS 0x00000000aaf00000, 0x00000000aaf00000| Untracked 
| 176|0x00000000ab000000, 0x00000000ab000000, 0x00000000ab100000|  0%| F|  |TAMS 0x00000000ab000000, 0x00000000ab000000| Untracked 
| 177|0x00000000ab100000, 0x00000000ab200000, 0x00000000ab200000|100%| O|  |TAMS 0x00000000ab200000, 0x00000000ab100000| Untracked 
| 178|0x00000000ab200000, 0x00000000ab300000, 0x00000000ab300000|100%| O|  |TAMS 0x00000000ab300000, 0x00000000ab200000| Untracked 
| 179|0x00000000ab300000, 0x00000000ab400000, 0x00000000ab400000|100%|HS|  |TAMS 0x00000000ab400000, 0x00000000ab300000| Complete 
| 180|0x00000000ab400000, 0x00000000ab500000, 0x00000000ab500000|100%| O|  |TAMS 0x00000000ab500000, 0x00000000ab400000| Untracked 
| 181|0x00000000ab500000, 0x00000000ab600000, 0x00000000ab600000|100%| O|  |TAMS 0x00000000ab600000, 0x00000000ab500000| Untracked 
| 182|0x00000000ab600000, 0x00000000ab700000, 0x00000000ab700000|100%| O|  |TAMS 0x00000000ab700000, 0x00000000ab600000| Untracked 
| 183|0x00000000ab700000, 0x00000000ab800000, 0x00000000ab800000|100%| O|  |TAMS 0x00000000ab800000, 0x00000000ab700000| Untracked 
| 184|0x00000000ab800000, 0x00000000ab900000, 0x00000000ab900000|100%| O|  |TAMS 0x00000000ab900000, 0x00000000ab800000| Untracked 
| 185|0x00000000ab900000, 0x00000000aba00000, 0x00000000aba00000|100%| O|  |TAMS 0x00000000aba00000, 0x00000000ab900000| Untracked 
| 186|0x00000000aba00000, 0x00000000abb00000, 0x00000000abb00000|100%| O|  |TAMS 0x00000000abb00000, 0x00000000aba00000| Untracked 
| 187|0x00000000abb00000, 0x00000000abc00000, 0x00000000abc00000|100%| O|  |TAMS 0x00000000abc00000, 0x00000000abb00000| Untracked 
| 188|0x00000000abc00000, 0x00000000abd00000, 0x00000000abd00000|100%| O|  |TAMS 0x00000000abd00000, 0x00000000abc00000| Untracked 
| 189|0x00000000abd00000, 0x00000000abe00000, 0x00000000abe00000|100%| O|  |TAMS 0x00000000abe00000, 0x00000000abd00000| Untracked 
| 190|0x00000000abe00000, 0x00000000abf00000, 0x00000000abf00000|100%| O|  |TAMS 0x00000000abf00000, 0x00000000abe00000| Untracked 
| 191|0x00000000abf00000, 0x00000000ac000000, 0x00000000ac000000|100%| O|  |TAMS 0x00000000ac000000, 0x00000000abf00000| Untracked 
| 192|0x00000000ac000000, 0x00000000ac100000, 0x00000000ac100000|100%| O|  |TAMS 0x00000000ac100000, 0x00000000ac000000| Untracked 
| 193|0x00000000ac100000, 0x00000000ac200000, 0x00000000ac200000|100%| O|  |TAMS 0x00000000ac200000, 0x00000000ac100000| Untracked 
| 194|0x00000000ac200000, 0x00000000ac300000, 0x00000000ac300000|100%| O|  |TAMS 0x00000000ac300000, 0x00000000ac200000| Untracked 
| 195|0x00000000ac300000, 0x00000000ac400000, 0x00000000ac400000|100%| O|  |TAMS 0x00000000ac400000, 0x00000000ac300000| Untracked 
| 196|0x00000000ac400000, 0x00000000ac500000, 0x00000000ac500000|100%| O|  |TAMS 0x00000000ac500000, 0x00000000ac400000| Untracked 
| 197|0x00000000ac500000, 0x00000000ac600000, 0x00000000ac600000|100%| O|  |TAMS 0x00000000ac600000, 0x00000000ac500000| Untracked 
| 198|0x00000000ac600000, 0x00000000ac700000, 0x00000000ac700000|100%| O|  |TAMS 0x00000000ac700000, 0x00000000ac600000| Untracked 
| 199|0x00000000ac700000, 0x00000000ac800000, 0x00000000ac800000|100%| O|  |TAMS 0x00000000ac800000, 0x00000000ac700000| Untracked 
| 200|0x00000000ac800000, 0x00000000ac900000, 0x00000000ac900000|100%| O|  |TAMS 0x00000000ac900000, 0x00000000ac800000| Untracked 
| 201|0x00000000ac900000, 0x00000000aca00000, 0x00000000aca00000|100%| O|  |TAMS 0x00000000aca00000, 0x00000000ac900000| Untracked 
| 202|0x00000000aca00000, 0x00000000acb00000, 0x00000000acb00000|100%| O|  |TAMS 0x00000000acb00000, 0x00000000aca00000| Untracked 
| 203|0x00000000acb00000, 0x00000000acb00000, 0x00000000acc00000|  0%| F|  |TAMS 0x00000000acb00000, 0x00000000acb00000| Untracked 
| 204|0x00000000acc00000, 0x00000000acd00000, 0x00000000acd00000|100%| O|  |TAMS 0x00000000acc00000, 0x00000000acc00000| Untracked 
| 205|0x00000000acd00000, 0x00000000ace00000, 0x00000000ace00000|100%| O|  |TAMS 0x00000000acd00000, 0x00000000acd00000| Untracked 
| 206|0x00000000ace00000, 0x00000000acf00000, 0x00000000acf00000|100%| O|  |TAMS 0x00000000ace00000, 0x00000000ace00000| Untracked 
| 207|0x00000000acf00000, 0x00000000ad000000, 0x00000000ad000000|100%| O|  |TAMS 0x00000000acf00000, 0x00000000acf00000| Untracked 
| 208|0x00000000ad000000, 0x00000000ad100000, 0x00000000ad100000|100%| O|  |TAMS 0x00000000ad000000, 0x00000000ad000000| Untracked 
| 209|0x00000000ad100000, 0x00000000ad200000, 0x00000000ad200000|100%| O|  |TAMS 0x00000000ad100000, 0x00000000ad100000| Untracked 
| 210|0x00000000ad200000, 0x00000000ad300000, 0x00000000ad300000|100%| O|  |TAMS 0x00000000ad200000, 0x00000000ad200000| Untracked 
| 211|0x00000000ad300000, 0x00000000ad400000, 0x00000000ad400000|100%| O|  |TAMS 0x00000000ad300000, 0x00000000ad300000| Untracked 
| 212|0x00000000ad400000, 0x00000000ad500000, 0x00000000ad500000|100%| O|  |TAMS 0x00000000ad400000, 0x00000000ad400000| Untracked 
| 213|0x00000000ad500000, 0x00000000ad600000, 0x00000000ad600000|100%| O|  |TAMS 0x00000000ad500000, 0x00000000ad500000| Untracked 
| 214|0x00000000ad600000, 0x00000000ad700000, 0x00000000ad700000|100%| O|  |TAMS 0x00000000ad600000, 0x00000000ad600000| Untracked 
| 215|0x00000000ad700000, 0x00000000ad800000, 0x00000000ad800000|100%| O|  |TAMS 0x00000000ad700000, 0x00000000ad700000| Untracked 
| 216|0x00000000ad800000, 0x00000000ad900000, 0x00000000ad900000|100%| O|  |TAMS 0x00000000ad800000, 0x00000000ad800000| Untracked 
| 217|0x00000000ad900000, 0x00000000ada00000, 0x00000000ada00000|100%| O|  |TAMS 0x00000000ad900000, 0x00000000ad900000| Untracked 
| 218|0x00000000ada00000, 0x00000000adb00000, 0x00000000adb00000|100%| O|  |TAMS 0x00000000ada00000, 0x00000000ada00000| Untracked 
| 219|0x00000000adb00000, 0x00000000adc00000, 0x00000000adc00000|100%| O|  |TAMS 0x00000000adb00000, 0x00000000adb00000| Untracked 
| 220|0x00000000adc00000, 0x00000000add00000, 0x00000000add00000|100%| O|  |TAMS 0x00000000adc00000, 0x00000000adc00000| Untracked 
| 221|0x00000000add00000, 0x00000000ade00000, 0x00000000ade00000|100%| O|  |TAMS 0x00000000add00000, 0x00000000add00000| Untracked 
| 222|0x00000000ade00000, 0x00000000ade00000, 0x00000000adf00000|  0%| F|  |TAMS 0x00000000ade00000, 0x00000000ade00000| Untracked 
| 223|0x00000000adf00000, 0x00000000adf00000, 0x00000000ae000000|  0%| F|  |TAMS 0x00000000adf00000, 0x00000000adf00000| Untracked 
| 224|0x00000000ae000000, 0x00000000ae000000, 0x00000000ae100000|  0%| F|  |TAMS 0x00000000ae000000, 0x00000000ae000000| Untracked 
| 225|0x00000000ae100000, 0x00000000ae100000, 0x00000000ae200000|  0%| F|  |TAMS 0x00000000ae100000, 0x00000000ae100000| Untracked 
| 226|0x00000000ae200000, 0x00000000ae200000, 0x00000000ae300000|  0%| F|  |TAMS 0x00000000ae200000, 0x00000000ae200000| Untracked 
| 227|0x00000000ae300000, 0x00000000ae300000, 0x00000000ae400000|  0%| F|  |TAMS 0x00000000ae300000, 0x00000000ae300000| Untracked 
| 228|0x00000000ae400000, 0x00000000ae400000, 0x00000000ae500000|  0%| F|  |TAMS 0x00000000ae400000, 0x00000000ae400000| Untracked 
| 229|0x00000000ae500000, 0x00000000ae500000, 0x00000000ae600000|  0%| F|  |TAMS 0x00000000ae500000, 0x00000000ae500000| Untracked 
| 230|0x00000000ae600000, 0x00000000ae600000, 0x00000000ae700000|  0%| F|  |TAMS 0x00000000ae600000, 0x00000000ae600000| Untracked 
| 231|0x00000000ae700000, 0x00000000ae700000, 0x00000000ae800000|  0%| F|  |TAMS 0x00000000ae700000, 0x00000000ae700000| Untracked 
| 232|0x00000000ae800000, 0x00000000ae800000, 0x00000000ae900000|  0%| F|  |TAMS 0x00000000ae800000, 0x00000000ae800000| Untracked 
| 233|0x00000000ae900000, 0x00000000ae900000, 0x00000000aea00000|  0%| F|  |TAMS 0x00000000ae900000, 0x00000000ae900000| Untracked 
| 234|0x00000000aea00000, 0x00000000aea00000, 0x00000000aeb00000|  0%| F|  |TAMS 0x00000000aea00000, 0x00000000aea00000| Untracked 
| 235|0x00000000aeb00000, 0x00000000aeb00000, 0x00000000aec00000|  0%| F|  |TAMS 0x00000000aeb00000, 0x00000000aeb00000| Untracked 
| 236|0x00000000aec00000, 0x00000000aec00000, 0x00000000aed00000|  0%| F|  |TAMS 0x00000000aec00000, 0x00000000aec00000| Untracked 
| 237|0x00000000aed00000, 0x00000000aed00000, 0x00000000aee00000|  0%| F|  |TAMS 0x00000000aed00000, 0x00000000aed00000| Untracked 
| 238|0x00000000aee00000, 0x00000000aee00000, 0x00000000aef00000|  0%| F|  |TAMS 0x00000000aee00000, 0x00000000aee00000| Untracked 
| 239|0x00000000aef00000, 0x00000000aef00000, 0x00000000af000000|  0%| F|  |TAMS 0x00000000aef00000, 0x00000000aef00000| Untracked 
| 240|0x00000000af000000, 0x00000000af000000, 0x00000000af100000|  0%| F|  |TAMS 0x00000000af000000, 0x00000000af000000| Untracked 
| 241|0x00000000af100000, 0x00000000af100000, 0x00000000af200000|  0%| F|  |TAMS 0x00000000af100000, 0x00000000af100000| Untracked 
| 242|0x00000000af200000, 0x00000000af200000, 0x00000000af300000|  0%| F|  |TAMS 0x00000000af200000, 0x00000000af200000| Untracked 
| 243|0x00000000af300000, 0x00000000af300000, 0x00000000af400000|  0%| F|  |TAMS 0x00000000af300000, 0x00000000af300000| Untracked 
| 244|0x00000000af400000, 0x00000000af400000, 0x00000000af500000|  0%| F|  |TAMS 0x00000000af400000, 0x00000000af400000| Untracked 
| 245|0x00000000af500000, 0x00000000af500000, 0x00000000af600000|  0%| F|  |TAMS 0x00000000af500000, 0x00000000af500000| Untracked 
| 246|0x00000000af600000, 0x00000000af600000, 0x00000000af700000|  0%| F|  |TAMS 0x00000000af600000, 0x00000000af600000| Untracked 
| 247|0x00000000af700000, 0x00000000af700000, 0x00000000af800000|  0%| F|  |TAMS 0x00000000af700000, 0x00000000af700000| Untracked 
| 248|0x00000000af800000, 0x00000000af800000, 0x00000000af900000|  0%| F|  |TAMS 0x00000000af800000, 0x00000000af800000| Untracked 
| 249|0x00000000af900000, 0x00000000af900000, 0x00000000afa00000|  0%| F|  |TAMS 0x00000000af900000, 0x00000000af900000| Untracked 
| 250|0x00000000afa00000, 0x00000000afa00000, 0x00000000afb00000|  0%| F|  |TAMS 0x00000000afa00000, 0x00000000afa00000| Untracked 
| 251|0x00000000afb00000, 0x00000000afb00000, 0x00000000afc00000|  0%| F|  |TAMS 0x00000000afb00000, 0x00000000afb00000| Untracked 
| 252|0x00000000afc00000, 0x00000000afc00000, 0x00000000afd00000|  0%| F|  |TAMS 0x00000000afc00000, 0x00000000afc00000| Untracked 
| 253|0x00000000afd00000, 0x00000000afd00000, 0x00000000afe00000|  0%| F|  |TAMS 0x00000000afd00000, 0x00000000afd00000| Untracked 
| 254|0x00000000afe00000, 0x00000000afe00000, 0x00000000aff00000|  0%| F|  |TAMS 0x00000000afe00000, 0x00000000afe00000| Untracked 
| 255|0x00000000aff00000, 0x00000000aff00000, 0x00000000b0000000|  0%| F|  |TAMS 0x00000000aff00000, 0x00000000aff00000| Untracked 
| 256|0x00000000b0000000, 0x00000000b0000000, 0x00000000b0100000|  0%| F|  |TAMS 0x00000000b0000000, 0x00000000b0000000| Untracked 
| 257|0x00000000b0100000, 0x00000000b0100000, 0x00000000b0200000|  0%| F|  |TAMS 0x00000000b0100000, 0x00000000b0100000| Untracked 
| 258|0x00000000b0200000, 0x00000000b0200000, 0x00000000b0300000|  0%| F|  |TAMS 0x00000000b0200000, 0x00000000b0200000| Untracked 
| 259|0x00000000b0300000, 0x00000000b0300000, 0x00000000b0400000|  0%| F|  |TAMS 0x00000000b0300000, 0x00000000b0300000| Untracked 
| 260|0x00000000b0400000, 0x00000000b0500000, 0x00000000b0500000|100%| S|CS|TAMS 0x00000000b0400000, 0x00000000b0400000| Complete 
| 261|0x00000000b0500000, 0x00000000b0600000, 0x00000000b0600000|100%| S|CS|TAMS 0x00000000b0500000, 0x00000000b0500000| Complete 
| 262|0x00000000b0600000, 0x00000000b0700000, 0x00000000b0700000|100%| S|CS|TAMS 0x00000000b0600000, 0x00000000b0600000| Complete 
| 263|0x00000000b0700000, 0x00000000b0800000, 0x00000000b0800000|100%| S|CS|TAMS 0x00000000b0700000, 0x00000000b0700000| Complete 
| 264|0x00000000b0800000, 0x00000000b0900000, 0x00000000b0900000|100%| S|CS|TAMS 0x00000000b0800000, 0x00000000b0800000| Complete 
| 265|0x00000000b0900000, 0x00000000b0a00000, 0x00000000b0a00000|100%| S|CS|TAMS 0x00000000b0900000, 0x00000000b0900000| Complete 
| 266|0x00000000b0a00000, 0x00000000b0b00000, 0x00000000b0b00000|100%| S|CS|TAMS 0x00000000b0a00000, 0x00000000b0a00000| Complete 
| 267|0x00000000b0b00000, 0x00000000b0c00000, 0x00000000b0c00000|100%| S|CS|TAMS 0x00000000b0b00000, 0x00000000b0b00000| Complete 
| 268|0x00000000b0c00000, 0x00000000b0c00000, 0x00000000b0d00000|  0%| F|  |TAMS 0x00000000b0c00000, 0x00000000b0c00000| Untracked 
| 269|0x00000000b0d00000, 0x00000000b0d00000, 0x00000000b0e00000|  0%| F|  |TAMS 0x00000000b0d00000, 0x00000000b0d00000| Untracked 
| 270|0x00000000b0e00000, 0x00000000b0e00000, 0x00000000b0f00000|  0%| F|  |TAMS 0x00000000b0e00000, 0x00000000b0e00000| Untracked 
| 271|0x00000000b0f00000, 0x00000000b0f00000, 0x00000000b1000000|  0%| F|  |TAMS 0x00000000b0f00000, 0x00000000b0f00000| Untracked 
| 272|0x00000000b1000000, 0x00000000b1000000, 0x00000000b1100000|  0%| F|  |TAMS 0x00000000b1000000, 0x00000000b1000000| Untracked 
| 273|0x00000000b1100000, 0x00000000b1100000, 0x00000000b1200000|  0%| F|  |TAMS 0x00000000b1100000, 0x00000000b1100000| Untracked 
| 274|0x00000000b1200000, 0x00000000b1200000, 0x00000000b1300000|  0%| F|  |TAMS 0x00000000b1200000, 0x00000000b1200000| Untracked 
| 275|0x00000000b1300000, 0x00000000b1300000, 0x00000000b1400000|  0%| F|  |TAMS 0x00000000b1300000, 0x00000000b1300000| Untracked 
| 276|0x00000000b1400000, 0x00000000b1400000, 0x00000000b1500000|  0%| F|  |TAMS 0x00000000b1400000, 0x00000000b1400000| Untracked 
| 277|0x00000000b1500000, 0x00000000b1500000, 0x00000000b1600000|  0%| F|  |TAMS 0x00000000b1500000, 0x00000000b1500000| Untracked 
| 278|0x00000000b1600000, 0x00000000b1600000, 0x00000000b1700000|  0%| F|  |TAMS 0x00000000b1600000, 0x00000000b1600000| Untracked 
| 279|0x00000000b1700000, 0x00000000b1700000, 0x00000000b1800000|  0%| F|  |TAMS 0x00000000b1700000, 0x00000000b1700000| Untracked 
| 280|0x00000000b1800000, 0x00000000b1800000, 0x00000000b1900000|  0%| F|  |TAMS 0x00000000b1800000, 0x00000000b1800000| Untracked 
| 281|0x00000000b1900000, 0x00000000b1900000, 0x00000000b1a00000|  0%| F|  |TAMS 0x00000000b1900000, 0x00000000b1900000| Untracked 
| 282|0x00000000b1a00000, 0x00000000b1a00000, 0x00000000b1b00000|  0%| F|  |TAMS 0x00000000b1a00000, 0x00000000b1a00000| Untracked 
| 283|0x00000000b1b00000, 0x00000000b1b00000, 0x00000000b1c00000|  0%| F|  |TAMS 0x00000000b1b00000, 0x00000000b1b00000| Untracked 
| 284|0x00000000b1c00000, 0x00000000b1c00000, 0x00000000b1d00000|  0%| F|  |TAMS 0x00000000b1c00000, 0x00000000b1c00000| Untracked 
| 285|0x00000000b1d00000, 0x00000000b1d00000, 0x00000000b1e00000|  0%| F|  |TAMS 0x00000000b1d00000, 0x00000000b1d00000| Untracked 
| 286|0x00000000b1e00000, 0x00000000b1e00000, 0x00000000b1f00000|  0%| F|  |TAMS 0x00000000b1e00000, 0x00000000b1e00000| Untracked 
| 287|0x00000000b1f00000, 0x00000000b1f00000, 0x00000000b2000000|  0%| F|  |TAMS 0x00000000b1f00000, 0x00000000b1f00000| Untracked 
| 288|0x00000000b2000000, 0x00000000b2000000, 0x00000000b2100000|  0%| F|  |TAMS 0x00000000b2000000, 0x00000000b2000000| Untracked 
| 289|0x00000000b2100000, 0x00000000b2100000, 0x00000000b2200000|  0%| F|  |TAMS 0x00000000b2100000, 0x00000000b2100000| Untracked 
| 290|0x00000000b2200000, 0x00000000b2200000, 0x00000000b2300000|  0%| F|  |TAMS 0x00000000b2200000, 0x00000000b2200000| Untracked 
| 291|0x00000000b2300000, 0x00000000b2300000, 0x00000000b2400000|  0%| F|  |TAMS 0x00000000b2300000, 0x00000000b2300000| Untracked 
| 292|0x00000000b2400000, 0x00000000b2400000, 0x00000000b2500000|  0%| F|  |TAMS 0x00000000b2400000, 0x00000000b2400000| Untracked 
| 293|0x00000000b2500000, 0x00000000b2500000, 0x00000000b2600000|  0%| F|  |TAMS 0x00000000b2500000, 0x00000000b2500000| Untracked 
| 294|0x00000000b2600000, 0x00000000b2600000, 0x00000000b2700000|  0%| F|  |TAMS 0x00000000b2600000, 0x00000000b2600000| Untracked 
| 295|0x00000000b2700000, 0x00000000b2700000, 0x00000000b2800000|  0%| F|  |TAMS 0x00000000b2700000, 0x00000000b2700000| Untracked 
| 296|0x00000000b2800000, 0x00000000b2800000, 0x00000000b2900000|  0%| F|  |TAMS 0x00000000b2800000, 0x00000000b2800000| Untracked 
| 297|0x00000000b2900000, 0x00000000b2900000, 0x00000000b2a00000|  0%| F|  |TAMS 0x00000000b2900000, 0x00000000b2900000| Untracked 
| 298|0x00000000b2a00000, 0x00000000b2a00000, 0x00000000b2b00000|  0%| F|  |TAMS 0x00000000b2a00000, 0x00000000b2a00000| Untracked 
| 299|0x00000000b2b00000, 0x00000000b2b00000, 0x00000000b2c00000|  0%| F|  |TAMS 0x00000000b2b00000, 0x00000000b2b00000| Untracked 
| 300|0x00000000b2c00000, 0x00000000b2c00000, 0x00000000b2d00000|  0%| F|  |TAMS 0x00000000b2c00000, 0x00000000b2c00000| Untracked 
| 301|0x00000000b2d00000, 0x00000000b2d00000, 0x00000000b2e00000|  0%| F|  |TAMS 0x00000000b2d00000, 0x00000000b2d00000| Untracked 
| 302|0x00000000b2e00000, 0x00000000b2e00000, 0x00000000b2f00000|  0%| F|  |TAMS 0x00000000b2e00000, 0x00000000b2e00000| Untracked 
| 303|0x00000000b2f00000, 0x00000000b2f00000, 0x00000000b3000000|  0%| F|  |TAMS 0x00000000b2f00000, 0x00000000b2f00000| Untracked 
| 304|0x00000000b3000000, 0x00000000b3000000, 0x00000000b3100000|  0%| F|  |TAMS 0x00000000b3000000, 0x00000000b3000000| Untracked 
| 305|0x00000000b3100000, 0x00000000b3100000, 0x00000000b3200000|  0%| F|  |TAMS 0x00000000b3100000, 0x00000000b3100000| Untracked 
| 306|0x00000000b3200000, 0x00000000b3200000, 0x00000000b3300000|  0%| F|  |TAMS 0x00000000b3200000, 0x00000000b3200000| Untracked 
| 307|0x00000000b3300000, 0x00000000b3300000, 0x00000000b3400000|  0%| F|  |TAMS 0x00000000b3300000, 0x00000000b3300000| Untracked 
| 308|0x00000000b3400000, 0x00000000b3400000, 0x00000000b3500000|  0%| F|  |TAMS 0x00000000b3400000, 0x00000000b3400000| Untracked 
| 309|0x00000000b3500000, 0x00000000b3500000, 0x00000000b3600000|  0%| F|  |TAMS 0x00000000b3500000, 0x00000000b3500000| Untracked 
| 310|0x00000000b3600000, 0x00000000b3600000, 0x00000000b3700000|  0%| F|  |TAMS 0x00000000b3600000, 0x00000000b3600000| Untracked 
| 311|0x00000000b3700000, 0x00000000b3700000, 0x00000000b3800000|  0%| F|  |TAMS 0x00000000b3700000, 0x00000000b3700000| Untracked 
| 312|0x00000000b3800000, 0x00000000b3800000, 0x00000000b3900000|  0%| F|  |TAMS 0x00000000b3800000, 0x00000000b3800000| Untracked 
| 313|0x00000000b3900000, 0x00000000b3900000, 0x00000000b3a00000|  0%| F|  |TAMS 0x00000000b3900000, 0x00000000b3900000| Untracked 
| 314|0x00000000b3a00000, 0x00000000b3a00000, 0x00000000b3b00000|  0%| F|  |TAMS 0x00000000b3a00000, 0x00000000b3a00000| Untracked 
| 315|0x00000000b3b00000, 0x00000000b3b00000, 0x00000000b3c00000|  0%| F|  |TAMS 0x00000000b3b00000, 0x00000000b3b00000| Untracked 
| 316|0x00000000b3c00000, 0x00000000b3c00000, 0x00000000b3d00000|  0%| F|  |TAMS 0x00000000b3c00000, 0x00000000b3c00000| Untracked 
| 317|0x00000000b3d00000, 0x00000000b3d00000, 0x00000000b3e00000|  0%| F|  |TAMS 0x00000000b3d00000, 0x00000000b3d00000| Untracked 
| 318|0x00000000b3e00000, 0x00000000b3e00000, 0x00000000b3f00000|  0%| F|  |TAMS 0x00000000b3e00000, 0x00000000b3e00000| Untracked 
| 319|0x00000000b3f00000, 0x00000000b3f00000, 0x00000000b4000000|  0%| F|  |TAMS 0x00000000b3f00000, 0x00000000b3f00000| Untracked 
| 320|0x00000000b4000000, 0x00000000b4000000, 0x00000000b4100000|  0%| F|  |TAMS 0x00000000b4000000, 0x00000000b4000000| Untracked 
| 321|0x00000000b4100000, 0x00000000b4100000, 0x00000000b4200000|  0%| F|  |TAMS 0x00000000b4100000, 0x00000000b4100000| Untracked 
| 322|0x00000000b4200000, 0x00000000b4200000, 0x00000000b4300000|  0%| F|  |TAMS 0x00000000b4200000, 0x00000000b4200000| Untracked 
| 323|0x00000000b4300000, 0x00000000b4300000, 0x00000000b4400000|  0%| F|  |TAMS 0x00000000b4300000, 0x00000000b4300000| Untracked 
| 324|0x00000000b4400000, 0x00000000b4400000, 0x00000000b4500000|  0%| F|  |TAMS 0x00000000b4400000, 0x00000000b4400000| Untracked 
| 325|0x00000000b4500000, 0x00000000b4500000, 0x00000000b4600000|  0%| F|  |TAMS 0x00000000b4500000, 0x00000000b4500000| Untracked 
| 326|0x00000000b4600000, 0x00000000b4600000, 0x00000000b4700000|  0%| F|  |TAMS 0x00000000b4600000, 0x00000000b4600000| Untracked 
| 327|0x00000000b4700000, 0x00000000b4700000, 0x00000000b4800000|  0%| F|  |TAMS 0x00000000b4700000, 0x00000000b4700000| Untracked 
| 328|0x00000000b4800000, 0x00000000b4800000, 0x00000000b4900000|  0%| F|  |TAMS 0x00000000b4800000, 0x00000000b4800000| Untracked 
| 329|0x00000000b4900000, 0x00000000b4900000, 0x00000000b4a00000|  0%| F|  |TAMS 0x00000000b4900000, 0x00000000b4900000| Untracked 
| 330|0x00000000b4a00000, 0x00000000b4a00000, 0x00000000b4b00000|  0%| F|  |TAMS 0x00000000b4a00000, 0x00000000b4a00000| Untracked 

Card table byte_map: [0x000001c7e8c50000,0x000001c7e8f50000] _byte_map_base: 0x000001c7e8750000

Marking Bits (Prev, Next): (CMBitMap*) 0x000001c7d5e763a0, (CMBitMap*) 0x000001c7d5e76368
 Prev Bits: [0x000001c7eaa50000, 0x000001c7ec250000)
 Next Bits: [0x000001c7e9250000, 0x000001c7eaa50000)

Polling page: 0x000001c7d3dd0000

Metaspace:

Usage:
  Non-class:    135.62 MB capacity,   133.18 MB ( 98%) used,     1.98 MB (  1%) free+waste,   466.50 KB ( <1%) overhead. 
      Class:     19.71 MB capacity,    18.33 MB ( 93%) used,     1.18 MB (  6%) free+waste,   197.44 KB ( <1%) overhead. 
       Both:    155.33 MB capacity,   151.52 MB ( 98%) used,     3.16 MB (  2%) free+waste,   663.94 KB ( <1%) overhead. 

Virtual space:
  Non-class space:      136.00 MB reserved,     136.00 MB (100%) committed 
      Class space:        1.00 GB reserved,      19.95 MB (  2%) committed 
             Both:        1.13 GB reserved,     155.95 MB ( 13%) committed 

Chunk freelists:
   Non-Class:  272.00 KB
       Class:  173.00 KB
        Both:  445.00 KB

MaxMetaspaceSize: 17179869184.00 GB
CompressedClassSpaceSize: 1.00 GB
Initial GC threshold: 20.80 MB
Current GC threshold: 259.92 MB
CDS: off

CodeHeap 'non-profiled nmethods': size=120064Kb used=14499Kb max_used=14499Kb free=105564Kb
 bounds [0x000001c7e1410000, 0x000001c7e2250000, 0x000001c7e8950000]
CodeHeap 'profiled nmethods': size=120000Kb used=57086Kb max_used=57086Kb free=62913Kb
 bounds [0x000001c7d9ee0000, 0x000001c7dd6a0000, 0x000001c7e1410000]
CodeHeap 'non-nmethods': size=5696Kb used=2508Kb max_used=2618Kb free=3188Kb
 bounds [0x000001c7d9950000, 0x000001c7d9bf0000, 0x000001c7d9ee0000]
 total_blobs=25464 nmethods=24414 adapters=959
 compilation: enabled
              stopped_count=0, restarted_count=0
 full_count=0

Compilation events (20 events):
Event: 326.116 Thread 0x000001c7ee757800 26882       2       com.android.tools.r8.internal.Ql::a (69 bytes)
Event: 326.116 Thread 0x000001c7ee757800 nmethod 26882 0x000001c7dd69cb90 code [0x000001c7dd69cda0, 0x000001c7dd69d128]
Event: 326.117 Thread 0x000001c7ee757800 26883       2       com.android.tools.r8.internal.GF::<init> (18 bytes)
Event: 326.117 Thread 0x000001c7ee757800 nmethod 26883 0x000001c7dd69d390 code [0x000001c7dd69d540, 0x000001c7dd69d728]
Event: 326.130 Thread 0x000001c7ee757800 26885       2       com.android.tools.r8.internal.GF::a (8 bytes)
Event: 326.131 Thread 0x000001c7ee757800 nmethod 26885 0x000001c7dd69d810 code [0x000001c7dd69d9c0, 0x000001c7dd69dac8]
Event: 326.179 Thread 0x000001c7ee757800 26887       2       com.android.tools.r8.internal.q0::next (28 bytes)
Event: 326.180 Thread 0x000001c7ee757800 nmethod 26887 0x000001c7dd69db90 code [0x000001c7dd69dd60, 0x000001c7dd69e048]
Event: 326.180 Thread 0x000001c7ee757800 26888       2       com.android.tools.r8.internal.p0::<init> (15 bytes)
Event: 326.180 Thread 0x000001c7ee757800 nmethod 26888 0x000001c7dd69e110 code [0x000001c7dd69e2c0, 0x000001c7dd69e458]
Event: 326.180 Thread 0x000001c7ee757800 26889       2       com.android.tools.r8.internal.p0::b (10 bytes)
Event: 326.180 Thread 0x000001c7ee757800 nmethod 26889 0x000001c7dd69e510 code [0x000001c7dd69e6c0, 0x000001c7dd69e7e8]
Event: 326.180 Thread 0x000001c7ee757800 26890       2       com.android.tools.r8.internal.Bm::a (11 bytes)
Event: 326.180 Thread 0x000001c7ee757800 nmethod 26890 0x000001c7dd69e890 code [0x000001c7dd69ea40, 0x000001c7dd69eb68]
Event: 326.186 Thread 0x000001c7ee757800 26891       2       java.util.TreeSet::comparator (10 bytes)
Event: 326.186 Thread 0x000001c7ee757800 nmethod 26891 0x000001c7dd69ec10 code [0x000001c7dd69edc0, 0x000001c7dd69eee8]
Event: 326.189 Thread 0x000001c7ee757800 26892       2       com.android.tools.r8.ir.regalloc.i::d (36 bytes)
Event: 326.189 Thread 0x000001c7ee757800 nmethod 26892 0x000001c7dd69ef90 code [0x000001c7dd69f140, 0x000001c7dd69f248]
Event: 326.190 Thread 0x000001c7ee757800 26893       2       com.android.tools.r8.ir.regalloc.i::c (65 bytes)
Event: 326.191 Thread 0x000001c7ee757800 nmethod 26893 0x000001c7dd69f310 code [0x000001c7dd69f500, 0x000001c7dd69f858]

GC Heap History (20 events):
Event: 323.837 GC heap after
{Heap after GC invocations=107 (full 0):
 garbage-first heap   total 273408K, used 183352K [0x00000000a0000000, 0x0000000100000000)
  region size 1024K, 2 young (2048K), 2 survivors (2048K)
 Metaspace       used 155255K, capacity 159331K, committed 159436K, reserved 1187840K
  class space    used 18863K, capacity 20353K, committed 20428K, reserved 1048576K
}
Event: 324.242 GC heap before
{Heap before GC invocations=107 (full 0):
 garbage-first heap   total 273408K, used 237624K [0x00000000a0000000, 0x0000000100000000)
  region size 1024K, 56 young (57344K), 2 survivors (2048K)
 Metaspace       used 155330K, capacity 159408K, committed 159692K, reserved 1187840K
  class space    used 18870K, capacity 20354K, committed 20428K, reserved 1048576K
}
Event: 324.247 GC heap after
{Heap after GC invocations=108 (full 0):
 garbage-first heap   total 273408K, used 183216K [0x00000000a0000000, 0x0000000100000000)
  region size 1024K, 2 young (2048K), 2 survivors (2048K)
 Metaspace       used 155330K, capacity 159408K, committed 159692K, reserved 1187840K
  class space    used 18870K, capacity 20354K, committed 20428K, reserved 1048576K
}
Event: 324.439 GC heap before
{Heap before GC invocations=108 (full 0):
 garbage-first heap   total 273408K, used 239536K [0x00000000a0000000, 0x0000000100000000)
  region size 1024K, 56 young (57344K), 2 survivors (2048K)
 Metaspace       used 155370K, capacity 159480K, committed 159692K, reserved 1187840K
  class space    used 18870K, capacity 20354K, committed 20428K, reserved 1048576K
}
Event: 324.452 GC heap after
{Heap after GC invocations=109 (full 0):
 garbage-first heap   total 273408K, used 197469K [0x00000000a0000000, 0x0000000100000000)
  region size 1024K, 7 young (7168K), 7 survivors (7168K)
 Metaspace       used 155370K, capacity 159480K, committed 159692K, reserved 1187840K
  class space    used 18870K, capacity 20354K, committed 20428K, reserved 1048576K
}
Event: 324.584 GC heap before
{Heap before GC invocations=109 (full 0):
 garbage-first heap   total 273408K, used 233309K [0x00000000a0000000, 0x0000000100000000)
  region size 1024K, 43 young (44032K), 7 survivors (7168K)
 Metaspace       used 155394K, capacity 159488K, committed 159692K, reserved 1187840K
  class space    used 18870K, capacity 20355K, committed 20428K, reserved 1048576K
}
Event: 324.601 GC heap after
{Heap after GC invocations=110 (full 0):
 garbage-first heap   total 273408K, used 199967K [0x00000000a0000000, 0x0000000100000000)
  region size 1024K, 6 young (6144K), 6 survivors (6144K)
 Metaspace       used 155394K, capacity 159488K, committed 159692K, reserved 1187840K
  class space    used 18870K, capacity 20355K, committed 20428K, reserved 1048576K
}
Event: 324.706 GC heap before
{Heap before GC invocations=110 (full 0):
 garbage-first heap   total 273408K, used 231711K [0x00000000a0000000, 0x0000000100000000)
  region size 1024K, 38 young (38912K), 6 survivors (6144K)
 Metaspace       used 155402K, capacity 159494K, committed 159692K, reserved 1187840K
  class space    used 18871K, capacity 20356K, committed 20428K, reserved 1048576K
}
Event: 324.725 GC heap after
{Heap after GC invocations=111 (full 0):
 garbage-first heap   total 273408K, used 203269K [0x00000000a0000000, 0x0000000100000000)
  region size 1024K, 5 young (5120K), 5 survivors (5120K)
 Metaspace       used 155402K, capacity 159494K, committed 159692K, reserved 1187840K
  class space    used 18871K, capacity 20356K, committed 20428K, reserved 1048576K
}
Event: 324.834 GC heap before
{Heap before GC invocations=111 (full 0):
 garbage-first heap   total 273408K, used 233989K [0x00000000a0000000, 0x0000000100000000)
  region size 1024K, 35 young (35840K), 5 survivors (5120K)
 Metaspace       used 155411K, capacity 159495K, committed 159692K, reserved 1187840K
  class space    used 18871K, capacity 20356K, committed 20428K, reserved 1048576K
}
Event: 324.850 GC heap after
{Heap after GC invocations=112 (full 0):
 garbage-first heap   total 273408K, used 207494K [0x00000000a0000000, 0x0000000100000000)
  region size 1024K, 5 young (5120K), 5 survivors (5120K)
 Metaspace       used 155411K, capacity 159495K, committed 159692K, reserved 1187840K
  class space    used 18871K, capacity 20356K, committed 20428K, reserved 1048576K
}
Event: 324.950 GC heap before
{Heap before GC invocations=112 (full 0):
 garbage-first heap   total 273408K, used 234118K [0x00000000a0000000, 0x0000000100000000)
  region size 1024K, 32 young (32768K), 5 survivors (5120K)
 Metaspace       used 155416K, capacity 159497K, committed 159692K, reserved 1187840K
  class space    used 18871K, capacity 20356K, committed 20428K, reserved 1048576K
}
Event: 324.980 GC heap after
{Heap after GC invocations=113 (full 0):
 garbage-first heap   total 338944K, used 212951K [0x00000000a0000000, 0x0000000100000000)
  region size 1024K, 4 young (4096K), 4 survivors (4096K)
 Metaspace       used 155416K, capacity 159497K, committed 159692K, reserved 1187840K
  class space    used 18871K, capacity 20356K, committed 20428K, reserved 1048576K
}
Event: 325.515 GC heap before
{Heap before GC invocations=113 (full 0):
 garbage-first heap   total 338944K, used 262103K [0x00000000a0000000, 0x0000000100000000)
  region size 1024K, 56 young (57344K), 4 survivors (4096K)
 Metaspace       used 155148K, capacity 159048K, committed 159692K, reserved 1187840K
  class space    used 18773K, capacity 20183K, committed 20428K, reserved 1048576K
}
Event: 325.548 GC heap after
{Heap after GC invocations=114 (full 0):
 garbage-first heap   total 338944K, used 215826K [0x00000000a0000000, 0x0000000100000000)
  region size 1024K, 7 young (7168K), 7 survivors (7168K)
 Metaspace       used 155148K, capacity 159048K, committed 159692K, reserved 1187840K
  class space    used 18773K, capacity 20183K, committed 20428K, reserved 1048576K
}
Event: 325.871 GC heap before
{Heap before GC invocations=115 (full 0):
 garbage-first heap   total 338944K, used 269074K [0x00000000a0000000, 0x0000000100000000)
  region size 1024K, 59 young (60416K), 7 survivors (7168K)
 Metaspace       used 155154K, capacity 159055K, committed 159692K, reserved 1187840K
  class space    used 18773K, capacity 20183K, committed 20428K, reserved 1048576K
}
Event: 325.902 GC heap after
{Heap after GC invocations=116 (full 0):
 garbage-first heap   total 338944K, used 222693K [0x00000000a0000000, 0x0000000100000000)
  region size 1024K, 8 young (8192K), 8 survivors (8192K)
 Metaspace       used 155154K, capacity 159055K, committed 159692K, reserved 1187840K
  class space    used 18773K, capacity 20183K, committed 20428K, reserved 1048576K
}
Event: 325.930 GC heap before
{Heap before GC invocations=116 (full 0):
 garbage-first heap   total 338944K, used 230885K [0x00000000a0000000, 0x0000000100000000)
  region size 1024K, 16 young (16384K), 8 survivors (8192K)
 Metaspace       used 155154K, capacity 159055K, committed 159692K, reserved 1187840K
  class space    used 18773K, capacity 20183K, committed 20428K, reserved 1048576K
}
Event: 325.970 GC heap after
{Heap after GC invocations=117 (full 0):
 garbage-first heap   total 338944K, used 200363K [0x00000000a0000000, 0x0000000100000000)
  region size 1024K, 2 young (2048K), 2 survivors (2048K)
 Metaspace       used 155154K, capacity 159055K, committed 159692K, reserved 1187840K
  class space    used 18773K, capacity 20183K, committed 20428K, reserved 1048576K
}
Event: 326.197 GC heap before
{Heap before GC invocations=117 (full 0):
 garbage-first heap   total 338944K, used 262827K [0x00000000a0000000, 0x0000000100000000)
  region size 1024K, 63 young (64512K), 2 survivors (2048K)
 Metaspace       used 155154K, capacity 159055K, committed 159692K, reserved 1187840K
  class space    used 18773K, capacity 20183K, committed 20428K, reserved 1048576K
}

Deoptimization events (20 events):
Event: 325.266 Thread 0x000001c7f4753800 DEOPT PACKING pc=0x000001c7e221f3e0 sp=0x0000000b833f9440
Event: 325.266 Thread 0x000001c7f4753800 DEOPT UNPACKING pc=0x000001c7d999a1af sp=0x0000000b833f93f8 mode 2
Event: 325.266 Thread 0x000001c7f4753800 Uncommon trap: trap_request=0xffffffbe fr.pc=0x000001c7e221f3e0 relative=0x0000000000003fc0
Event: 325.266 Thread 0x000001c7f4753800 Uncommon trap: reason=profile_predicate action=maybe_recompile pc=0x000001c7e221f3e0 method=com.android.tools.r8.internal.lY.i0()Z @ 16 c2
Event: 325.266 Thread 0x000001c7f4753800 DEOPT PACKING pc=0x000001c7e221f3e0 sp=0x0000000b833f9440
Event: 325.266 Thread 0x000001c7f4753800 DEOPT UNPACKING pc=0x000001c7d999a1af sp=0x0000000b833f93f8 mode 2
Event: 325.269 Thread 0x000001c7f4753800 Uncommon trap: trap_request=0xffffffbe fr.pc=0x000001c7e221f3e0 relative=0x0000000000003fc0
Event: 325.269 Thread 0x000001c7f4753800 Uncommon trap: reason=profile_predicate action=maybe_recompile pc=0x000001c7e221f3e0 method=com.android.tools.r8.internal.lY.i0()Z @ 16 c2
Event: 325.269 Thread 0x000001c7f4753800 DEOPT PACKING pc=0x000001c7e221f3e0 sp=0x0000000b833f9440
Event: 325.269 Thread 0x000001c7f4753800 DEOPT UNPACKING pc=0x000001c7d999a1af sp=0x0000000b833f93f8 mode 2
Event: 325.292 Thread 0x000001c7f4753800 DEOPT PACKING pc=0x000001c7da3c6021 sp=0x0000000b833f9620
Event: 325.292 Thread 0x000001c7f4753800 DEOPT UNPACKING pc=0x000001c7d999a95e sp=0x0000000b833f8b48 mode 0
Event: 325.669 Thread 0x000001c7f475c800 DEOPT PACKING pc=0x000001c7dd536ea9 sp=0x0000000b83ffa980
Event: 325.669 Thread 0x000001c7f475c800 DEOPT UNPACKING pc=0x000001c7d999a95e sp=0x0000000b83ff9e28 mode 0
Event: 325.680 Thread 0x000001c7f475d800 DEOPT PACKING pc=0x000001c7dd60101e sp=0x0000000b840fa260
Event: 325.680 Thread 0x000001c7f475d800 DEOPT UNPACKING pc=0x000001c7d999a95e sp=0x0000000b840f96c8 mode 0
Event: 325.753 Thread 0x000001c7f4753800 DEOPT PACKING pc=0x000001c7da8e05ed sp=0x0000000b833f9630
Event: 325.753 Thread 0x000001c7f4753800 DEOPT UNPACKING pc=0x000001c7d999a95e sp=0x0000000b833f8c68 mode 0
Event: 326.038 Thread 0x000001c7f4753800 DEOPT PACKING pc=0x000001c7dd2b02d0 sp=0x0000000b833f8f50
Event: 326.038 Thread 0x000001c7f4753800 DEOPT UNPACKING pc=0x000001c7d999a95e sp=0x0000000b833f87d0 mode 0

Classes redefined (0 events):
No events

Internal exceptions (20 events):
Event: 323.369 Thread 0x000001c7f4755800 Exception <a 'sun/nio/fs/WindowsException'{0x00000000ae169688}> (0x00000000ae169688) thrown at [./src/hotspot/share/prims/jni.cpp, line 615]
Event: 323.751 Thread 0x000001c7f475d800 Exception <a 'sun/nio/fs/WindowsException'{0x00000000ae047dc0}> (0x00000000ae047dc0) thrown at [./src/hotspot/share/prims/jni.cpp, line 615]
Event: 323.772 Thread 0x000001c7f4753800 Exception <a 'sun/nio/fs/WindowsException'{0x00000000add09930}> (0x00000000add09930) thrown at [./src/hotspot/share/prims/jni.cpp, line 615]
Event: 323.840 Thread 0x000001c7f4755800 Exception <a 'sun/nio/fs/WindowsException'{0x00000000b0a473e0}> (0x00000000b0a473e0) thrown at [./src/hotspot/share/prims/jni.cpp, line 615]
Event: 323.857 Thread 0x000001c7f4753800 Exception <a 'sun/nio/fs/WindowsException'{0x00000000b087e6a8}> (0x00000000b087e6a8) thrown at [./src/hotspot/share/prims/jni.cpp, line 615]
Event: 323.865 Thread 0x000001c7f4755800 Exception <a 'sun/nio/fs/WindowsException'{0x00000000b07e43f0}> (0x00000000b07e43f0) thrown at [./src/hotspot/share/prims/jni.cpp, line 615]
Event: 323.938 Thread 0x000001c7f475d800 Exception <a 'sun/nio/fs/WindowsException'{0x00000000b06ebe48}> (0x00000000b06ebe48) thrown at [./src/hotspot/share/prims/jni.cpp, line 615]
Event: 324.032 Thread 0x000001c7f475d800 Exception <a 'sun/nio/fs/WindowsException'{0x00000000aebc7188}> (0x00000000aebc7188) thrown at [./src/hotspot/share/prims/jni.cpp, line 615]
Event: 324.081 Thread 0x000001c7f475c800 Exception <a 'sun/nio/fs/WindowsException'{0x00000000ae7dd068}> (0x00000000ae7dd068) thrown at [./src/hotspot/share/prims/jni.cpp, line 615]
Event: 324.093 Thread 0x000001c7f475d800 Exception <a 'sun/nio/fs/WindowsException'{0x00000000ae64f4b0}> (0x00000000ae64f4b0) thrown at [./src/hotspot/share/prims/jni.cpp, line 615]
Event: 324.111 Thread 0x000001c7f4755800 Exception <a 'sun/nio/fs/WindowsException'{0x00000000ae437e60}> (0x00000000ae437e60) thrown at [./src/hotspot/share/prims/jni.cpp, line 615]
Event: 324.195 Thread 0x000001c7f4755800 Exception <a 'sun/nio/fs/WindowsException'{0x00000000adaf3e60}> (0x00000000adaf3e60) thrown at [./src/hotspot/share/prims/jni.cpp, line 615]
Event: 324.211 Thread 0x000001c7f475d800 Exception <a 'sun/nio/fs/WindowsException'{0x00000000ad8fb2b0}> (0x00000000ad8fb2b0) thrown at [./src/hotspot/share/prims/jni.cpp, line 615]
Event: 324.264 Thread 0x000001c7f4753800 Exception <a 'sun/nio/fs/WindowsException'{0x00000000b056aea8}> (0x00000000b056aea8) thrown at [./src/hotspot/share/prims/jni.cpp, line 615]
Event: 324.473 Thread 0x000001c7f475c800 Exception <a 'sun/nio/fs/WindowsException'{0x00000000b0498a50}> (0x00000000b0498a50) thrown at [./src/hotspot/share/prims/jni.cpp, line 615]
Event: 324.534 Thread 0x000001c7f4755800 Exception <a 'sun/nio/fs/WindowsException'{0x00000000af623988}> (0x00000000af623988) thrown at [./src/hotspot/share/prims/jni.cpp, line 615]
Event: 324.677 Thread 0x000001c7f475d800 Exception <a 'sun/nio/fs/WindowsException'{0x00000000af115528}> (0x00000000af115528) thrown at [./src/hotspot/share/prims/jni.cpp, line 615]
Event: 324.784 Thread 0x000001c7f475d800 Exception <a 'sun/nio/fs/WindowsException'{0x00000000af89e520}> (0x00000000af89e520) thrown at [./src/hotspot/share/prims/jni.cpp, line 615]
Event: 324.936 Thread 0x000001c7f475d800 Exception <a 'sun/nio/fs/WindowsException'{0x00000000af373c28}> (0x00000000af373c28) thrown at [./src/hotspot/share/prims/jni.cpp, line 615]
Event: 325.697 Thread 0x000001c7f475d800 Exception <a 'sun/nio/fs/WindowsException'{0x00000000b3465cd0}> (0x00000000b3465cd0) thrown at [./src/hotspot/share/prims/jni.cpp, line 615]

Events (20 events):
Event: 324.725 Executing VM operation: G1CollectForAllocation done
Event: 324.833 Executing VM operation: G1CollectForAllocation
Event: 324.850 Executing VM operation: G1CollectForAllocation done
Event: 324.950 Executing VM operation: G1CollectForAllocation
Event: 324.980 Executing VM operation: G1CollectForAllocation done
Event: 325.453 Executing VM operation: CGC_Operation
Event: 325.495 Executing VM operation: CGC_Operation done
Event: 325.515 Executing VM operation: G1CollectForAllocation
Event: 325.548 Executing VM operation: G1CollectForAllocation done
Event: 325.587 Executing VM operation: ICBufferFull
Event: 325.590 Executing VM operation: ICBufferFull done
Event: 325.681 Executing VM operation: ICBufferFull
Event: 325.682 Executing VM operation: ICBufferFull done
Event: 325.792 Executing VM operation: CGC_Operation
Event: 325.795 Executing VM operation: CGC_Operation done
Event: 325.870 Executing VM operation: G1CollectForAllocation
Event: 325.903 Executing VM operation: G1CollectForAllocation done
Event: 325.930 Executing VM operation: G1CollectForAllocation
Event: 325.970 Executing VM operation: G1CollectForAllocation done
Event: 326.196 Executing VM operation: G1CollectForAllocation


Dynamic libraries:
0x00007ff7db7f0000 - 0x00007ff7db7fa000 	F:\AndroidStudio\jre\bin\java.exe
0x00007ffd464d0000 - 0x00007ffd466c8000 	C:\WINDOWS\SYSTEM32\ntdll.dll
0x00007ffd45c10000 - 0x00007ffd45ccd000 	C:\WINDOWS\System32\KERNEL32.DLL
0x00007ffd44100000 - 0x00007ffd443ce000 	C:\WINDOWS\System32\KERNELBASE.dll
0x00007ffd43ce0000 - 0x00007ffd43de0000 	C:\WINDOWS\System32\ucrtbase.dll
0x00007ffd248e0000 - 0x00007ffd248f7000 	F:\AndroidStudio\jre\bin\VCRUNTIME140.dll
0x00007ffd24900000 - 0x00007ffd24919000 	F:\AndroidStudio\jre\bin\jli.dll
0x00007ffd45a70000 - 0x00007ffd45c10000 	C:\WINDOWS\System32\USER32.dll
0x00007ffd2a880000 - 0x00007ffd2ab1a000 	C:\WINDOWS\WinSxS\amd64_microsoft.windows.common-controls_6595b64144ccf1df_6.0.19041.1110_none_60b5254171f9507e\COMCTL32.dll
0x00007ffd43cb0000 - 0x00007ffd43cd2000 	C:\WINDOWS\System32\win32u.dll
0x00007ffd44fa0000 - 0x00007ffd4503e000 	C:\WINDOWS\System32\msvcrt.dll
0x00007ffd45170000 - 0x00007ffd4519a000 	C:\WINDOWS\System32\GDI32.dll
0x00007ffd43de0000 - 0x00007ffd43eeb000 	C:\WINDOWS\System32\gdi32full.dll
0x00007ffd43ff0000 - 0x00007ffd4408d000 	C:\WINDOWS\System32\msvcp_win.dll
0x00007ffd45870000 - 0x00007ffd458a0000 	C:\WINDOWS\System32\IMM32.DLL
0x00007ffd1e340000 - 0x00007ffd1e3dd000 	F:\AndroidStudio\jre\bin\msvcp140.dll
0x00007ffce67f0000 - 0x00007ffce72d5000 	F:\AndroidStudio\jre\bin\server\jvm.dll
0x00007ffd455b0000 - 0x00007ffd4565e000 	C:\WINDOWS\System32\ADVAPI32.dll
0x00007ffd463f0000 - 0x00007ffd4648c000 	C:\WINDOWS\System32\sechost.dll
0x00007ffd45e50000 - 0x00007ffd45f75000 	C:\WINDOWS\System32\RPCRT4.dll
0x00007ffd44de0000 - 0x00007ffd44de8000 	C:\WINDOWS\System32\PSAPI.DLL
0x00007ffd261a0000 - 0x00007ffd261a9000 	C:\WINDOWS\SYSTEM32\WSOCK32.dll
0x00007ffd2d050000 - 0x00007ffd2d077000 	C:\WINDOWS\SYSTEM32\WINMM.dll
0x00007ffd33dc0000 - 0x00007ffd33dca000 	C:\WINDOWS\SYSTEM32\VERSION.dll
0x00007ffd45cd0000 - 0x00007ffd45d3b000 	C:\WINDOWS\System32\WS2_32.dll
0x00007ffd42470000 - 0x00007ffd42482000 	C:\WINDOWS\SYSTEM32\kernel.appcore.dll
0x00007ffd3e3d0000 - 0x00007ffd3e3e1000 	F:\AndroidStudio\jre\bin\verify.dll
0x00007ffd419e0000 - 0x00007ffd41bc4000 	C:\WINDOWS\SYSTEM32\DBGHELP.DLL
0x00007ffd30890000 - 0x00007ffd308bc000 	C:\WINDOWS\SYSTEM32\dbgcore.DLL
0x00007ffd43bf0000 - 0x00007ffd43c72000 	C:\WINDOWS\System32\bcryptPrimitives.dll
0x00007ffd28c40000 - 0x00007ffd28c69000 	F:\AndroidStudio\jre\bin\java.dll
0x00007ffd3e510000 - 0x00007ffd3e51b000 	F:\AndroidStudio\jre\bin\jimage.dll
0x00007ffd3cfd0000 - 0x00007ffd3cfe8000 	F:\AndroidStudio\jre\bin\zip.dll
0x00007ffd44530000 - 0x00007ffd44c73000 	C:\WINDOWS\System32\SHELL32.dll
0x00007ffd41bd0000 - 0x00007ffd42365000 	C:\WINDOWS\SYSTEM32\windows.storage.dll
0x00007ffd45250000 - 0x00007ffd455a4000 	C:\WINDOWS\System32\combase.dll
0x00007ffd43580000 - 0x00007ffd435b0000 	C:\WINDOWS\SYSTEM32\Wldp.dll
0x00007ffd459c0000 - 0x00007ffd45a6d000 	C:\WINDOWS\System32\SHCORE.dll
0x00007ffd45660000 - 0x00007ffd456b5000 	C:\WINDOWS\System32\shlwapi.dll
0x00007ffd43b30000 - 0x00007ffd43b4f000 	C:\WINDOWS\SYSTEM32\profapi.dll
0x00007ffd28db0000 - 0x00007ffd28dca000 	F:\AndroidStudio\jre\bin\net.dll
0x00007ffd30440000 - 0x00007ffd3054a000 	C:\WINDOWS\SYSTEM32\WINHTTP.dll
0x00007ffd432e0000 - 0x00007ffd4334a000 	C:\WINDOWS\system32\mswsock.dll
0x00007ffd26f20000 - 0x00007ffd26f34000 	F:\AndroidStudio\jre\bin\nio.dll
0x00007ffd1e690000 - 0x00007ffd1e6b7000 	C:\Users\Sultan\.gradle\native\e1d6ef7f7dcc3fd88c89a11ec53ec762bb8ba0a96d01ffa2cd45eb1d1d8dd5c5\windows-amd64\native-platform.dll
0x00007ffd15d80000 - 0x00007ffd15ec4000 	C:\Users\Sultan\.gradle\native\5664cfc778a61ccfe75a443a1ab52a65af34e5dc3c78e0209fed803814484fcb\windows-amd64\native-platform-file-events.dll
0x00007ffd3e4e0000 - 0x00007ffd3e4ea000 	F:\AndroidStudio\jre\bin\management.dll
0x00007ffd3e4b0000 - 0x00007ffd3e4bd000 	F:\AndroidStudio\jre\bin\management_ext.dll
0x00007ffd434e0000 - 0x00007ffd434f8000 	C:\WINDOWS\SYSTEM32\CRYPTSP.dll
0x00007ffd42c60000 - 0x00007ffd42c94000 	C:\WINDOWS\system32\rsaenh.dll
0x00007ffd43c80000 - 0x00007ffd43ca7000 	C:\WINDOWS\System32\bcrypt.dll
0x00007ffd43af0000 - 0x00007ffd43b1e000 	C:\WINDOWS\SYSTEM32\USERENV.dll
0x00007ffd434d0000 - 0x00007ffd434dc000 	C:\WINDOWS\SYSTEM32\CRYPTBASE.dll
0x00007ffd42fd0000 - 0x00007ffd4300b000 	C:\WINDOWS\SYSTEM32\IPHLPAPI.DLL
0x00007ffd44dd0000 - 0x00007ffd44dd8000 	C:\WINDOWS\System32\NSI.dll
0x00007ffd33f80000 - 0x00007ffd33f97000 	C:\WINDOWS\SYSTEM32\dhcpcsvc6.DLL
0x00007ffd399f0000 - 0x00007ffd39a0d000 	C:\WINDOWS\SYSTEM32\dhcpcsvc.DLL
0x00007ffd43010000 - 0x00007ffd430da000 	C:\WINDOWS\SYSTEM32\DNSAPI.dll
0x00007ffd1eee0000 - 0x00007ffd1ef07000 	F:\AndroidStudio\jre\bin\sunec.dll
0x00007ffd30080000 - 0x00007ffd3008a000 	C:\Windows\System32\rasadhlp.dll
0x00007ffd30000000 - 0x00007ffd30080000 	C:\WINDOWS\System32\fwpuclnt.dll
0x00007ffd428f0000 - 0x00007ffd42923000 	C:\WINDOWS\SYSTEM32\ntmarta.dll

dbghelp: loaded successfully - version: 4.0.5 - missing functions: none
symbol engine: initialized successfully - sym options: 0x614 - pdb path: .;F:\AndroidStudio\jre\bin;C:\WINDOWS\SYSTEM32;C:\WINDOWS\WinSxS\amd64_microsoft.windows.common-controls_6595b64144ccf1df_6.0.19041.1110_none_60b5254171f9507e;F:\AndroidStudio\jre\bin\server;C:\Users\Sultan\.gradle\native\e1d6ef7f7dcc3fd88c89a11ec53ec762bb8ba0a96d01ffa2cd45eb1d1d8dd5c5\windows-amd64;C:\Users\Sultan\.gradle\native\5664cfc778a61ccfe75a443a1ab52a65af34e5dc3c78e0209fed803814484fcb\windows-amd64

VM Arguments:
jvm_args: --add-opens=java.base/java.util=ALL-UNNAMED --add-opens=java.base/java.lang=ALL-UNNAMED --add-opens=java.base/java.lang.invoke=ALL-UNNAMED --add-opens=java.base/java.util=ALL-UNNAMED --add-opens=java.prefs/java.util.prefs=ALL-UNNAMED --add-opens=java.prefs/java.util.prefs=ALL-UNNAMED --add-opens=java.base/java.nio.charset=ALL-UNNAMED --add-opens=java.base/java.net=ALL-UNNAMED --add-opens=java.base/java.util.concurrent.atomic=ALL-UNNAMED -Xmx1536m -Dfile.encoding=windows-1251 -Duser.country=RU -Duser.language=ru -Duser.variant 
java_command: org.gradle.launcher.daemon.bootstrap.GradleDaemon 7.3.3
java_class_path (initial): C:\Users\Sultan\.gradle\wrapper\dists\gradle-7.3.3-all\4295vidhdd9hd3gbjyw1xqxpo\gradle-7.3.3\lib\gradle-launcher-7.3.3.jar
Launcher Type: SUN_STANDARD

[Global flags]
     intx CICompilerCount                          = 3                                         {product} {ergonomic}
     uint ConcGCThreads                            = 1                                         {product} {ergonomic}
     uint G1ConcRefinementThreads                  = 4                                         {product} {ergonomic}
   size_t G1HeapRegionSize                         = 1048576                                   {product} {ergonomic}
    uintx GCDrainStackTargetSize                   = 64                                        {product} {ergonomic}
   size_t InitialHeapSize                          = 134217728                                 {product} {ergonomic}
   size_t MarkStackSize                            = 4194304                                   {product} {ergonomic}
   size_t MaxHeapSize                              = 1610612736                                {product} {command line}
   size_t MaxNewSize                               = 965738496                                 {product} {ergonomic}
   size_t MinHeapDeltaBytes                        = 1048576                                   {product} {ergonomic}
    uintx NonNMethodCodeHeapSize                   = 5830732                                {pd product} {ergonomic}
    uintx NonProfiledCodeHeapSize                  = 122913754                              {pd product} {ergonomic}
    uintx ProfiledCodeHeapSize                     = 122913754                              {pd product} {ergonomic}
    uintx ReservedCodeCacheSize                    = 251658240                              {pd product} {ergonomic}
     bool SegmentedCodeCache                       = true                                      {product} {ergonomic}
     bool UseCompressedClassPointers               = true                                 {lp64_product} {ergonomic}
     bool UseCompressedOops                        = true                                 {lp64_product} {ergonomic}
     bool UseG1GC                                  = true                                      {product} {ergonomic}
     bool UseLargePagesIndividualAllocation        = false                                  {pd product} {ergonomic}

Logging:
Log output configuration:
 #0: stdout all=warning uptime,level,tags
 #1: stderr all=off uptime,level,tags

Environment Variables:
JAVA_HOME=C:\Program Files\Java\jdk-18.0.2.1
PATH=C:\Program Files\Common Files\Oracle\Java\javapath;C:\WINDOWS\system32;C:\WINDOWS;C:\WINDOWS\System32\Wbem;C:\WINDOWS\System32\WindowsPowerShell\v1.0\;C:\WINDOWS\System32\OpenSSH\;C:\Program Files\Java\jdk-18.0.2.1\bin;F:\Git\cmd;C:\Users\Sultan\AppData\Local\Microsoft\WindowsApps;;C:\Program Files\JetBrains\IntelliJ IDEA Community Edition 2022.2.1\bin;;F:\Microsoft VS Code\bin
USERNAME=Sultan
OS=Windows_NT
PROCESSOR_IDENTIFIER=Intel64 Family 6 Model 142 Stepping 10, GenuineIntel



---------------  S Y S T E M  ---------------

OS: Windows 10 , 64 bit Build 19041 (10.0.19041.1889)
OS uptime: 0 days 11:01 hours

CPU:total 4 (initial active 4) (2 cores per cpu, 2 threads per core) family 6 model 142 stepping 10 microcode 0xb4, cmov, cx8, fxsr, mmx, sse, sse2, sse3, ssse3, sse4.1, sse4.2, popcnt, avx, avx2, aes, clmul, erms, 3dnowpref, lzcnt, ht, tsc, tscinvbit, bmi1, bmi2, adx, fma

Memory: 4k page, system-wide physical 8108M (481M free)
TotalPageFile size 10153M (AvailPageFile size 53M)
current process WorkingSet (physical memory assigned to process): 732M, peak: 735M
current process commit charge ("private bytes"): 857M, peak: 1098M

vm_info: OpenJDK 64-Bit Server VM (11.0.12+7-b1504.28-7817840) for windows-amd64 JRE (11.0.12+7-b1504.28-7817840), built on Oct 13 2021 22:12:33 by "builder" with MS VC++ 14.0 (VS2015)

END.
